[2026-03-23 15:30:24] Starting crawl from https://bbf.itu.edu.tr/
[2026-03-23 15:30:24] Crawler started with ID: 1774269024_22124
[2026-03-23 15:30:25] Indexed: İTÜ | Bilgisayar ve Bilişim Fakültesi (449 words, 111 links)
[2026-03-23 15:30:26] Indexed: Genel Bilgiler (283 words, 92 links)
[2026-03-23 15:30:26] Unexpected error fetching https://bbf.itu.edu.tr/arastirma/araştırma-laboratuvarları/çoklu-ortam-i-şleme-laboratuvarı: 'ascii' codec can't encode character '\u015f' in position 18: ordinal not in range(128)
[2026-03-23 15:30:28] Indexed: Bilgisayar Mühendisliği Lisansüstü (1710 words, 78 links)
[2026-03-23 15:30:29] Indexed: İTÜ | Bilgisayar ve Bilişim Fakültesi (449 words, 111 links)
[2026-03-23 15:30:29] Unexpected error fetching https://bbf.itu.edu.tr/haber-detay/2026/01/28/i-tü-2025-yılı-araştırma-kitapçığı-yayınlandı: 'ascii' codec can't encode character '\xfc' in position 31: ordinal not in range(128)
[2026-03-23 15:30:31] Indexed: Komisyonlar (262 words, 91 links)
[2026-03-23 15:30:32] Indexed: ÖYP Araştırma Görevlileri (266 words, 91 links)
[2026-03-23 15:30:34] Indexed: İTÜ | İnşaat Fakültesi (326 words, 80 links)
[2026-03-23 15:30:35] Indexed: İTÜ ÖİDB | YKS Sonuçlarına Göre Üniversitemiz Prog (513 words, 109 links)
[2026-03-23 15:30:36] Indexed: Etik Değerlerimiz (1308 words, 90 links)
[2026-03-23 15:30:37] Indexed: İTÜ BBF Lisans Programları (286 words, 91 links)
[2026-03-23 15:30:37] Unexpected error fetching https://bbf.itu.edu.tr/arastirma/araştırma-laboratuvarları: 'ascii' codec can't encode character '\u015f' in position 18: ordinal not in range(128)
[2026-03-23 15:30:39] Indexed: Ders Başarı Kriterleri (275 words, 92 links)
[2026-03-23 15:30:40] Indexed: Dersler (280 words, 92 links)
[2026-03-23 15:30:49] Indexed: İTÜ | Siber Güvenlik Mühendisliği (248 words, 25 links)
[2026-03-23 15:30:49] Unexpected error fetching https://bbf.itu.edu.tr/arastirma/araştırma-laboratuvarları/siber-güvenlik-ve-mahremiyet-laboratuvarı: 'ascii' codec can't encode character '\u015f' in position 18: ordinal not in range(128)
[2026-03-23 15:30:50] Indexed: İdari Personeller (264 words, 91 links)
[2026-03-23 15:30:51] Unexpected error fetching https://bbf.itu.edu.tr/arastirma/araştırma-merkezleri/yapay-zeka-merkezi: 'ascii' codec can't encode character '\u015f' in position 18: ordinal not in range(128)
[2026-03-23 15:30:52] Unexpected error fetching https://bbf.itu.edu.tr/arastirma/araştırma-laboratuvarları/yumuşak-sensörler-laboratuvarı: 'ascii' codec can't encode character '\u015f' in position 18: ordinal not in range(128)
[2026-03-23 15:30:54] Indexed: İTÜ Bilgisayar ve Bilişim Fakültesi Yönetim Kurulu (351 words, 91 links)
[2026-03-23 15:30:54] Indexed: İTÜ Bilgisayar ve Bilişim Fakültesi Tarihçe (733 words, 90 links)
[2026-03-23 15:30:55] Unexpected error fetching https://bbf.itu.edu.tr/haber-detay/2026/02/04/lisansüstü-ders-kayıtları-toplantısı-11-şubat-2026: 'ascii' codec can't encode character '\xfc' in position 34: ordinal not in range(128)
[2026-03-23 15:30:57] Indexed: İTÜ Bilgisayar ve Bilişim Fakültesi Araştırma Grup (334 words, 94 links)
[2026-03-23 15:30:57] Indexed: Başarılar ve Ödüller (2777 words, 106 links)
[2026-03-23 15:30:58] Indexed: İletişim (312 words, 81 links)
[2026-03-23 15:31:00] Indexed: İTÜ | Bilgisayar Mühendisliği Bölümü (442 words, 78 links)
[2026-03-23 15:31:00] Unexpected error fetching https://bbf.itu.edu.tr/arastirma/araştırma-laboratuvarları/veri-analitiği-laboratuvarı: 'ascii' codec can't encode character '\u015f' in position 18: ordinal not in range(128)
[2026-03-23 15:31:02] Error fetching https://www.linkedin.com/company/itu-bbf/: HTTP Error 999: Request denied
[2026-03-23 15:31:03] Indexed: İTÜ | Bilgisayar Mühendisliği Bölümü (442 words, 80 links)
[2026-03-23 15:31:04] Indexed: Hassas Görevler (346 words, 102 links)
[2026-03-23 15:31:05] Indexed: Eğitim (225 words, 58 links)
[2026-03-23 15:31:05] Unexpected error fetching https://bbf.itu.edu.tr/haber-detay/2026/02/16/uygulamalı-yapay-zekâ-teknik-semineri: 'ascii' codec can't encode character '\u0131' in position 37: ordinal not in range(128)
[2026-03-23 15:31:07] Indexed: İTÜ Bilişim Sistemleri Mühendisliği (SUNY) (275 words, 91 links)
[2026-03-23 15:31:07] Unexpected error fetching https://bbf.itu.edu.tr/arastirma/araştırma-laboratuvarları/mobil-teknolojiler-laboratuvarı: 'ascii' codec can't encode character '\u015f' in position 18: ordinal not in range(128)
[2026-03-23 15:31:09] Indexed: BIL Dersleri Çevrimiçi Öğretim Portalı (492 words, 16 links)
[2026-03-23 15:31:09] Unexpected error fetching https://bbf.itu.edu.tr/arastirma/araştırma-laboratuvarları/görsel-zeka-laboratuvarı: 'ascii' codec can't encode character '\u015f' in position 18: ordinal not in range(128)
[2026-03-23 15:31:12] Indexed: İTÜ | Faculty of Computer and Informatics Engineer (402 words, 93 links)
[2026-03-23 15:31:13] Indexed: Haberler (508 words, 128 links)
[2026-03-23 15:31:13] Unexpected error fetching https://bbf.itu.edu.tr/haberdetay/2025/10/16/sektör-öğrenci-buluşması: 'ascii' codec can't encode character '\xf6' in position 31: ordinal not in range(128)
[2026-03-23 15:31:15] Indexed: Aday Öğrenciler (1877 words, 108 links)
[2026-03-23 15:31:16] Indexed: İTÜ Elektronik ve Haberleşme Mühendisliği (657 words, 70 links)
[2026-03-23 15:31:17] Indexed: İş ve Staj Duyuruları (338 words, 95 links)
[2026-03-23 15:31:18] Indexed: ninova - İTÜ e-Öğrenim Merkezi (93 words, 17 links)
[2026-03-23 15:31:18] Unexpected error fetching https://bbf.itu.edu.tr/haber-detay/2025/11/14/staj-esasları-güncellenmiştir: 'ascii' codec can't encode character '\u0131' in position 40: ordinal not in range(128)
[2026-03-23 15:31:20] Indexed: İTÜ Günü Buluşması (310 words, 88 links)
[2026-03-23 15:31:20] Unexpected error fetching https://bbf.itu.edu.tr/haberdetay/2023/08/01/i-şveren-i-lgi-endeksinde-i-tü-bilgisayar-mühendisliği-1.-sırada: 'ascii' codec can't encode character '\u015f' in position 29: ordinal not in range(128)
[2026-03-23 15:31:22] Indexed: Yönetim ve İdari Görevler (652 words, 91 links)
[2026-03-23 15:31:22] Unexpected error fetching https://bbf.itu.edu.tr/arastirma/araştırma-laboratuvarları/duygusal-bilişim-laboratuvarı: 'ascii' codec can't encode character '\u015f' in position 18: ordinal not in range(128)
[2026-03-23 15:31:24] Indexed: İTÜ E-Bülten (151 words, 13 links)
[2026-03-23 15:31:24] Unexpected error fetching https://bbf.itu.edu.tr/arastirma/araştırma-laboratuvarları/yapay-zeka-sistemleri-laboratuvarı: 'ascii' codec can't encode character '\u015f' in position 18: ordinal not in range(128)
[2026-03-23 15:31:27] Indexed: Google Drive: Sign-in (31 words, 6 links)
[2026-03-23 15:31:27] Unexpected error fetching https://bbf.itu.edu.tr/haber-detay/2025/11/19/2025-2026-öğretim-yılı-birkökler-vakfı-burs-duyurusu: 'ascii' codec can't encode characters in position 38-39: ordinal not in range(128)
[2026-03-23 15:31:29] Indexed: İstanbul Teknik Üniversitesi - YouTube (28 words, 13 links)
[2026-03-23 15:31:30] Indexed: Danışma Kurulu (366 words, 90 links)
[2026-03-23 15:31:30] Unexpected error fetching https://bbf.itu.edu.tr/arastirma/araştırma-laboratuvarları/biyoinformatik-laboratuvarı: 'ascii' codec can't encode character '\u015f' in position 18: ordinal not in range(128)
[2026-03-23 15:31:31] Indexed: Mezun (268 words, 93 links)
[2026-03-23 15:31:32] Unexpected error fetching https://bbf.itu.edu.tr/arastirma/araştırma-merkezleri/yazılım-sertifikasyon-merkezi: 'ascii' codec can't encode character '\u015f' in position 18: ordinal not in range(128)
[2026-03-23 15:31:34] Indexed: Turkcell Destekli Araştırmacılar (267 words, 91 links)
[2026-03-23 15:31:34] Unexpected error fetching https://bbf.itu.edu.tr/arastirma/araştırma-laboratuvarları/kullanışlılık-laboratuvarı: 'ascii' codec can't encode character '\u015f' in position 18: ordinal not in range(128)
[2026-03-23 15:31:36] Indexed: Emeği Geçenler (331 words, 91 links)
[2026-03-23 15:31:36] Unexpected error fetching https://bbf.itu.edu.tr/arastirma/araştırma-laboratuvarları/yüksek-başarımlı-hesaplama-ve-bulut-bilişim-laboratuvarı: 'ascii' codec can't encode character '\u015f' in position 18: ordinal not in range(128)
[2026-03-23 15:31:37] Unexpected error fetching https://bbf.itu.edu.tr/ogrenciler/öğrenci-takımları: 'ascii' codec can't encode characters in position 16-17: ordinal not in range(128)
[2026-03-23 15:31:39] Indexed: İTÜ | Maslak (0 words, 0 links)
[2026-03-23 15:31:40] Indexed: Serbest Çalışma Alanları (334 words, 88 links)
[2026-03-23 15:31:41] Indexed: Faaliyet Raporu (299 words, 96 links)
[2026-03-23 15:31:41] Unexpected error fetching https://bbf.itu.edu.tr/arastirma/araştırma-laboratuvarları/sağlık-bilişimi-laboratuvarı: 'ascii' codec can't encode character '\u015f' in position 18: ordinal not in range(128)
[2026-03-23 15:31:43] Indexed: İTÜ Yapay Zeka ve Veri Mühendisliği Bölümü (3719 words, 113 links)
[2026-03-23 15:31:44] Indexed: İTÜ Uluslararası Değişim Programları Ofisi - Erasm (199 words, 38 links)
[2026-03-23 15:31:44] Unexpected error fetching https://bbf.itu.edu.tr/haberdetay/2025/07/22/tanıtım-günleri: 'ascii' codec can't encode character '\u0131' in position 30: ordinal not in range(128)
[2026-03-23 15:31:46] Indexed: #istanbultechnicaluniversity #itu #timeshighereduc (311 words, 76 links)
[2026-03-23 15:31:47] Indexed: İTÜ Bilgisayar ve Bilişim Fakültesi Öğrenciler (282 words, 91 links)
[2026-03-23 15:31:47] Unexpected error fetching https://bbf.itu.edu.tr/hakkimizda/i-ş-sağlığı-ve-güvenliği: 'ascii' codec can't encode character '\u015f' in position 18: ordinal not in range(128)
[2026-03-23 15:31:49] Indexed: İTÜ ÖİDB | Mevzuat (733 words, 131 links)
[2026-03-23 15:31:52] Indexed: İTÜ | İstanbul Teknik Üniversitesi | İTÜ 1773 (1752 words, 87 links)
[2026-03-23 15:31:53] Indexed: Öğrenci Kulüpleri (373 words, 96 links)
[2026-03-23 15:31:56] Indexed: https://twitter.com/itu1773 (28 words, 6 links)
[2026-03-23 15:31:56] Unexpected error fetching https://bbf.itu.edu.tr/haber-detay/2025/11/07/alarko-eğitim-kültür-vakfı-bursu: 'ascii' codec can't encode character '\u011f' in position 36: ordinal not in range(128)
[2026-03-23 15:31:58] Indexed: Görev Tanımları (330 words, 101 links)
[2026-03-23 15:31:58] Unexpected error fetching https://bbf.itu.edu.tr/arastirma/araştırma-merkezleri: 'ascii' codec can't encode character '\u015f' in position 18: ordinal not in range(128)
[2026-03-23 15:31:59] Unexpected error fetching https://bbf.itu.edu.tr/arastirma/araştırma-laboratuvarları/oyun-laboratuvarı: 'ascii' codec can't encode character '\u015f' in position 18: ordinal not in range(128)
[2026-03-23 15:32:02] Indexed: İTÜ BİLGİ TEKNOLOJİLERİ TEZSİZ YÜKSEK LİSANS PROGR (121 words, 32 links)
[2026-03-23 15:32:05] Indexed: İş Akışları (2032 words, 207 links)
[2026-03-23 15:32:07] Indexed: Tanıtım Videoları (273 words, 92 links)
[2026-03-23 15:32:07] Unexpected error fetching https://bbf.itu.edu.tr/egitim/lisans/siber-güvenlik-mühendisliği: 'ascii' codec can't encode character '\xfc' in position 26: ordinal not in range(128)
[2026-03-23 15:32:08] Unexpected error fetching https://bbf.itu.edu.tr/arastirma/araştırma-laboratuvarları/doğal-dil-i-şleme-laboratuvarı: 'ascii' codec can't encode character '\u015f' in position 18: ordinal not in range(128)
[2026-03-23 15:32:09] Indexed: Kurullar (270 words, 91 links)
[2026-03-23 15:32:10] Indexed: İTÜ BBF Lisansüstü Programları (281 words, 91 links)
[2026-03-23 15:32:11] Indexed: Öğretim Üyeleri (264 words, 91 links)
[2026-03-23 15:32:13] Indexed: https://twitter.com/ITU_BBF (28 words, 6 links)
[2026-03-23 15:32:17] Indexed: İstanbul Teknik Üniversitesi (@itu1773) • Instag (0 words, 0 links)
[2026-03-23 15:32:17] Unexpected error fetching https://bbf.itu.edu.tr/haber-detay/2026/02/04/lisansüstü-bilimsel-hazırlık-öğrencilerinin-ders-kayıtları-hakkında: 'ascii' codec can't encode character '\xfc' in position 34: ordinal not in range(128)
[2026-03-23 15:32:19] Indexed: Birinci "Yazılımcılar Buluşmaları Sempozyumu" Gerç (443 words, 88 links)
[2026-03-23 15:32:19] Indexed: İTÜ Bilgisayar ve Bilişim Fakültesi Tarihçe (733 words, 90 links)
[2026-03-23 15:32:22] Indexed: İTÜ Bilgisayar ve Bilişim Fakültesi | Maslak (0 words, 0 links)
[2026-03-23 15:32:23] Unexpected error fetching https://bbf.itu.edu.tr/haber-detay/2026/02/11/lisansüstü-ders-kayıtları-toplantısı-2-(20-şubat-2026): 'ascii' codec can't encode character '\xfc' in position 34: ordinal not in range(128)
[2026-03-23 15:32:25] Indexed: Fakülte Kurulu (314 words, 91 links)
[2026-03-23 15:32:25] Unexpected error fetching https://bbf.itu.edu.tr/arastirma/araştırma-laboratuvarları/bilgisayar-ağları-laboratuvarı: 'ascii' codec can't encode character '\u015f' in position 18: ordinal not in range(128)
[2026-03-23 15:32:27] Indexed: Araştırma Görevlileri (265 words, 91 links)
[2026-03-23 15:32:28] Indexed: Riskler (297 words, 95 links)
[2026-03-23 15:32:31] Indexed: İTÜ BBF (@itu.bbf) • Instagram photos and videos (0 words, 0 links)
[2026-03-23 15:32:31] Indexed: İstanbul Teknik Üniversitesi (@itu1773) • Instag (0 words, 0 links)
[2026-03-23 15:32:32] Indexed: ninova - ITU e-Learning Center (125 words, 11 links)
[2026-03-23 15:32:33] Unexpected error fetching https://bbf.itu.edu.tr/arastirma/araştırma-laboratuvarları/çoklu-ortam-i-şleme-laboratuvarı: 'ascii' codec can't encode character '\u015f' in position 18: ordinal not in range(128)
[2026-03-23 15:32:34] Unexpected error fetching https://bbf.itu.edu.tr/arastirma/araştırma-laboratuvarları/çoklu-ortam-i-şleme-laboratuvarı: 'ascii' codec can't encode character '\u015f' in position 18: ordinal not in range(128)
[2026-03-23 15:32:35] Unexpected error fetching https://ins.itu.edu.tr/haberdetay/2026/03/11/karabağ-üniversitesi-heyeti-fakültemizi-ziyaret-etti: 'ascii' codec can't encode character '\u011f' in position 33: ordinal not in range(128)
[2026-03-23 15:32:37] Indexed: İTÜ Beden Eğitimi Bölümü (471 words, 60 links)
[2026-03-23 15:32:37] Unexpected error fetching https://bbf.itu.edu.tr/arastirma/araştırma-laboratuvarları/çoklu-ortam-i-şleme-laboratuvarı: 'ascii' codec can't encode character '\u015f' in position 18: ordinal not in range(128)
[2026-03-23 15:32:38] Unexpected error fetching https://siberguvenlik.itu.edu.tr/haber-detay/2025/07/25/i-tü-siber-güvenlik-bölümü-açıldı!: 'ascii' codec can't encode character '\xfc' in position 31: ordinal not in range(128)
[2026-03-23 15:32:39] Unexpected error fetching https://bbf.itu.edu.tr/arastirma/araştırma-laboratuvarları/çoklu-ortam-i-şleme-laboratuvarı: 'ascii' codec can't encode character '\u015f' in position 18: ordinal not in range(128)
[2026-03-23 15:32:40] Unexpected error fetching https://bbf.itu.edu.tr/arastirma/araştırma-laboratuvarları/çoklu-ortam-i-şleme-laboratuvarı: 'ascii' codec can't encode character '\u015f' in position 18: ordinal not in range(128)
[2026-03-23 15:32:41] Unexpected error fetching https://bbf.itu.edu.tr/arastirma/araştırma-laboratuvarları: 'ascii' codec can't encode character '\u015f' in position 18: ordinal not in range(128)
[2026-03-23 15:32:43] Error fetching https://bbf.itu.edu.tr/en/research/learning-from-data-research-laboratory: HTTP Error 404: Not Found
[2026-03-23 15:32:43] Unexpected error fetching https://bbf.itu.edu.tr/arastirma/araştırma-laboratuvarları/çoklu-ortam-i-şleme-laboratuvarı: 'ascii' codec can't encode character '\u015f' in position 18: ordinal not in range(128)
[2026-03-23 15:32:45] Indexed: İTÜ | Faculty of Computer and Informatics Engineer (351 words, 70 links)
[2026-03-23 15:32:46] Error fetching https://bbf.itu.edu.tr/egitim/lisans/en/home: HTTP Error 404: Not Found
[2026-03-23 15:32:46] Unexpected error fetching https://bbf.itu.edu.tr/haberdetay/2026/02/04/lisansüstü-ders-kayıtları-toplantısı-11-şubat-2026: 'ascii' codec can't encode character '\xfc' in position 33: ordinal not in range(128)
[2026-03-23 15:32:48] Indexed: Mezuniyet Töreni (158 words, 56 links)
[2026-03-23 15:32:49] Error fetching https://bbf.itu.edu.tr/ogrenciler/aday-ogrenciler/oryantasyon-programi: HTTP Error 404: Not Found
[2026-03-23 15:32:49] Unexpected error fetching https://bbf.itu.edu.tr/arastirma/araştırma-laboratuvarları/çoklu-ortam-i-şleme-laboratuvarı: 'ascii' codec can't encode character '\u015f' in position 18: ordinal not in range(128)
[2026-03-23 15:32:51] Error fetching http://moodle.org/: HTTP Error 403: Forbidden
[2026-03-23 15:32:53] Indexed: BIL Dersleri Çevrimiçi Öğretim Portalı: Log in to  (57 words, 3 links)
[2026-03-23 15:32:53] Indexed: Student Clubs (304 words, 84 links)
[2026-03-23 15:32:54] Indexed: Mobile Technologies Lab (339 words, 79 links)
[2026-03-23 15:32:55] Unexpected error fetching https://bbf.itu.edu.tr/haber-detay/2025/10/10/2025-2026-güz-dönemi-fakülte-açılış-töreni-gerçekleştirildi: 'ascii' codec can't encode character '\xfc' in position 39: ordinal not in range(128)
[2026-03-23 15:32:56] Indexed: İletişim (312 words, 81 links)
[2026-03-23 15:32:58] Indexed: Uydu Haberleşmesi ve Uzaktan Algılama Programı (303 words, 65 links)
[2026-03-23 15:32:58] Error fetching https://bbf.itu.edu.tr/tr/dersler/bilgisayar-bilisim-fakultesi/: HTTP Error 404: Not Found
[2026-03-23 15:32:59] Unexpected error fetching https://bbf.itu.edu.tr/arastirma/araştırma-laboratuvarları/çoklu-ortam-i-şleme-laboratuvarı: 'ascii' codec can't encode character '\u015f' in position 18: ordinal not in range(128)
[2026-03-23 15:33:00] Unexpected error fetching https://bbf.itu.edu.tr/arastirma/araştırma-laboratuvarları: 'ascii' codec can't encode character '\u015f' in position 18: ordinal not in range(128)
[2026-03-23 15:33:01] Unexpected error fetching https://bbf.itu.edu.tr/arastirma/araştırma-laboratuvarları/çoklu-ortam-i-şleme-laboratuvarı: 'ascii' codec can't encode character '\u015f' in position 18: ordinal not in range(128)
[2026-03-23 15:33:02] Indexed: 2024 Highlights | Seminars & Conferences (518 words, 80 links)
[2026-03-23 15:33:03] Indexed: 2024 Highlights | Projects (645 words, 81 links)
[2026-03-23 15:33:05] Indexed: Sign in on a device that's not yours - Computer -  (701 words, 42 links)
[2026-03-23 15:33:05] Error fetching https://bbf.itu.edu.tr/lifecycle/flows/signup?continue=https://drive.google.com/drive/folders/1UV9eyMbIXyZrAEVxGXWfBLBvsDyEwpTl&dsh=S-1656958786:1774269086956911&flowEntry=SignUp&flowName=GlifWebSignIn&followup=https://drive.google.com/drive/folders/1UV9eyMbIXyZrAEVxGXWfBLBvsDyEwpTl&ifkv=AT1y2_W3yN98FChSjNW4L1IzV8NkjKZpHglifORLF-gpBbEqdpTmLPcwJXFlkET1YALWt3WCMUb1&osid=1&service=wise: HTTP Error 404: Not Found
[2026-03-23 15:33:06] Indexed: Bize Ulaşın (373 words, 19 links)
[2026-03-23 15:33:07] Indexed: Online Video Reklam Kampanyaları - YouTube Reklaml (1028 words, 56 links)
[2026-03-23 15:33:15] Indexed: Alumni (203 words, 81 links)
[2026-03-23 15:33:15] Unexpected error fetching https://bbf.itu.edu.tr/arastirma/araştırma-laboratuvarları/çoklu-ortam-i-şleme-laboratuvarı: 'ascii' codec can't encode character '\u015f' in position 18: ordinal not in range(128)
[2026-03-23 15:33:16] Unexpected error fetching https://bbf.itu.edu.tr/arastirma/araştırma-laboratuvarları/çoklu-ortam-i-şleme-laboratuvarı: 'ascii' codec can't encode character '\u015f' in position 18: ordinal not in range(128)
[2026-03-23 15:33:17] Unexpected error fetching https://bbf.itu.edu.tr/arastirma/araştırma-laboratuvarları/çoklu-ortam-i-şleme-laboratuvarı: 'ascii' codec can't encode character '\u015f' in position 18: ordinal not in range(128)
[2026-03-23 15:33:18] Unexpected error fetching https://bbf.itu.edu.tr/arastirma/araştırma-laboratuvarları: 'ascii' codec can't encode character '\u015f' in position 18: ordinal not in range(128)
[2026-03-23 15:33:19] Unexpected error fetching https://bbf.itu.edu.tr/arastirma/araştırma-laboratuvarları/siber-güvenlik-ve-mahremiyet-laboratuvarı: 'ascii' codec can't encode character '\u015f' in position 18: ordinal not in range(128)
[2026-03-23 15:33:20] Unexpected error fetching https://bbf.itu.edu.tr/arastirma/araştırma-merkezleri/yapay-zeka-merkezi: 'ascii' codec can't encode character '\u015f' in position 18: ordinal not in range(128)
[2026-03-23 15:33:23] Indexed: İTÜ Yapay Zeka ve Veri Mühendisliği Hakkında Görüş (28 words, 13 links)
[2026-03-23 15:33:23] Error fetching https://bbf.itu.edu.tr/staj-hareketliligi: HTTP Error 404: Not Found
[2026-03-23 15:33:25] Indexed: Top Corporate Social Responsibility Content from L (4038 words, 307 links)
[2026-03-23 15:33:26] Indexed: LinkedIn Login, Sign in | LinkedIn (180 words, 12 links)
[2026-03-23 15:33:26] Indexed: İTÜ ÖBS | Ders Programları (439 words, 83 links)
[2026-03-23 15:33:27] Unexpected error fetching https://www.itu.edu.tr/eğitim: 'ascii' codec can't encode character '\u011f' in position 6: ordinal not in range(128)
[2026-03-23 15:33:29] Error fetching https://support.x.com/articles/20170514: HTTP Error 403: Forbidden
[2026-03-23 15:33:29] Unexpected error fetching https://bbf.itu.edu.tr/arastirma/araştırma-laboratuvarları/çoklu-ortam-i-şleme-laboratuvarı: 'ascii' codec can't encode character '\u015f' in position 18: ordinal not in range(128)
[2026-03-23 15:33:30] Indexed: İTÜ E-Posta (0 words, 0 links)
[2026-03-23 15:33:31] Indexed: İTÜ | İstanbul Teknik Üniversitesi | İTÜ 1773 (1752 words, 87 links)
[2026-03-23 15:33:32] Error fetching http://www.ee.itu.edu.tr/: <urlopen error [SSL: CERTIFICATE_VERIFY_FAILED] certificate verify failed: unable to get local issuer certificate (_ssl.c:1077)>
[2026-03-23 15:33:34] Unexpected error fetching https://bbf.itu.edu.tr/arastirma/araştırma-laboratuvarları/çoklu-ortam-i-şleme-laboratuvarı: 'ascii' codec can't encode character '\u015f' in position 18: ordinal not in range(128)
[2026-03-23 15:33:35] Unexpected error fetching https://bbf.itu.edu.tr/arastirma/araştırma-laboratuvarları: 'ascii' codec can't encode character '\u015f' in position 18: ordinal not in range(128)
[2026-03-23 15:33:36] Error fetching https://support.x.com/articles/20170514: HTTP Error 403: Forbidden
[2026-03-23 15:33:37] Unexpected error fetching https://bbf.itu.edu.tr/arastirma/araştırma-laboratuvarları/çoklu-ortam-i-şleme-laboratuvarı: 'ascii' codec can't encode character '\u015f' in position 18: ordinal not in range(128)
[2026-03-23 15:33:38] Unexpected error fetching https://bbf.itu.edu.tr/arastirma/araştırma-laboratuvarları: 'ascii' codec can't encode character '\u015f' in position 18: ordinal not in range(128)
[2026-03-23 15:33:39] Unexpected error fetching https://bbf.itu.edu.tr/arastirma/araştırma-laboratuvarları/siber-güvenlik-ve-mahremiyet-laboratuvarı: 'ascii' codec can't encode character '\u015f' in position 18: ordinal not in range(128)
[2026-03-23 15:33:40] Unexpected error fetching https://bbf.itu.edu.tr/arastirma/araştırma-laboratuvarları/çoklu-ortam-i-şleme-laboratuvarı: 'ascii' codec can't encode character '\u015f' in position 18: ordinal not in range(128)
[2026-03-23 15:33:41] Unexpected error fetching https://bbf.itu.edu.tr/arastirma/araştırma-laboratuvarları: 'ascii' codec can't encode character '\u015f' in position 18: ordinal not in range(128)
[2026-03-23 15:33:42] Unexpected error fetching https://bbf.itu.edu.tr/arastirma/araştırma-laboratuvarları/çoklu-ortam-i-şleme-laboratuvarı: 'ascii' codec can't encode character '\u015f' in position 18: ordinal not in range(128)
[2026-03-23 15:33:42] Completed: queue empty
[2026-03-23 15:33:42] Crawl finished. Stats: {'urls_visited': 89, 'urls_indexed': 83, 'words_indexed': 21385, 'errors': 75, 'start_time': '2026-03-23 15:30:24', 'end_time': '2026-03-23 15:33:42'}
