[2026-03-24 09:39:30] Starting crawl from https://books.toscrape.com with 20 worker(s)
[2026-03-24 09:39:30] Crawler started with ID: 1774334370_13824
[2026-03-24 09:39:31] Indexed: All products | Books to Scrape - Sandbox (310 words, 73 links)
[2026-03-24 09:39:32] Indexed: Tipping the Velvet | Books to Scrape - Sandbox (251 words, 4 links)
[2026-03-24 09:39:32] Indexed: Short Stories | 
     Books to Scrape - Sandbox (110 words, 53 links)
[2026-03-24 09:39:32] Indexed: The Black Maria | Books to Scrape - Sandbox (589 words, 9 links)
[2026-03-24 09:39:32] Indexed: Religion | 
     Books to Scrape - Sandbox (173 words, 59 links)
[2026-03-24 09:39:32] Indexed: Philosophy | 
     Books to Scrape - Sandbox (212 words, 63 links)
[2026-03-24 09:39:32] Indexed: Sapiens: A Brief History of Humankind | Books to S (422 words, 7 links)
[2026-03-24 09:39:32] Indexed: History | 
     Books to Scrape - Sandbox (293 words, 70 links)
[2026-03-24 09:39:32] Indexed: Business | 
     Books to Scrape - Sandbox (228 words, 64 links)
[2026-03-24 09:39:32] Indexed: Books | 
     Books to Scrape - Sandbox (308 words, 73 links)
[2026-03-24 09:39:32] Indexed: Christian Fiction | 
     Books to Scrape - Sandbo (163 words, 58 links)
[2026-03-24 09:39:32] Indexed: The Coming Woman: A Novel Based on the Life of the (719 words, 9 links)
[2026-03-24 09:39:32] Indexed: Spirituality | 
     Books to Scrape - Sandbox (162 words, 58 links)
[2026-03-24 09:39:32] Indexed: Fantasy | 
     Books to Scrape - Sandbox (320 words, 73 links)
[2026-03-24 09:39:32] Indexed: Olio | Books to Scrape - Sandbox (381 words, 9 links)
[2026-03-24 09:39:32] Indexed: Art | 
     Books to Scrape - Sandbox (183 words, 60 links)
[2026-03-24 09:39:32] Indexed: Womens Fiction | 
     Books to Scrape - Sandbox (274 words, 69 links)
[2026-03-24 09:39:32] Indexed: Scott Pilgrim's Precious Little Life (Scott Pilgri (291 words, 9 links)
[2026-03-24 09:39:32] Indexed: Travel | 
     Books to Scrape - Sandbox (218 words, 63 links)
[2026-03-24 09:39:32] Indexed: Science Fiction | 
     Books to Scrape - Sandbox (265 words, 68 links)
[2026-03-24 09:39:32] Indexed: Set Me Free | Books to Scrape - Sandbox (267 words, 9 links)
[2026-03-24 09:39:32] Indexed: Biography | 
     Books to Scrape - Sandbox (154 words, 57 links)
[2026-03-24 09:39:33] Indexed: It's Only the Himalayas | Books to Scrape - Sandbo (356 words, 9 links)
[2026-03-24 09:39:33] Indexed: Nonfiction | 
     Books to Scrape - Sandbox (326 words, 73 links)
[2026-03-24 09:39:33] Indexed: Novels | 
     Books to Scrape - Sandbox (110 words, 53 links)
[2026-03-24 09:39:33] Indexed: Libertarianism for Beginners | Books to Scrape - S (331 words, 9 links)
[2026-03-24 09:39:33] Indexed: Christian | 
     Books to Scrape - Sandbox (133 words, 55 links)
[2026-03-24 09:39:33] Indexed: Sports and Games | 
     Books to Scrape - Sandbox (156 words, 57 links)
[2026-03-24 09:39:33] Indexed: Sequential Art | 
     Books to Scrape - Sandbox (306 words, 73 links)
[2026-03-24 09:39:33] Indexed: Childrens | 
     Books to Scrape - Sandbox (310 words, 73 links)
[2026-03-24 09:39:33] Indexed: Soumission | Books to Scrape - Sandbox (259 words, 5 links)
[2026-03-24 09:39:33] Indexed: The Requiem Red | Books to Scrape - Sandbox (294 words, 8 links)
[2026-03-24 09:39:33] Indexed: Contemporary | 
     Books to Scrape - Sandbox (131 words, 55 links)
[2026-03-24 09:39:33] Indexed: Romance | 
     Books to Scrape - Sandbox (319 words, 73 links)
[2026-03-24 09:39:33] Indexed: Crime | 
     Books to Scrape - Sandbox (110 words, 53 links)
[2026-03-24 09:39:33] Indexed: Fiction | 
     Books to Scrape - Sandbox (311 words, 73 links)
[2026-03-24 09:39:33] Indexed: Academic | 
     Books to Scrape - Sandbox (110 words, 53 links)
[2026-03-24 09:39:33] Indexed: Mystery | 
     Books to Scrape - Sandbox (315 words, 73 links)
[2026-03-24 09:39:33] Indexed: Politics | 
     Books to Scrape - Sandbox (131 words, 55 links)
[2026-03-24 09:39:33] Indexed: Historical | 
     Books to Scrape - Sandbox (121 words, 54 links)
[2026-03-24 09:39:33] Indexed: Young Adult | 
     Books to Scrape - Sandbox (313 words, 73 links)
[2026-03-24 09:39:33] Indexed: Adult Fiction | 
     Books to Scrape - Sandbox (112 words, 53 links)
[2026-03-24 09:39:33] Indexed: Sharp Objects | Books to Scrape - Sandbox (375 words, 6 links)
[2026-03-24 09:39:33] Indexed: Humor | 
     Books to Scrape - Sandbox (203 words, 62 links)
[2026-03-24 09:39:33] Indexed: Health | 
     Books to Scrape - Sandbox (144 words, 56 links)
[2026-03-24 09:39:33] Indexed: Historical Fiction | 
     Books to Scrape - Sandb (316 words, 73 links)
[2026-03-24 09:39:33] Indexed: Science | 
     Books to Scrape - Sandbox (252 words, 66 links)
[2026-03-24 09:39:34] Indexed: Paranormal | 
     Books to Scrape - Sandbox (109 words, 53 links)
[2026-03-24 09:39:34] Indexed: All products | Books to Scrape - Sandbox (317 words, 74 links)
[2026-03-24 09:39:34] Indexed: New Adult | 
     Books to Scrape - Sandbox (162 words, 58 links)
[2026-03-24 09:39:34] Indexed: Mesaerion: The Best Science Fiction Stories 1800-1 (432 words, 9 links)
[2026-03-24 09:39:34] Indexed: Classics | 
     Books to Scrape - Sandbox (290 words, 71 links)
[2026-03-24 09:39:34] Indexed: Self Help | 
     Books to Scrape - Sandbox (155 words, 57 links)
[2026-03-24 09:39:34] Indexed: Add a comment | 
     Books to Scrape - Sandbox (312 words, 73 links)
[2026-03-24 09:39:34] Indexed: The Boys in the Boat: Nine Americans and Their Epi (498 words, 9 links)
[2026-03-24 09:39:34] Indexed: Parenting | 
     Books to Scrape - Sandbox (110 words, 53 links)
[2026-03-24 09:39:34] Indexed: Default | 
     Books to Scrape - Sandbox (313 words, 73 links)
[2026-03-24 09:39:34] Indexed: Food and Drink | 
     Books to Scrape - Sandbox (325 words, 73 links)
[2026-03-24 09:39:34] Indexed: Cultural | 
     Books to Scrape - Sandbox (109 words, 53 links)
[2026-03-24 09:39:34] Indexed: Horror | 
     Books to Scrape - Sandbox (264 words, 69 links)
[2026-03-24 09:39:34] Indexed: Erotica | 
     Books to Scrape - Sandbox (108 words, 53 links)
[2026-03-24 09:39:34] Indexed: Suspense | 
     Books to Scrape - Sandbox (110 words, 53 links)
[2026-03-24 09:39:34] Indexed: Music | 
     Books to Scrape - Sandbox (236 words, 65 links)
[2026-03-24 09:39:34] Indexed: Shakespeare's Sonnets | Books to Scrape - Sandbox (279 words, 9 links)
[2026-03-24 09:39:34] Indexed: Psychology | 
     Books to Scrape - Sandbox (174 words, 59 links)
[2026-03-24 09:39:34] Indexed: Poetry | 
     Books to Scrape - Sandbox (294 words, 71 links)
[2026-03-24 09:39:34] Indexed: A Light in the Attic | Books to Scrape - Sandbox (240 words, 3 links)
[2026-03-24 09:39:34] Indexed: Our Band Could Be Your Life: Scenes from the Ameri (330 words, 9 links)
[2026-03-24 09:39:34] Indexed: The Dirty Little Secrets of Getting Your Dream Job (438 words, 9 links)
[2026-03-24 09:39:34] Indexed: Autobiography | 
     Books to Scrape - Sandbox (186 words, 61 links)
[2026-03-24 09:39:34] Indexed: Thriller | 
     Books to Scrape - Sandbox (213 words, 63 links)
[2026-03-24 09:39:34] Indexed: Starving Hearts (Triangular Trade Trilogy, #1) | B (333 words, 9 links)
[2026-03-24 09:39:34] Indexed: The Grownup | Books to Scrape - Sandbox (326 words, 9 links)
[2026-03-24 09:39:34] Indexed: Rip it Up and Start Again | Books to Scrape - Sand (292 words, 9 links)
[2026-03-24 09:39:34] Indexed: A History of God: The 4,000-Year Quest of Judaism, (327 words, 9 links)
[2026-03-24 09:39:34] Indexed: You Are What You Love: The Spiritual Power of Habi (452 words, 9 links)
[2026-03-24 09:39:34] Indexed: Choosing Our Religion: The Spiritual Lives of Amer (472 words, 9 links)
[2026-03-24 09:39:34] Indexed: Don't Be a Jerk: And Other Practical Advice from D (400 words, 9 links)
[2026-03-24 09:39:35] Indexed: All products | Books to Scrape - Sandbox (310 words, 73 links)
[2026-03-24 09:39:35] Indexed: The Nicomachean Ethics | Books to Scrape - Sandbox (357 words, 9 links)
[2026-03-24 09:39:35] Indexed: God: The Most Unpleasant Character in All Fiction  (321 words, 9 links)
[2026-03-24 09:39:35] Indexed: The Book of Mormon | Books to Scrape - Sandbox (690 words, 9 links)
[2026-03-24 09:39:35] Indexed: The Bhagavad Gita | Books to Scrape - Sandbox (297 words, 9 links)
[2026-03-24 09:39:35] Indexed: Run, Spot, Run: The Ethics of Keeping Pets | Books (476 words, 9 links)
[2026-03-24 09:39:35] Indexed: Beyond Good and Evil | Books to Scrape - Sandbox (418 words, 9 links)
[2026-03-24 09:39:35] Indexed: The Stranger | Books to Scrape - Sandbox (185 words, 9 links)
[2026-03-24 09:39:35] Indexed: At The Existentialist Café: Freedom, Being, and ap (475 words, 9 links)
[2026-03-24 09:39:35] Indexed: Kierkegaard: A Christian Missionary to Christians  (348 words, 9 links)
[2026-03-24 09:39:35] Indexed: Critique of Pure Reason | Books to Scrape - Sandbo (337 words, 9 links)
[2026-03-24 09:39:35] Indexed: The Death of Humanity: and the Case for Life | Boo (293 words, 9 links)
[2026-03-24 09:39:35] Indexed: Meditations | Books to Scrape - Sandbox (319 words, 9 links)
[2026-03-24 09:39:35] Indexed: Sophie's World | Books to Scrape - Sandbox (352 words, 9 links)
[2026-03-24 09:39:35] Indexed: Proofs of God: Classical Arguments from Tertullian (285 words, 9 links)
[2026-03-24 09:39:35] Indexed: Zealot: The Life and Times of Jesus of Nazareth |  (578 words, 9 links)
[2026-03-24 09:39:35] Indexed: The Guns of August | Books to Scrape - Sandbox (289 words, 9 links)
[2026-03-24 09:39:35] Indexed: House of Lost Worlds: Dinosaurs, Dynasties, and th (403 words, 9 links)
[2026-03-24 09:39:35] Indexed: "Most Blessed of the Patriarchs": Thomas Jefferson (616 words, 9 links)
[2026-03-24 09:39:35] Indexed: Brilliant Beacons: A History of the American Light (559 words, 9 links)
[2026-03-24 09:39:35] Indexed: The Mathews Men: Seven Brothers and the War Agains (696 words, 9 links)
[2026-03-24 09:39:35] Indexed: Thomas Jefferson and the Tripoli Pirates: The Forg (539 words, 9 links)
[2026-03-24 09:39:35] Indexed: A Short History of Nearly Everything | Books to Sc (357 words, 9 links)
[2026-03-24 09:39:35] Indexed: The Age of Genius: The Seventeenth Century and the (406 words, 9 links)
[2026-03-24 09:39:35] Indexed: Political Suicide: Missteps, Peccadilloes, Bad Cal (401 words, 9 links)
[2026-03-24 09:39:35] Indexed: A Distant Mirror: The Calamitous 14th Century | Bo (354 words, 9 links)
[2026-03-24 09:39:35] Indexed: America's War for the Greater Middle East: A Milit (768 words, 9 links)
[2026-03-24 09:39:35] Indexed: Catherine the Great: Portrait of a Woman | Books t (506 words, 9 links)
[2026-03-24 09:39:35] Indexed: The Rise and Fall of the Third Reich: A History of (384 words, 9 links)
[2026-03-24 09:39:35] Indexed: Unbound: How Eight Technologies Made Us Human, Tra (466 words, 9 links)
[2026-03-24 09:39:35] Indexed: The Hiding Place | Books to Scrape - Sandbox (347 words, 9 links)
[2026-03-24 09:39:36] Indexed: The Third Wave: An Entrepreneur’s Vision of the Fu (621 words, 9 links)
[2026-03-24 09:39:36] Indexed: 1491: New Revelations of the Americas Before Colum (353 words, 9 links)
[2026-03-24 09:39:36] Indexed: Rich Dad, Poor Dad | Books to Scrape - Sandbox (286 words, 9 links)
[2026-03-24 09:39:36] Indexed: Quench Your Own Thirst: Business Lessons Learned O (458 words, 9 links)
[2026-03-24 09:39:36] Indexed: The Art of Startup Fundraising | Books to Scrape - (1254 words, 9 links)
[2026-03-24 09:39:36] Indexed: The 10% Entrepreneur: Live Your Startup Dream With (541 words, 9 links)
[2026-03-24 09:39:36] Indexed: Born for This: How to Find the Work You Were Meant (586 words, 9 links)
[2026-03-24 09:39:36] Indexed: Made to Stick: Why Some Ideas Survive and Others D (464 words, 9 links)
[2026-03-24 09:39:36] Indexed: The Lean Startup: How Today's Entrepreneurs Use Co (438 words, 9 links)
[2026-03-24 09:39:36] Indexed: The E-Myth Revisited: Why Most Small Businesses Do (397 words, 9 links)
[2026-03-24 09:39:36] Indexed: Shoe Dog: A Memoir by the Creator of NIKE | Books  (479 words, 9 links)
[2026-03-24 09:39:36] Indexed: Rework | Books to Scrape - Sandbox (417 words, 9 links)
[2026-03-24 09:39:36] Indexed: Redeeming Love | Books to Scrape - Sandbox (368 words, 9 links)
[2026-03-24 09:39:36] Indexed: If I Run (If I Run #1) | Books to Scrape - Sandbox (381 words, 9 links)
[2026-03-24 09:39:36] Indexed: Books | 
     Books to Scrape - Sandbox (315 words, 74 links)
[2026-03-24 09:39:36] Indexed: Like Never Before (Walker Family #2) | Books to Sc (383 words, 9 links)
[2026-03-24 09:39:36] Indexed: Counted With the Stars (Out from Egypt #1) | Books (325 words, 9 links)
[2026-03-24 09:39:36] Indexed: Shadows of the Past (Logan Point #1) | Books to Sc (330 words, 9 links)
[2026-03-24 09:39:36] Indexed: Close to You | Books to Scrape - Sandbox (522 words, 9 links)
[2026-03-24 09:39:36] Indexed: Unreasonable Hope: Finding Faith in the God Who Br (364 words, 9 links)
[2026-03-24 09:39:36] Indexed: The Four Agreements: A Practical Guide to Personal (282 words, 9 links)
[2026-03-24 09:39:36] Indexed: If I Gave You God's Phone Number....: Searching fo (761 words, 9 links)
[2026-03-24 09:39:36] Indexed: The Activist's Tao Te Ching: Ancient Advice for a  (372 words, 9 links)
[2026-03-24 09:39:36] Indexed: Chasing Heaven: What Dying Taught Me About Living  (483 words, 9 links)
[2026-03-24 09:39:36] Indexed: A New Earth: Awakening to Your Life's Purpose | Bo (377 words, 9 links)
[2026-03-24 09:39:36] Indexed: Throne of Glass (Throne of Glass #1) | Books to Sc (406 words, 9 links)
[2026-03-24 09:39:36] Indexed: Crown of Midnight (Throne of Glass #2) | Books to  (407 words, 9 links)
[2026-03-24 09:39:36] Indexed: The Star-Touched Queen | Books to Scrape - Sandbox (409 words, 9 links)
[2026-03-24 09:39:36] Indexed: The Bane Chronicles (The Bane Chronicles #1-11) |  (334 words, 9 links)
[2026-03-24 09:39:36] Indexed: Saga, Volume 6 (Saga (Collected Editions) #6) | Bo (180 words, 9 links)
[2026-03-24 09:39:37] Indexed: Princess Between Worlds (Wide-Awake Princess #5) | (195 words, 9 links)
[2026-03-24 09:39:37] Indexed: The Glittering Court (The Glittering Court #1) | B (433 words, 9 links)
[2026-03-24 09:39:37] Indexed: Island of Dragons (Unwanteds #7) | Books to Scrape (332 words, 9 links)
[2026-03-24 09:39:37] Indexed: Fantasy | 
     Books to Scrape - Sandbox (315 words, 74 links)
[2026-03-24 09:39:37] Indexed: Demigods & Magicians: Percy and Annabeth Meet the  (329 words, 9 links)
[2026-03-24 09:39:37] Indexed: The Hidden Oracle (The Trials of Apollo #1) | Book (325 words, 9 links)
[2026-03-24 09:39:37] Indexed: King's Folly (The Kinsman Chronicles #1) | Books t (311 words, 9 links)
[2026-03-24 09:39:37] Indexed: The Star-Touched Queen | Books to Scrape - Sandbox (385 words, 9 links)
[2026-03-24 09:39:37] Indexed: Unicorn Tracks | Books to Scrape - Sandbox (327 words, 9 links)
[2026-03-24 09:39:37] Indexed: City of Glass (The Mortal Instruments #3) | Books  (410 words, 9 links)
[2026-03-24 09:39:37] Indexed: A Court of Thorns and Roses (A Court of Thorns and (370 words, 9 links)
[2026-03-24 09:39:37] Indexed: A Shard of Ice (The Black Symphony Saga #1) | Book (516 words, 9 links)
[2026-03-24 09:39:37] Indexed: Masks and Shadows | Books to Scrape - Sandbox (330 words, 9 links)
[2026-03-24 09:39:37] Indexed: Searching for Meaning in Gailana | Books to Scrape (463 words, 9 links)
[2026-03-24 09:39:37] Indexed: Avatar: The Last Airbender: Smoke and Shadow, Part (351 words, 9 links)
[2026-03-24 09:39:37] Indexed: Hollow City (Miss Peregrine’s Peculiar Children #2 (320 words, 9 links)
[2026-03-24 09:39:37] Indexed: Feathers: Displays of Brilliant Plumage | Books to (262 words, 9 links)
[2026-03-24 09:39:37] Indexed: Art and Fear: Observations on the Perils (and Rewa (573 words, 9 links)
[2026-03-24 09:39:37] Indexed: The New Drawing on the Right Side of the Brain | B (352 words, 9 links)
[2026-03-24 09:39:37] Indexed: History of Beauty | Books to Scrape - Sandbox (308 words, 9 links)
[2026-03-24 09:39:37] Indexed: The Story of Art | Books to Scrape - Sandbox (304 words, 9 links)
[2026-03-24 09:39:37] Indexed: Wall and Piece | Books to Scrape - Sandbox (269 words, 9 links)
[2026-03-24 09:39:37] Indexed: Ways of Seeing | Books to Scrape - Sandbox (396 words, 9 links)
[2026-03-24 09:39:37] Indexed: The Art Book | Books to Scrape - Sandbox (299 words, 9 links)
[2026-03-24 09:39:37] Indexed: The Edge of Reason (Bridget Jones #2) | Books to S (366 words, 9 links)
[2026-03-24 09:39:37] Indexed: The Devil Wears Prada (The Devil Wears Prada #1) | (508 words, 9 links)
[2026-03-24 09:39:37] Indexed: Can You Keep a Secret? | Books to Scrape - Sandbox (313 words, 9 links)
[2026-03-24 09:39:38] Indexed: Keep Me Posted | Books to Scrape - Sandbox (416 words, 9 links)
[2026-03-24 09:39:38] Indexed: The Undomestic Goddess | Books to Scrape - Sandbox (331 words, 9 links)
[2026-03-24 09:39:38] Indexed: Grey (Fifty Shades #4) | Books to Scrape - Sandbox (379 words, 9 links)
[2026-03-24 09:39:38] Indexed: Something Blue (Darcy & Rachel #2) | Books to Scra (315 words, 9 links)
[2026-03-24 09:39:38] Indexed: Something Borrowed (Darcy & Rachel #1) | Books to  (341 words, 9 links)
[2026-03-24 09:39:38] Indexed: Shopaholic Ties the Knot (Shopaholic #3) | Books t (348 words, 9 links)
[2026-03-24 09:39:38] Indexed: I've Got Your Number | Books to Scrape - Sandbox (421 words, 9 links)
[2026-03-24 09:39:38] Indexed: I Had a Nice Time And Other Lies...: How to find l (449 words, 9 links)
[2026-03-24 09:39:38] Indexed: Some Women | Books to Scrape - Sandbox (393 words, 9 links)
[2026-03-24 09:39:38] Indexed: Will You Won't You Want Me? | Books to Scrape - Sa (341 words, 9 links)
[2026-03-24 09:39:38] Indexed: Twenties Girl | Books to Scrape - Sandbox (356 words, 9 links)
[2026-03-24 09:39:38] Indexed: Meternity | Books to Scrape - Sandbox (436 words, 9 links)
[2026-03-24 09:39:38] Indexed: The Nanny Diaries (Nanny #1) | Books to Scrape - S (414 words, 9 links)
[2026-03-24 09:39:38] Indexed: Bridget Jones's Diary (Bridget Jones #1) | Books t (383 words, 9 links)
[2026-03-24 09:39:38] Indexed: A Year in Provence (Provence #1) | Books to Scrape (310 words, 9 links)
[2026-03-24 09:39:38] Indexed: The Road to Little Dribbling: Adventures of an Ame (346 words, 9 links)
[2026-03-24 09:39:38] Indexed: Neither Here nor There: Travels in Europe | Books  (354 words, 9 links)
[2026-03-24 09:39:38] Indexed: 1,000 Places to See Before You Die | Books to Scra (413 words, 9 links)
[2026-03-24 09:39:38] Indexed: Full Moon over Noah’s Ark: An Odyssey to Mount Ara (441 words, 9 links)
[2026-03-24 09:39:38] Indexed: Under the Tuscan Sun | Books to Scrape - Sandbox (304 words, 9 links)
[2026-03-24 09:39:38] Indexed: See America: A Celebration of Our National Parks & (293 words, 9 links)
[2026-03-24 09:39:38] Indexed: A Summer In Europe | Books to Scrape - Sandbox (453 words, 9 links)
[2026-03-24 09:39:38] Indexed: Vagabonding: An Uncommon Guide to the Art of Long- (478 words, 9 links)
[2026-03-24 09:39:38] Indexed: The Great Railway Bazaar | Books to Scrape - Sandb (307 words, 9 links)
[2026-03-24 09:39:38] Indexed: Do Androids Dream of Electric Sheep? (Blade Runner (324 words, 9 links)
[2026-03-24 09:39:38] Indexed: Sleeping Giants (Themis Files #1) | Books to Scrap (420 words, 9 links)
[2026-03-24 09:39:38] Indexed: Join | Books to Scrape - Sandbox (416 words, 9 links)
[2026-03-24 09:39:38] Indexed: Soft Apocalypse | Books to Scrape - Sandbox (387 words, 9 links)
[2026-03-24 09:39:38] Indexed: William Shakespeare's Star Wars: Verily, A New Hop (332 words, 9 links)
[2026-03-24 09:39:38] Indexed: Dune (Dune #1) | Books to Scrape - Sandbox (331 words, 9 links)
[2026-03-24 09:39:38] Indexed: Foundation (Foundation (Publication Order) #1) | B (327 words, 9 links)
[2026-03-24 09:39:38] Indexed: Ready Player One | Books to Scrape - Sandbox (319 words, 9 links)
[2026-03-24 09:39:38] Indexed: Three Wishes (River of Time: California #1) | Book (357 words, 9 links)
[2026-03-24 09:39:38] Indexed: Life, the Universe and Everything (Hitchhiker's Gu (381 words, 9 links)
[2026-03-24 09:39:39] Indexed: The Restaurant at the End of the Universe (Hitchhi (389 words, 9 links)
[2026-03-24 09:39:39] Indexed: Arena | Books to Scrape - Sandbox (366 words, 9 links)
[2026-03-24 09:39:39] Indexed: The Project | Books to Scrape - Sandbox (318 words, 9 links)
[2026-03-24 09:39:39] Indexed: The Last Girl (The Dominion Trilogy #1) | Books to (397 words, 9 links)
[2026-03-24 09:39:39] Indexed: Having the Barbarian's Baby (Ice Planet Barbarians (306 words, 9 links)
[2026-03-24 09:39:39] Indexed: Benjamin Franklin: An American Life | Books to Scr (633 words, 9 links)
[2026-03-24 09:39:39] Indexed: The Faith of Christopher Hitchens: The Restless So (530 words, 9 links)
[2026-03-24 09:39:39] Indexed: Setting the World on Fire: The Brief, Astonishing  (449 words, 9 links)
[2026-03-24 09:39:39] Indexed: Louisa: The Extraordinary Life of Mrs. Adams | Boo (464 words, 9 links)
[2026-03-24 09:39:39] Indexed: Algorithms to Live By: The Computer Science of Hum (421 words, 9 links)
[2026-03-24 09:39:39] Indexed: The Rise of Theodore Roosevelt (Theodore Roosevelt (203 words, 9 links)
[2026-03-24 09:39:39] Indexed: The Power of Now: A Guide to Spiritual Enlightenme (410 words, 9 links)
[2026-03-24 09:39:39] Indexed: The Five Love Languages: How to Express Heartfelt  (355 words, 9 links)
[2026-03-24 09:39:39] Indexed: The Electric Pencil: Drawings from Inside State Ho (382 words, 9 links)
[2026-03-24 09:39:39] Indexed: So You've Been Publicly Shamed | Books to Scrape - (393 words, 9 links)
[2026-03-24 09:39:39] Indexed: Reasons to Stay Alive | Books to Scrape - Sandbox (386 words, 9 links)
[2026-03-24 09:39:39] Indexed: The Omnivore's Dilemma: A Natural History of Four  (744 words, 9 links)
[2026-03-24 09:39:39] Indexed: The Artist's Way: A Spiritual Path to Higher Creat (339 words, 9 links)
[2026-03-24 09:39:39] Indexed: #HigherSelfie: Wake Up Your Life. Free Your Soul.  (407 words, 9 links)
[2026-03-24 09:39:39] Indexed: The Gutsy Girl: Escapades for Your Life of Epic Ad (437 words, 9 links)
[2026-03-24 09:39:39] Indexed: Reskilling America: Learning to Labor in the Twent (464 words, 9 links)
[2026-03-24 09:39:39] Indexed: Nonfiction | 
     Books to Scrape - Sandbox (322 words, 74 links)
[2026-03-24 09:39:39] Indexed: Throwing Rocks at the Google Bus: How Growth Becam (556 words, 9 links)
[2026-03-24 09:39:39] Indexed: In the Country We Love: My Family Divided | Books  (423 words, 9 links)
[2026-03-24 09:39:39] Indexed: Everydata: The Misinformation Hidden in the Little (429 words, 9 links)
[2026-03-24 09:39:39] Indexed: The Life-Changing Magic of Tidying Up: The Japanes (378 words, 9 links)
[2026-03-24 09:39:39] Indexed: The Genius of Birds | Books to Scrape - Sandbox (598 words, 9 links)
[2026-03-24 09:39:40] Indexed: Worlds Elsewhere: Journeys Around Shakespeare’s Gl (521 words, 9 links)
[2026-03-24 09:39:40] Indexed: Unseen City: The Majesty of Pigeons, the Discreet  (469 words, 9 links)
[2026-03-24 09:39:40] Indexed: Spark Joy: An Illustrated Master Class on the Art  (333 words, 9 links)
[2026-03-24 09:39:40] Indexed: Suzie Snowflake: One beautiful flake (a self-estee (431 words, 9 links)
[2026-03-24 09:39:40] Indexed: Call the Nurse: True Stories of a Country Nurse on (424 words, 9 links)
[2026-03-24 09:39:40] Indexed: (Un)Qualified: How God Uses Broken People to Do Bi (637 words, 9 links)
[2026-03-24 09:39:40] Indexed: Crazy Love: Overwhelmed by a Relentless God | Book (388 words, 9 links)
[2026-03-24 09:39:40] Indexed: Icing (Aces Hockey #2) | Books to Scrape - Sandbox (404 words, 9 links)
[2026-03-24 09:39:40] Indexed: Blue Like Jazz: Nonreligious Thoughts on Christian (355 words, 9 links)
[2026-03-24 09:39:40] Indexed: The Book of Basketball: The NBA According to The S (481 words, 9 links)
[2026-03-24 09:39:40] Indexed: Friday Night Lights: A Town, a Team, and a Dream | (377 words, 9 links)
[2026-03-24 09:39:40] Indexed: Settling the Score (The Summer Games #1) | Books t (438 words, 9 links)
[2026-03-24 09:39:40] Indexed: Sugar Rush (Offensive Line #2) | Books to Scrape - (417 words, 9 links)
[2026-03-24 09:39:40] Indexed: Lumberjanes, Vol. 1: Beware the Kitten Holy (Lumbe (290 words, 9 links)
[2026-03-24 09:39:40] Indexed: Codename Baboushka, Volume 1: The Conclave of Deat (534 words, 9 links)
[2026-03-24 09:39:40] Indexed: I am a Hero Omnibus Volume 1 | Books to Scrape - S (312 words, 9 links)
[2026-03-24 09:39:40] Indexed: Lumberjanes Vol. 3: A Terrible Plan (Lumberjanes # (188 words, 9 links)
[2026-03-24 09:39:40] Indexed: Camp Midnight | Books to Scrape - Sandbox (285 words, 9 links)
[2026-03-24 09:39:40] Indexed: Pop Gun War, Volume 1: Gift | Books to Scrape - Sa (499 words, 9 links)
[2026-03-24 09:39:40] Indexed: Patience | Books to Scrape - Sandbox (263 words, 9 links)
[2026-03-24 09:39:40] Indexed: Lumberjanes, Vol. 2: Friendship to the Max (Lumber (322 words, 9 links)
[2026-03-24 09:39:40] Indexed: Rat Queens, Vol. 3: Demons (Rat Queens (Collected  (201 words, 9 links)
[2026-03-24 09:39:40] Indexed: This One Summer | Books to Scrape - Sandbox (334 words, 9 links)
[2026-03-24 09:39:40] Indexed: Danganronpa Volume 1 | Books to Scrape - Sandbox (330 words, 9 links)
[2026-03-24 09:39:40] Indexed: orange: The Complete Collection 1 (orange: The Com (326 words, 9 links)
[2026-03-24 09:39:40] Indexed: Sequential Art | 
     Books to Scrape - Sandbox (315 words, 74 links)
[2026-03-24 09:39:40] Indexed: The Nameless City (The Nameless City #1) | Books t (335 words, 9 links)
[2026-03-24 09:39:40] Indexed: Giant Days, Vol. 2 (Giant Days #5-8) | Books to Sc (289 words, 9 links)
[2026-03-24 09:39:40] Indexed: I Hate Fairyland, Vol. 1: Madly Ever After (I Hate (427 words, 9 links)
[2026-03-24 09:39:40] Indexed: Tsubasa: WoRLD CHRoNiCLE 2 (Tsubasa WoRLD CHRoNiCL (289 words, 9 links)
[2026-03-24 09:39:40] Indexed: Princess Jellyfish 2-in-1 Omnibus, Vol. 01 (Prince (403 words, 9 links)
[2026-03-24 09:39:40] Indexed: Saga, Volume 5 (Saga (Collected Editions) #5) | Bo (195 words, 9 links)
[2026-03-24 09:39:40] Indexed: Outcast, Vol. 1: A Darkness Surrounds Him (Outcast (195 words, 9 links)
[2026-03-24 09:39:41] Indexed: Walt Disney's Alice in Wonderland | Books to Scrap (342 words, 9 links)
[2026-03-24 09:39:41] Indexed: The Secret of Dreadwillow Carse | Books to Scrape  (415 words, 9 links)
[2026-03-24 09:39:41] Indexed: The Bear and the Piano | Books to Scrape - Sandbox (309 words, 9 links)
[2026-03-24 09:39:41] Indexed: The Thing About Jellyfish | Books to Scrape - Sand (300 words, 9 links)
[2026-03-24 09:39:41] Indexed: Birdsong: A Story in Pictures | Books to Scrape -  (335 words, 9 links)
[2026-03-24 09:39:41] Indexed: The Day the Crayons Came Home (Crayons) | Books to (502 words, 9 links)
[2026-03-24 09:39:41] Indexed: The White Cat and the Monk: A Retelling of the Poe (316 words, 9 links)
[2026-03-24 09:39:41] Indexed: Rain Fish | Books to Scrape - Sandbox (387 words, 9 links)
[2026-03-24 09:39:41] Indexed: Once Was a Time | Books to Scrape - Sandbox (322 words, 9 links)
[2026-03-24 09:39:41] Indexed: Little Red | Books to Scrape - Sandbox (275 words, 9 links)
[2026-03-24 09:39:41] Indexed: Raymie Nightingale | Books to Scrape - Sandbox (325 words, 9 links)
[2026-03-24 09:39:41] Indexed: Playing from the Heart | Books to Scrape - Sandbox (326 words, 9 links)
[2026-03-24 09:39:41] Indexed: The Lonely Ones | Books to Scrape - Sandbox (431 words, 9 links)
[2026-03-24 09:39:41] Indexed: Luis Paints the World | Books to Scrape - Sandbox (284 words, 9 links)
[2026-03-24 09:39:41] Indexed: Shrunken Treasures: Literary Classics, Short, Swee (325 words, 9 links)
[2026-03-24 09:39:41] Indexed: Twenty Yawns | Books to Scrape - Sandbox (272 words, 9 links)
[2026-03-24 09:39:41] Indexed: Maybe Something Beautiful: How Art Transformed a N (269 words, 9 links)
[2026-03-24 09:39:41] Indexed: The Whale | Books to Scrape - Sandbox (308 words, 9 links)
[2026-03-24 09:39:41] Indexed: Childrens | 
     Books to Scrape - Sandbox (198 words, 62 links)
[2026-03-24 09:39:41] Indexed: The Wild Robot | Books to Scrape - Sandbox (289 words, 9 links)
[2026-03-24 09:39:41] Indexed: Nap-a-Roo | Books to Scrape - Sandbox (268 words, 9 links)
[2026-03-24 09:39:41] Indexed: Someone Like You (The Harrisons #2) | Books to Scr (344 words, 9 links)
[2026-03-24 09:39:41] Indexed: We Are All Completely Beside Ourselves | Books to  (311 words, 9 links)
[2026-03-24 09:39:41] Indexed: When We Collided | Books to Scrape - Sandbox (291 words, 9 links)
[2026-03-24 09:39:41] Indexed: The Wedding Dress | Books to Scrape - Sandbox (427 words, 9 links)
[2026-03-24 09:39:41] Indexed: Suddenly in Love (Lake Haven #1) | Books to Scrape (372 words, 9 links)
[2026-03-24 09:39:41] Indexed: Off the Hook (Fishing for Trouble #1) | Books to S (426 words, 9 links)
[2026-03-24 09:39:41] Indexed: Romance | 
     Books to Scrape - Sandbox (263 words, 68 links)
[2026-03-24 09:39:41] Indexed: Hold Your Breath (Search and Rescue #1) | Books to (378 words, 9 links)
[2026-03-24 09:39:42] Indexed: The Perfect Play (Play by Play #1) | Books to Scra (395 words, 9 links)
[2026-03-24 09:39:42] Indexed: Fifty Shades Darker (Fifty Shades #2) | Books to S (338 words, 9 links)
[2026-03-24 09:39:42] Indexed: Changing the Game (Play by Play #2) | Books to Scr (377 words, 9 links)
[2026-03-24 09:39:42] Indexed: First and First (Five Boroughs #3) | Books to Scra (360 words, 9 links)
[2026-03-24 09:39:42] Indexed: Dirty (Dive Bar #1) | Books to Scrape - Sandbox (355 words, 9 links)
[2026-03-24 09:39:42] Indexed: Sit, Stay, Love | Books to Scrape - Sandbox (372 words, 9 links)
[2026-03-24 09:39:42] Indexed: Take Me Home Tonight (Rock Star Romance #3) | Book (349 words, 9 links)
[2026-03-24 09:39:42] Indexed: Chase Me (Paris Nights #2) | Books to Scrape - San (338 words, 9 links)
[2026-03-24 09:39:42] Indexed: A Gentleman's Position (Society of Gentlemen #3) | (414 words, 9 links)
[2026-03-24 09:39:42] Indexed: Doing It Over (Most Likely To #1) | Books to Scrap (371 words, 9 links)
[2026-03-24 09:39:42] Indexed: Something More Than This | Books to Scrape - Sandb (350 words, 9 links)
[2026-03-24 09:39:42] Indexed: The Wedding Pact (The O'Malleys #2) | Books to Scr (343 words, 9 links)
[2026-03-24 09:39:42] Indexed: Black Dust | Books to Scrape - Sandbox (348 words, 9 links)
[2026-03-24 09:39:42] Indexed: A Girl's Guide to Moving On (New Beginnings #2) |  (740 words, 9 links)
[2026-03-24 09:39:42] Indexed: Dark Lover (Black Dagger Brotherhood #1) | Books t (338 words, 9 links)
[2026-03-24 09:39:42] Indexed: Her Backup Boyfriend (The Sorensen Family #1) | Bo (359 words, 9 links)
[2026-03-24 09:39:42] Indexed: The Long Shadow of Small Ghosts: Murder and Memory (509 words, 9 links)
[2026-03-24 09:39:42] Indexed: Logan Kade (Fallen Crest High #5.5) | Books to Scr (345 words, 9 links)
[2026-03-24 09:39:42] Indexed: My Name Is Lucy Barton | Books to Scrape - Sandbox (354 words, 9 links)
[2026-03-24 09:39:42] Indexed: Mr. Mercedes (Bill Hodges Trilogy #1) | Books to S (403 words, 9 links)
[2026-03-24 09:39:42] Indexed: The First Hostage (J.B. Collins #2) | Books to Scr (337 words, 9 links)
[2026-03-24 09:39:42] Indexed: The Testament of Mary | Books to Scrape - Sandbox (410 words, 9 links)
[2026-03-24 09:39:42] Indexed: The Murder That Never Was (Forensic Instincts #5)  (427 words, 9 links)
[2026-03-24 09:39:42] Indexed: Still Life with Bread Crumbs | Books to Scrape - S (369 words, 9 links)
[2026-03-24 09:39:42] Indexed: We Love You, Charlie Freeman | Books to Scrape - S (377 words, 9 links)
[2026-03-24 09:39:42] Indexed: Take Me with You | Books to Scrape - Sandbox (313 words, 9 links)
[2026-03-24 09:39:42] Indexed: Tuesday Nights in 1980 | Books to Scrape - Sandbox (548 words, 9 links)
[2026-03-24 09:39:42] Indexed: The Regional Office Is Under Attack! | Books to Sc (356 words, 9 links)
[2026-03-24 09:39:42] Indexed: The Time Keeper | Books to Scrape - Sandbox (352 words, 9 links)
[2026-03-24 09:39:42] Indexed: My Mrs. Brown | Books to Scrape - Sandbox (499 words, 9 links)
[2026-03-24 09:39:43] Indexed: Eligible (The Austen Project #4) | Books to Scrape (402 words, 9 links)
[2026-03-24 09:39:43] Indexed: I Am Pilgrim (Pilgrim #1) | Books to Scrape - Sand (266 words, 9 links)
[2026-03-24 09:39:43] Indexed: Shtum | Books to Scrape - Sandbox (313 words, 9 links)
[2026-03-24 09:39:43] Indexed: Finders Keepers (Bill Hodges Trilogy #2) | Books t (416 words, 9 links)
[2026-03-24 09:39:43] Indexed: Thirst | Books to Scrape - Sandbox (385 words, 9 links)
[2026-03-24 09:39:43] Indexed: Private Paris (Private #10) | Books to Scrape - Sa (329 words, 9 links)
[2026-03-24 09:39:43] Indexed: Fiction | 
     Books to Scrape - Sandbox (307 words, 74 links)
[2026-03-24 09:39:43] Indexed: The Vacationers | Books to Scrape - Sandbox (389 words, 9 links)
[2026-03-24 09:39:43] Indexed: What Happened on Beale Street (Secrets of the Sout (397 words, 9 links)
[2026-03-24 09:39:43] Indexed: A Time of Torment (Charlie Parker #14) | Books to  (343 words, 9 links)
[2026-03-24 09:39:43] Indexed: Playing with Fire | Books to Scrape - Sandbox (294 words, 9 links)
[2026-03-24 09:39:43] Indexed: In a Dark, Dark Wood | Books to Scrape - Sandbox (293 words, 9 links)
[2026-03-24 09:39:43] Indexed: Murder at the 42nd Street Library (Raymond Ambler  (333 words, 9 links)
[2026-03-24 09:39:43] Indexed: Most Wanted | Books to Scrape - Sandbox (322 words, 9 links)
[2026-03-24 09:39:43] Indexed: Poisonous (Max Revere Novels #3) | Books to Scrape (452 words, 9 links)
[2026-03-24 09:39:43] Indexed: Boar Island (Anna Pigeon #19) | Books to Scrape -  (270 words, 9 links)
[2026-03-24 09:39:43] Indexed: The Murder of Roger Ackroyd (Hercule Poirot #4) |  (383 words, 9 links)
[2026-03-24 09:39:43] Indexed: Tastes Like Fear (DI Marnie Rome #3) | Books to Sc (345 words, 9 links)
[2026-03-24 09:39:43] Indexed: The Past Never Ends | Books to Scrape - Sandbox (370 words, 9 links)
[2026-03-24 09:39:43] Indexed: A Study in Scarlet (Sherlock Holmes #1) | Books to (274 words, 9 links)
[2026-03-24 09:39:43] Indexed: Delivering the Truth (Quaker Midwife Mystery #1) | (362 words, 9 links)
[2026-03-24 09:39:43] Indexed: A Murder in Time | Books to Scrape - Sandbox (389 words, 9 links)
[2026-03-24 09:39:43] Indexed: The Bachelor Girl's Guide to Murder (Herringford a (354 words, 9 links)
[2026-03-24 09:39:43] Indexed: Mystery | 
     Books to Scrape - Sandbox (236 words, 65 links)
[2026-03-24 09:39:43] Indexed: Hide Away (Eve Duncan #20) | Books to Scrape - San (314 words, 9 links)
[2026-03-24 09:39:43] Indexed: That Darkness (Gardiner and Renner #1) | Books to  (399 words, 9 links)
[2026-03-24 09:39:43] Indexed: The Last Mile (Amos Decker #2) | Books to Scrape - (407 words, 9 links)
[2026-03-24 09:39:43] Indexed: The Widow | Books to Scrape - Sandbox (383 words, 9 links)
[2026-03-24 09:39:43] Indexed: Why the Right Went Wrong: Conservatism--From Goldw (542 words, 9 links)
[2026-03-24 09:39:43] Indexed: Equal Is Unfair: America's Misguided Fight Against (465 words, 9 links)
[2026-03-24 09:39:43] Indexed: All the Light We Cannot See | Books to Scrape - Sa (505 words, 9 links)
[2026-03-24 09:39:44] Indexed: The Girl You Left Behind (The Girl You Left Behind (367 words, 9 links)
[2026-03-24 09:39:44] Indexed: Wild Swans | Books to Scrape - Sandbox (330 words, 9 links)
[2026-03-24 09:39:44] Indexed: Obsidian (Lux #1) | Books to Scrape - Sandbox (349 words, 9 links)
[2026-03-24 09:39:44] Indexed: Catching Jordan (Hundred Oaks) | Books to Scrape - (324 words, 9 links)
[2026-03-24 09:39:44] Indexed: Frostbite (Vampire Academy #2) | Books to Scrape - (398 words, 9 links)
[2026-03-24 09:39:44] Indexed: Scarlett Epstein Hates It Here | Books to Scrape - (330 words, 9 links)
[2026-03-24 09:39:44] Indexed: The Natural History of Us (The Fine Art of Pretend (422 words, 9 links)
[2026-03-24 09:39:44] Indexed: Aristotle and Dante Discover the Secrets of the Un (346 words, 9 links)
[2026-03-24 09:39:44] Indexed: This Is Where It Ends | Books to Scrape - Sandbox (283 words, 9 links)
[2026-03-24 09:39:44] Indexed: Burning | Books to Scrape - Sandbox (308 words, 9 links)
[2026-03-24 09:39:44] Indexed: Nightingale, Sing | Books to Scrape - Sandbox (263 words, 9 links)
[2026-03-24 09:39:44] Indexed: A Fierce and Subtle Poison | Books to Scrape - San (362 words, 9 links)
[2026-03-24 09:39:44] Indexed: The Epidemic (The Program 0.6) | Books to Scrape - (427 words, 9 links)
[2026-03-24 09:39:44] Indexed: Library of Souls (Miss Peregrine’s Peculiar Childr (357 words, 9 links)
[2026-03-24 09:39:44] Indexed: The Darkest Lie | Books to Scrape - Sandbox (368 words, 9 links)
[2026-03-24 09:39:44] Indexed: Until Friday Night (The Field Party #1) | Books to (422 words, 9 links)
[2026-03-24 09:39:44] Indexed: Stars Above (The Lunar Chronicles #4.5) | Books to (511 words, 9 links)
[2026-03-24 09:39:44] Indexed: My Kind of Crazy | Books to Scrape - Sandbox (341 words, 9 links)
[2026-03-24 09:39:44] Indexed: Don't Get Caught | Books to Scrape - Sandbox (324 words, 9 links)
[2026-03-24 09:39:44] Indexed: Fifty Shades Freed (Fifty Shades #3) | Books to Sc (344 words, 9 links)
[2026-03-24 09:39:44] Indexed: Young Adult | 
     Books to Scrape - Sandbox (320 words, 74 links)
[2026-03-24 09:39:44] Indexed: I Know What I'm Doing -- and Other Lies I Tell Mys (446 words, 9 links)
[2026-03-24 09:39:44] Indexed: Hyperbole and a Half: Unfortunate Situations, Flaw (338 words, 9 links)
[2026-03-24 09:39:44] Indexed: The Long Haul (Diary of a Wimpy Kid #9) | Books to (170 words, 9 links)
[2026-03-24 09:39:44] Indexed: Old School (Diary of a Wimpy Kid #10) | Books to S (223 words, 9 links)
[2026-03-24 09:39:44] Indexed: Toddlers Are A**holes: It's Not Your Fault | Books (448 words, 9 links)
[2026-03-24 09:39:44] Indexed: Naked | Books to Scrape - Sandbox (297 words, 9 links)
[2026-03-24 09:39:44] Indexed: When You Are Engulfed in Flames | Books to Scrape  (431 words, 9 links)
[2026-03-24 09:39:44] Indexed: Holidays on Ice | Books to Scrape - Sandbox (165 words, 9 links)
[2026-03-24 09:39:45] Indexed: Dress Your Family in Corduroy and Denim | Books to (363 words, 9 links)
[2026-03-24 09:39:45] Indexed: Lamb: The Gospel According to Biff, Christ's Child (349 words, 9 links)
[2026-03-24 09:39:45] Indexed: The Art and Science of Low Carbohydrate Living | B (347 words, 9 links)
[2026-03-24 09:39:45] Indexed: Eat Fat, Get Thin | Books to Scrape - Sandbox (148 words, 9 links)
[2026-03-24 09:39:45] Indexed: The Bulletproof Diet: Lose up to a Pound a Day, Re (463 words, 9 links)
[2026-03-24 09:39:45] Indexed: 10-Day Green Smoothie Cleanse: Lose Up to 15 Pound (561 words, 9 links)
[2026-03-24 09:39:45] Indexed: Love, Lies and Spies | Books to Scrape - Sandbox (313 words, 9 links)
[2026-03-24 09:39:45] Indexed: A Paris Apartment | Books to Scrape - Sandbox (527 words, 9 links)
[2026-03-24 09:39:45] Indexed: Historical Fiction | 
     Books to Scrape - Sandb (170 words, 59 links)
[2026-03-24 09:39:45] Indexed: The Guernsey Literary and Potato Peel Pie Society  (441 words, 9 links)
[2026-03-24 09:39:45] Indexed: Lilac Girls | Books to Scrape - Sandbox (406 words, 9 links)
[2026-03-24 09:39:45] Indexed: Glory over Everything: Beyond The Kitchen House |  (506 words, 9 links)
[2026-03-24 09:39:45] Indexed: Forever and Forever: The Courtship of Henry Longfe (422 words, 9 links)
[2026-03-24 09:39:45] Indexed: The Marriage of Opposites | Books to Scrape - Sand (448 words, 9 links)
[2026-03-24 09:39:45] Indexed: Voyager (Outlander #3) | Books to Scrape - Sandbox (355 words, 9 links)
[2026-03-24 09:39:45] Indexed: Girl in the Blue Coat | Books to Scrape - Sandbox (374 words, 9 links)
[2026-03-24 09:39:45] Indexed: A Flight of Arrows (The Pathfinders #2) | Books to (417 words, 9 links)
[2026-03-24 09:39:45] Indexed: Mrs. Houdini | Books to Scrape - Sandbox (408 words, 9 links)
[2026-03-24 09:39:45] Indexed: Girl With a Pearl Earring | Books to Scrape - Sand (349 words, 9 links)
[2026-03-24 09:39:45] Indexed: The Constant Princess (The Tudor Court #1) | Books (406 words, 9 links)
[2026-03-24 09:39:45] Indexed: The Red Tent | Books to Scrape - Sandbox (344 words, 9 links)
[2026-03-24 09:39:45] Indexed: The Last Painting of Sara de Vos | Books to Scrape (451 words, 9 links)
[2026-03-24 09:39:45] Indexed: The House by the Lake | Books to Scrape - Sandbox (373 words, 9 links)
[2026-03-24 09:39:45] Indexed: The Passion of Dolssa | Books to Scrape - Sandbox (322 words, 9 links)
[2026-03-24 09:39:45] Indexed: World Without End (The Pillars of the Earth #2) |  (361 words, 9 links)
[2026-03-24 09:39:45] Indexed: The Invention of Wings | Books to Scrape - Sandbox (499 words, 9 links)
[2026-03-24 09:39:45] Indexed: Surely You're Joking, Mr. Feynman!: Adventures of  (296 words, 9 links)
[2026-03-24 09:39:45] Indexed: The Elegant Universe: Superstrings, Hidden Dimensi (319 words, 9 links)
[2026-03-24 09:39:45] Indexed: The Fabric of the Cosmos: Space, Time, and the Tex (392 words, 9 links)
[2026-03-24 09:39:45] Indexed: Immunity: How Elie Metchnikoff Changed the Course  (434 words, 9 links)
[2026-03-24 09:39:45] Indexed: The Disappearing Spoon: And Other True Tales of Ma (402 words, 9 links)
[2026-03-24 09:39:45] Indexed: Sorting the Beef from the Bull: The Science of Foo (439 words, 9 links)
[2026-03-24 09:39:45] Indexed: The Grand Design | Books to Scrape - Sandbox (615 words, 9 links)
[2026-03-24 09:39:45] Indexed: The Most Perfect Thing: Inside (and Outside) a Bir (427 words, 9 links)
[2026-03-24 09:39:46] Indexed: The Selfish Gene | Books to Scrape - Sandbox (431 words, 9 links)
[2026-03-24 09:39:46] Indexed: Seven Brief Lessons on Physics | Books to Scrape - (354 words, 9 links)
[2026-03-24 09:39:46] Indexed: The Origin of Species | Books to Scrape - Sandbox (365 words, 9 links)
[2026-03-24 09:39:46] Indexed: Peak: Secrets from the New Science of Expertise |  (169 words, 9 links)
[2026-03-24 09:39:46] Indexed: Diary of a Citizen Scientist: Chasing Tiger Beetle (481 words, 9 links)
[2026-03-24 09:39:46] Indexed: Tipping Point for Planet Earth: How Close Are We t (377 words, 9 links)
[2026-03-24 09:39:46] Indexed: Vampire Knight, Vol. 1 (Vampire Knight #1) | Books (317 words, 9 links)
[2026-03-24 09:39:46] Indexed: Behind Closed Doors | Books to Scrape - Sandbox (338 words, 9 links)
[2026-03-24 09:39:46] Indexed: Foolproof Preserving: A Guide to Small Batch Jams, (347 words, 9 links)
[2026-03-24 09:39:46] Indexed: In Her Wake | Books to Scrape - Sandbox (290 words, 9 links)
[2026-03-24 09:39:46] Indexed: America's Cradle of Quarterbacks: Western Pennsylv (411 words, 9 links)
[2026-03-24 09:39:46] Indexed: You can't bury them all: Poems | Books to Scrape - (441 words, 9 links)
[2026-03-24 09:39:46] Indexed: How Music Works | Books to Scrape - Sandbox (384 words, 9 links)
[2026-03-24 09:39:46] Indexed: The Elephant Tree | Books to Scrape - Sandbox (308 words, 9 links)
[2026-03-24 09:39:46] Indexed: Penny Maybe | Books to Scrape - Sandbox (184 words, 9 links)
[2026-03-24 09:39:46] Indexed: All products | Books to Scrape - Sandbox (321 words, 74 links)
[2026-03-24 09:39:46] Indexed: Aladdin and His Wonderful Lamp | Books to Scrape - (473 words, 9 links)
[2026-03-24 09:39:46] Indexed: Shameless | Books to Scrape - Sandbox (384 words, 9 links)
[2026-03-24 09:39:46] Indexed: All products | Books to Scrape - Sandbox (310 words, 73 links)
[2026-03-24 09:39:46] Indexed: The Mistake (Off-Campus #2) | Books to Scrape - Sa (401 words, 9 links)
[2026-03-24 09:39:46] Indexed: Off Sides (Off #1) | Books to Scrape - Sandbox (417 words, 9 links)
[2026-03-24 09:39:46] Indexed: Without Borders (Wanderlove #1) | Books to Scrape  (401 words, 9 links)
[2026-03-24 09:39:46] Indexed: The Hook Up (Game On #1) | Books to Scrape - Sandb (438 words, 9 links)
[2026-03-24 09:39:46] Indexed: The Matchmaker's Playbook (Wingmen Inc. #1) | Book (358 words, 9 links)
[2026-03-24 09:39:46] Indexed: Candide | Books to Scrape - Sandbox (292 words, 9 links)
[2026-03-24 09:39:46] Indexed: Alice in Wonderland (Alice's Adventures in Wonderl (141 words, 9 links)
[2026-03-24 09:39:47] Indexed: And Then There Were None | Books to Scrape - Sandb (286 words, 9 links)
[2026-03-24 09:39:47] Indexed: The Little Prince | Books to Scrape - Sandbox (256 words, 9 links)
[2026-03-24 09:39:47] Indexed: The Hound of the Baskervilles (Sherlock Holmes #5) (282 words, 9 links)
[2026-03-24 09:39:47] Indexed: The Metamorphosis | Books to Scrape - Sandbox (384 words, 9 links)
[2026-03-24 09:39:47] Indexed: Emma | Books to Scrape - Sandbox (323 words, 9 links)
[2026-03-24 09:39:47] Indexed: Of Mice and Men | Books to Scrape - Sandbox (323 words, 9 links)
[2026-03-24 09:39:47] Indexed: Little Women (Little Women #1) | Books to Scrape - (185 words, 9 links)
[2026-03-24 09:39:47] Indexed: Beowulf | Books to Scrape - Sandbox (319 words, 9 links)
[2026-03-24 09:39:47] Indexed: Gone with the Wind | Books to Scrape - Sandbox (332 words, 9 links)
[2026-03-24 09:39:47] Indexed: The Secret Garden | Books to Scrape - Sandbox (298 words, 9 links)
[2026-03-24 09:39:47] Indexed: Animal Farm | Books to Scrape - Sandbox (189 words, 9 links)
[2026-03-24 09:39:47] Indexed: Wuthering Heights | Books to Scrape - Sandbox (297 words, 9 links)
[2026-03-24 09:39:47] Indexed: The Complete Stories and Poems (The Works of Edgar (184 words, 9 links)
[2026-03-24 09:39:47] Indexed: Sense and Sensibility | Books to Scrape - Sandbox (340 words, 9 links)
[2026-03-24 09:39:47] Indexed: The Pilgrim's Progress | Books to Scrape - Sandbox (323 words, 9 links)
[2026-03-24 09:39:47] Indexed: The Picture of Dorian Gray | Books to Scrape - San (328 words, 9 links)
[2026-03-24 09:39:47] Indexed: How to Be Miserable: 40 Strategies You Already Use (431 words, 9 links)
[2026-03-24 09:39:47] Indexed: The Story of Hong Gildong | Books to Scrape - Sand (352 words, 9 links)
[2026-03-24 09:39:47] Indexed: Online Marketing for Busy Authors: A Step-By-Step  (378 words, 9 links)
[2026-03-24 09:39:47] Indexed: Maude (1883-1993):She Grew Up with the country | B (363 words, 9 links)
[2026-03-24 09:39:47] Indexed: How to Stop Worrying and Start Living | Books to S (368 words, 9 links)
[2026-03-24 09:39:47] Indexed: You Are a Badass: How to Stop Doubting Your Greatn (325 words, 9 links)
[2026-03-24 09:39:47] Indexed: Code Name Verity (Code Name Verity #1) | Books to  (354 words, 9 links)
[2026-03-24 09:39:47] Indexed: Overload: How to Unplug, Unwind, and Unleash Yours (378 words, 9 links)
[2026-03-24 09:39:47] Indexed: Judo: Seven Steps to Black Belt (an Introductory G (326 words, 9 links)
[2026-03-24 09:39:47] Indexed: The Immortal Life of Henrietta Lacks | Books to Sc (399 words, 9 links)
[2026-03-24 09:39:47] Indexed: On a Midnight Clear | Books to Scrape - Sandbox (311 words, 9 links)
[2026-03-24 09:39:47] Indexed: The White Queen (The Cousins' War #1) | Books to S (436 words, 9 links)
[2026-03-24 09:39:47] Indexed: The Dovekeepers | Books to Scrape - Sandbox (376 words, 9 links)
[2026-03-24 09:39:47] Indexed: Modern Romance | Books to Scrape - Sandbox (605 words, 9 links)
[2026-03-24 09:39:47] Indexed: More Than Music (Chasing the Dream #1) | Books to  (328 words, 9 links)
[2026-03-24 09:39:48] Indexed: Shobu Samurai, Project Aryoku (#3) | Books to Scra (347 words, 9 links)
[2026-03-24 09:39:48] Indexed: The Art Forger | Books to Scrape - Sandbox (359 words, 9 links)
[2026-03-24 09:39:48] Indexed: The Midnight Watch: A Novel of the Titanic and the (480 words, 9 links)
[2026-03-24 09:39:48] Indexed: Angels Walking (Angels Walking #1) | Books to Scra (358 words, 9 links)
[2026-03-24 09:39:48] Indexed: The Torch Is Passed: A Harding Family Story | Book (853 words, 9 links)
[2026-03-24 09:39:48] Indexed: A Brush of Wings (Angels Walking #3) | Books to Sc (421 words, 9 links)
[2026-03-24 09:39:48] Indexed: Cell | Books to Scrape - Sandbox (455 words, 9 links)
[2026-03-24 09:39:48] Indexed: A Series of Catastrophes and Miracles: A True Stor (350 words, 9 links)
[2026-03-24 09:39:48] Indexed: The Mindfulness and Acceptance Workbook for Anxiet (654 words, 9 links)
[2026-03-24 09:39:48] Indexed: The Song of Achilles | Books to Scrape - Sandbox (315 words, 9 links)
[2026-03-24 09:39:48] Indexed: Add a comment | 
     Books to Scrape - Sandbox (311 words, 74 links)
[2026-03-24 09:39:48] Indexed: Rook | Books to Scrape - Sandbox (362 words, 9 links)
[2026-03-24 09:39:48] Indexed: Catastrophic Happiness: Finding Joy in Childhood's (354 words, 9 links)
[2026-03-24 09:39:48] Indexed: A People's History of the United States | Books to (193 words, 9 links)
[2026-03-24 09:39:48] Indexed: The Kite Runner | Books to Scrape - Sandbox (421 words, 9 links)
[2026-03-24 09:39:48] Indexed: The Psychopath Test: A Journey Through the Madness (433 words, 9 links)
[2026-03-24 09:39:48] Indexed: The Secret (The Secret #1) | Books to Scrape - San (350 words, 9 links)
[2026-03-24 09:39:48] Indexed: Soul Reader | Books to Scrape - Sandbox (175 words, 9 links)
[2026-03-24 09:39:48] Indexed: Thirteen Reasons Why | Books to Scrape - Sandbox (299 words, 9 links)
[2026-03-24 09:39:48] Indexed: Default | 
     Books to Scrape - Sandbox (310 words, 74 links)
[2026-03-24 09:39:48] Indexed: The Emerald Mystery | Books to Scrape - Sandbox (399 words, 9 links)
[2026-03-24 09:39:48] Indexed: A Piece of Sky, a Grain of Rice: A Memoir in Four  (466 words, 9 links)
[2026-03-24 09:39:48] Indexed: The Girl on the Train | Books to Scrape - Sandbox (361 words, 9 links)
[2026-03-24 09:39:48] Indexed: Bossypants | Books to Scrape - Sandbox (364 words, 9 links)
[2026-03-24 09:39:48] Indexed: The Inefficiency Assassin: Time Management Tactics (352 words, 9 links)
[2026-03-24 09:39:48] Indexed: Tracing Numbers on a Train | Books to Scrape - San (257 words, 9 links)
[2026-03-24 09:39:48] Indexed: A World of Flavor: Your Gluten Free Passport | Boo (442 words, 9 links)
[2026-03-24 09:39:48] Indexed: The Bridge to Consciousness: I'm Writing the Bridg (160 words, 9 links)
[2026-03-24 09:39:48] Indexed: It's All Easy: Healthy, Delicious Weeknight Meals  (376 words, 9 links)
[2026-03-24 09:39:48] Indexed: Food and Drink | 
     Books to Scrape - Sandbox (219 words, 63 links)
[2026-03-24 09:39:48] Indexed: Deliciously Ella Every Day: Quick and Easy Recipes (465 words, 9 links)
[2026-03-24 09:39:48] Indexed: The Nerdy Nummies Cookbook: Sweet Treats for the G (466 words, 9 links)
[2026-03-24 09:39:49] Indexed: A la Mode: 120 Recipes in 60 Pairings: Pies, Tarts (444 words, 9 links)
[2026-03-24 09:39:49] Indexed: Mama Tried: Traditional Italian Cooking for the Sc (303 words, 9 links)
[2026-03-24 09:39:49] Indexed: The Cookies & Cups Cookbook: 125+ sweet & savory r (423 words, 9 links)
[2026-03-24 09:39:49] Indexed: My Kitchen Year: 136 Recipes That Saved My Life |  (514 words, 9 links)
[2026-03-24 09:39:49] Indexed: Everyday Italian: 125 Simple and Delicious Recipes (551 words, 9 links)
[2026-03-24 09:39:49] Indexed: 32 Yolks | Books to Scrape - Sandbox (323 words, 9 links)
[2026-03-24 09:39:49] Indexed: Layered: Baking, Building, and Styling Spectacular (329 words, 9 links)
[2026-03-24 09:39:49] Indexed: The Pioneer Woman Cooks: Dinnertime: Comfort Class (525 words, 9 links)
[2026-03-24 09:39:49] Indexed: Barefoot Contessa at Home: Everyday Recipes You'll (568 words, 9 links)
[2026-03-24 09:39:49] Indexed: Cravings: Recipes for What You Want to Eat | Books (421 words, 9 links)
[2026-03-24 09:39:49] Indexed: Naturally Lean: 125 Nourishing Gluten-Free, Plant- (345 words, 9 links)
[2026-03-24 09:39:49] Indexed: My Paris Kitchen: Recipes and Stories | Books to S (438 words, 9 links)
[2026-03-24 09:39:49] Indexed: The Love and Lemons Cookbook: An Apple-to-Zucchini (381 words, 9 links)
[2026-03-24 09:39:49] Indexed: The Moosewood Cookbook: Recipes from Moosewood Res (280 words, 9 links)
[2026-03-24 09:39:49] Indexed: The Help Yourself Cookbook for Kids: 60 Easy Plant (488 words, 9 links)
[2026-03-24 09:39:49] Indexed: Barefoot Contessa Back to Basics | Books to Scrape (420 words, 9 links)
[2026-03-24 09:39:49] Indexed: Amid the Chaos | Books to Scrape - Sandbox (373 words, 9 links)
[2026-03-24 09:39:49] Indexed: Dark Notes | Books to Scrape - Sandbox (287 words, 9 links)
[2026-03-24 09:39:49] Indexed: Pet Sematary | Books to Scrape - Sandbox (262 words, 9 links)
[2026-03-24 09:39:49] Indexed: House of Leaves | Books to Scrape - Sandbox (420 words, 9 links)
[2026-03-24 09:39:49] Indexed: Security | Books to Scrape - Sandbox (585 words, 9 links)
[2026-03-24 09:39:49] Indexed: It | Books to Scrape - Sandbox (328 words, 9 links)
[2026-03-24 09:39:49] Indexed: The Girl with All the Gifts | Books to Scrape - Sa (310 words, 9 links)
[2026-03-24 09:39:49] Indexed: The Stand | Books to Scrape - Sandbox (483 words, 9 links)
[2026-03-24 09:39:49] Indexed: Psycho: Sanitarium (Psycho #1.5) | Books to Scrape (438 words, 9 links)
[2026-03-24 09:39:49] Indexed: Can You Keep a Secret? (Fear Street Relaunch #4) | (315 words, 9 links)
[2026-03-24 09:39:49] Indexed: Follow You Home | Books to Scrape - Sandbox (314 words, 9 links)
[2026-03-24 09:39:49] Indexed: Red Dragon (Hannibal Lecter #1) | Books to Scrape  (299 words, 9 links)
[2026-03-24 09:39:49] Indexed: Dracula the Un-Dead | Books to Scrape - Sandbox (458 words, 9 links)
[2026-03-24 09:39:49] Indexed: Night Shift (Night Shift #1-20) | Books to Scrape  (463 words, 9 links)
[2026-03-24 09:39:50] Indexed: The Loney | Books to Scrape - Sandbox (315 words, 9 links)
[2026-03-24 09:39:50] Indexed: 'Salem's Lot | Books to Scrape - Sandbox (178 words, 9 links)
[2026-03-24 09:39:50] Indexed: Needful Things | Books to Scrape - Sandbox (281 words, 9 links)
[2026-03-24 09:39:50] Indexed: Misery | Books to Scrape - Sandbox (185 words, 9 links)
[2026-03-24 09:39:50] Indexed: Doctor Sleep (The Shining #2) | Books to Scrape -  (457 words, 9 links)
[2026-03-24 09:39:50] Indexed: Silence in the Dark (Logan Point #4) | Books to Sc (352 words, 9 links)
[2026-03-24 09:39:50] Indexed: No One Here Gets Out Alive | Books to Scrape - San (297 words, 9 links)
[2026-03-24 09:39:50] Indexed: Love Is a Mix Tape (Music #1) | Books to Scrape -  (393 words, 9 links)
[2026-03-24 09:39:50] Indexed: Kill 'Em and Leave: Searching for James Brown and  (717 words, 9 links)
[2026-03-24 09:39:50] Indexed: Please Kill Me: The Uncensored Oral History of Pun (323 words, 9 links)
[2026-03-24 09:39:50] Indexed: Forever Rockers (The Rocker #12) | Books to Scrape (331 words, 9 links)
[2026-03-24 09:39:50] Indexed: Orchestra of Exiles: The Story of Bronislaw Huberm (525 words, 9 links)
[2026-03-24 09:39:50] Indexed: Old Records Never Die: One Man's Quest for His Vin (492 words, 9 links)
[2026-03-24 09:39:50] Indexed: Life | Books to Scrape - Sandbox (180 words, 9 links)
[2026-03-24 09:39:50] Indexed: Chronicles, Vol. 1 | Books to Scrape - Sandbox (395 words, 9 links)
[2026-03-24 09:39:50] Indexed: 8 Keys to Mental Health Through Exercise | Books t (350 words, 9 links)
[2026-03-24 09:39:50] Indexed: This Is Your Brain on Music: The Science of a Huma (401 words, 9 links)
[2026-03-24 09:39:50] Indexed: The Lucifer Effect: Understanding How Good People  (448 words, 9 links)
[2026-03-24 09:39:50] Indexed: It Didn't Start with You: How Inherited Family Tra (531 words, 9 links)
[2026-03-24 09:39:50] Indexed: An Unquiet Mind: A Memoir of Moods and Madness | B (349 words, 9 links)
[2026-03-24 09:39:50] Indexed: Thinking, Fast and Slow | Books to Scrape - Sandbo (420 words, 9 links)
[2026-03-24 09:39:50] Indexed: The Golden Condom: And Other Essays on Love Lost a (410 words, 9 links)
[2026-03-24 09:39:50] Indexed: Civilization and Its Discontents | Books to Scrape (453 words, 9 links)
[2026-03-24 09:39:50] Indexed: Poems That Make Grown Women Cry | Books to Scrape  (353 words, 9 links)
[2026-03-24 09:39:50] Indexed: Twenty Love Poems and a Song of Despair | Books to (286 words, 9 links)
[2026-03-24 09:39:50] Indexed: Howl and Other Poems | Books to Scrape - Sandbox (330 words, 9 links)
[2026-03-24 09:39:50] Indexed: The Crossover | Books to Scrape - Sandbox (316 words, 9 links)
[2026-03-24 09:39:50] Indexed: Booked | Books to Scrape - Sandbox (337 words, 9 links)
[2026-03-24 09:39:50] Indexed: Slow States of Collapse: Poems | Books to Scrape - (358 words, 9 links)
[2026-03-24 09:39:51] Indexed: salt. | Books to Scrape - Sandbox (165 words, 9 links)
[2026-03-24 09:39:51] Indexed: Untitled Collection: Sabbath Poems 2014 | Books to (368 words, 9 links)
[2026-03-24 09:39:51] Indexed: Out of Print: City Lights Spotlight No. 14 | Books (524 words, 9 links)
[2026-03-24 09:39:51] Indexed: Night Sky with Exit Wounds | Books to Scrape - San (313 words, 9 links)
[2026-03-24 09:39:51] Indexed: Quarter Life Poetry: Poems for the Young, Broke an (364 words, 9 links)
[2026-03-24 09:39:51] Indexed: Les Fleurs du Mal | Books to Scrape - Sandbox (162 words, 9 links)
[2026-03-24 09:39:51] Indexed: The Collected Poems of W.B. Yeats (The Collected W (368 words, 9 links)
[2026-03-24 09:39:51] Indexed: Leave This Song Behind: Teen Poetry at Its Best |  (382 words, 9 links)
[2026-03-24 09:39:51] Indexed: M Train | Books to Scrape - Sandbox (432 words, 9 links)
[2026-03-24 09:39:51] Indexed: Lab Girl | Books to Scrape - Sandbox (390 words, 9 links)
[2026-03-24 09:39:51] Indexed: Lust & Wonder | Books to Scrape - Sandbox (288 words, 9 links)
[2026-03-24 09:39:51] Indexed: The Argonauts | Books to Scrape - Sandbox (355 words, 9 links)
[2026-03-24 09:39:51] Indexed: A Heartbreaking Work of Staggering Genius | Books  (656 words, 9 links)
[2026-03-24 09:39:51] Indexed: Running with Scissors | Books to Scrape - Sandbox (330 words, 9 links)
[2026-03-24 09:39:51] Indexed: Life Without a Recipe | Books to Scrape - Sandbox (441 words, 9 links)
[2026-03-24 09:39:51] Indexed: Approval Junkie: Adventures in Caring Too Much | B (512 words, 9 links)
[2026-03-24 09:39:51] Indexed: Me Talk Pretty One Day | Books to Scrape - Sandbox (287 words, 9 links)
[2026-03-24 09:39:51] Indexed: The 14th Colony (Cotton Malone #11) | Books to Scr (441 words, 9 links)
[2026-03-24 09:39:51] Indexed: The Bone Hunters (Lexy Vaughan & Steven Macaulay # (356 words, 9 links)
[2026-03-24 09:39:51] Indexed: Killing Floor (Jack Reacher #1) | Books to Scrape  (195 words, 9 links)
[2026-03-24 09:39:51] Indexed: The Travelers | Books to Scrape - Sandbox (378 words, 9 links)
[2026-03-24 09:39:51] Indexed: You (You #1) | Books to Scrape - Sandbox (340 words, 9 links)
[2026-03-24 09:39:51] Indexed: Give It Back | Books to Scrape - Sandbox (427 words, 9 links)
[2026-03-24 09:39:51] Indexed: Far From True (Promise Falls Trilogy #2) | Books t (411 words, 9 links)
[2026-03-24 09:39:51] Indexed: The Guilty (Will Robie #4) | Books to Scrape - San (525 words, 9 links)
[2026-03-24 09:39:51] Completed: queue empty
[2026-03-24 09:39:51] Crawl finished. Stats: {'urls_visited': 586, 'urls_indexed': 586, 'words_indexed': 109152, 'errors': 0, 'start_time': '2026-03-24 09:39:30', 'end_time': '2026-03-24 09:39:51'}
