[2026-03-23 14:15:01] Starting crawl from https://www.wikipedia.org
[2026-03-23 14:15:01] Crawler started with ID: 1774264501_9408
[2026-03-23 14:15:02] Indexed: Wikipedia (607 words, 364 links)
[2026-03-23 14:15:04] Indexed: Wikipedia, det frie oppslagsverket (1088 words, 509 links)
[2026-03-23 14:15:06] Indexed: Wikipedia (1287 words, 504 links)
[2026-03-23 14:15:10] Indexed: Wikipedia (1228 words, 530 links)
[2026-03-23 14:15:13] Indexed: Vikipedii (1027 words, 303 links)
[2026-03-23 14:15:14] Indexed: Wikipedie, otevřená encyklopedie (1380 words, 627 links)
[2026-03-23 14:15:15] Indexed: Wikipedia (804 words, 469 links)
[2026-03-23 14:15:16] Indexed: Wikipedia (985 words, 428 links)
[2026-03-23 14:15:17] Indexed: Wikipedia, bách khoa toàn thư mở (1231 words, 356 links)
[2026-03-23 14:15:19] Indexed: विकिपीडिया (385 words, 764 links)
[2026-03-23 14:15:20] Indexed: Wikipedia – Die freie Enzyklopädie (922 words, 195 links)
[2026-03-23 14:15:22] Indexed: Wikipedia (1249 words, 573 links)
[2026-03-23 14:15:24] Indexed: Wikipedia, ensiklopedia bebas (2092 words, 950 links)
[2026-03-23 14:15:25] Indexed: Wikipedia (832 words, 169 links)
[2026-03-23 14:15:27] Indexed: Wikipedia (861 words, 498 links)
[2026-03-23 14:15:28] Indexed: विकिपीडिया (321 words, 503 links)
[2026-03-23 14:15:29] Indexed: Википедия (335 words, 435 links)
[2026-03-23 14:15:31] Indexed: Wikipedia (1747 words, 523 links)
[2026-03-23 14:15:32] Indexed: Wikipédia (1737 words, 708 links)
[2026-03-23 14:15:34] Indexed: ويكيپيديا (405 words, 570 links)
[2026-03-23 14:15:35] Indexed: Wikipédia Sunda, énsiklopédi bébas (1350 words, 549 links)
[2026-03-23 14:15:37] Indexed: Wikipedia (1052 words, 464 links)
[2026-03-23 14:15:39] Indexed: Wikipedia (942 words, 433 links)
[2026-03-23 14:15:40] Indexed: Wikipedia, an godhoniador rydh (633 words, 114 links)
[2026-03-23 14:15:40] Indexed: Wikibooks (204 words, 84 links)
[2026-03-23 14:15:42] Indexed: Ուիքիփետիա (439 words, 502 links)
[2026-03-23 14:15:44] Indexed: Dagbani Wikipedia (1139 words, 462 links)
[2026-03-23 14:15:45] Indexed: Авикипедиа, зхы иақәиҭу аенциклопедиа (376 words, 448 links)
[2026-03-23 14:15:47] Indexed: Wikipidia Banjar, kindai pangatahuan (1141 words, 718 links)
[2026-03-23 14:15:48] Indexed: Wikipedia (1053 words, 245 links)
[2026-03-23 14:15:50] Indexed: ವಿಕಿಪೀಡಿಯ (398 words, 626 links)
[2026-03-23 14:15:51] Indexed: وڪيپيڊيا (51 words, 155 links)
[2026-03-23 14:15:53] Indexed: Wikiibíídiiya Dinék'ehjí (Navajo) - Yá'át'ééh! (624 words, 147 links)
[2026-03-23 14:15:55] Indexed: Wikipedia (923 words, 563 links)
[2026-03-23 14:15:56] Indexed: Wikipidia (1049 words, 411 links)
[2026-03-23 14:15:58] Indexed: ‎Wikipedia App - App Store (3427 words, 226 links)
[2026-03-23 14:15:59] Indexed: Википедия (122 words, 356 links)
[2026-03-23 14:16:01] Indexed: Wikipedia (918 words, 478 links)
[2026-03-23 14:16:03] Indexed: Vikipedi: Özgür Ansiklopedi (1205 words, 552 links)
[2026-03-23 14:16:04] Indexed: Wikipedia (1626 words, 530 links)
[2026-03-23 14:16:06] Indexed: Wikipedia (488 words, 673 links)
[2026-03-23 14:16:07] Indexed: Wikipedia (698 words, 149 links)
[2026-03-23 14:16:08] Indexed: Wikipedia (1060 words, 530 links)
[2026-03-23 14:16:12] Indexed: Wikipedia (796 words, 654 links)
[2026-03-23 14:16:13] Indexed: Wikipedia, njikotá édémédé nke onyobulạ (838 words, 165 links)
[2026-03-23 14:16:15] Indexed: Wikipedijô, wòlnô encyklopedijô (873 words, 560 links)
[2026-03-23 14:16:17] Crawler stopping...
[2026-03-23 14:16:19] Indexed: Wikisource (863 words, 365 links)
[2026-03-23 14:16:19] Crawler stopped by user
[2026-03-23 14:16:19] Crawl finished. Stats: {'urls_visited': 47, 'urls_indexed': 47, 'words_indexed': 27168, 'errors': 0, 'start_time': '2026-03-23 14:15:01', 'end_time': '2026-03-23 14:16:19'}
