[2026-03-21 17:03:55] Crawler started with ID: 1774101835_19428
rg/
[2026-03-21 17:03:55] Indexed: Wikipedia (607 words, 364 links)
[2026-03-21 17:03:56] Indexed: විකිපීඩියා (175 words, 231 links)
[2026-03-21 17:03:57] Indexed: विकिपिडिया (369 words, 584 links)
[2026-03-21 17:03:58] Indexed: 维基百科，自由个百科全书 (362 words, 503 links)
[2026-03-21 17:03:59] Indexed: विकिपीडिया (179 words, 178 links)
[2026-03-21 17:04:00] Indexed: Wikipedia (743 words, 469 links)
[2026-03-21 17:04:01] Indexed: ويكيبيديا، الموسوعة الحرة (121 words, 371 links)
[2026-03-21 17:04:02] Indexed: Wikipèdia bahsa Acèh (1312 words, 561 links)
[2026-03-21 17:04:03] Indexed: Wikipedia – Die freie Enzyklopädie (859 words, 199 links)
[2026-03-21 17:04:04] Indexed: Wikipedia (488 words, 673 links)
[2026-03-21 17:04:05] Indexed: विकिपीडिया (389 words, 679 links)
[2026-03-21 17:04:06] Indexed: Wikipedia (999 words, 519 links)
[2026-03-21 17:04:07] Indexed: Wikipedia (713 words, 475 links)
[2026-03-21 17:04:09] Indexed: List of Wikipedias - Meta-Wiki (7533 words, 3493 links)
[2026-03-21 17:04:11] Indexed: Wikipedia, den frie encyklopedi (1276 words, 518 links)
[2026-03-21 17:04:12] Indexed: Wikipedia (877 words, 633 links)
[2026-03-21 17:04:13] Indexed: Википедия (78 words, 246 links)
[2026-03-21 17:04:14] Indexed: Wikipedia (1051 words, 255 links)
[2026-03-21 17:04:15] Indexed: Wikipedia, la enciclopedia libre (1446 words, 341 links)
[2026-03-21 17:04:15] Indexed: List of Wikipedia mobile apps - Wikipedia (1817 words, 349 links)
[2026-03-21 17:04:16] Indexed: Wikipedija (1080 words, 471 links)
[2026-03-21 17:04:17] Indexed: Wikipédia, l'encyclopédie libre (1670 words, 570 links)
[2026-03-21 17:04:18] Indexed: 维基百科，自由的百科全书 (367 words, 601 links)
[2026-03-21 17:04:19] Indexed: Wikipidia (1049 words, 411 links)
[2026-03-21 17:04:20] Indexed: Wikipedia (991 words, 454 links)
[2026-03-21 17:04:21] Indexed: Wikipedia (923 words, 563 links)
[2026-03-21 17:04:22] Indexed: ꯋꯤꯀꯤꯄꯦꯗꯤꯌꯥ (483 words, 548 links)
[2026-03-21 17:04:23] Indexed: ዊኪፐድያ፣ ናጻ ኢንሳይክሎፐድያ (370 words, 470 links)
[2026-03-21 17:04:25] Indexed: Wikipedia (1478 words, 729 links)
[2026-03-21 17:04:25] Indexed: Wikipedia (916 words, 277 links)
[2026-03-21 17:04:26] Indexed: 維基百科，自由嘅百科全書 (171 words, 308 links)
[2026-03-21 17:04:27] Indexed: Wikipedia (709 words, 422 links)
[2026-03-21 17:04:28] Indexed: Википедиясь (228 words, 385 links)
[2026-03-21 17:04:29] Indexed: ဝီခီပီးဒီးယား (404 words, 667 links)
[2026-03-21 17:04:30] Indexed: Tsétsêhéstâhese Wikipedia (743 words, 488 links)
[2026-03-21 17:04:31] Indexed: Wikipédia, a enciclopédia livre (1505 words, 644 links)
[2026-03-21 17:04:32] Indexed: Википедий (139 words, 326 links)
[2026-03-21 17:04:33] Indexed: Wikipedia (1311 words, 650 links)
[2026-03-21 17:04:34] Indexed: Wikipedia (1220 words, 517 links)
[2026-03-21 17:04:35] Indexed: Wikipedyjo, swobodno yncyklopedyjo (811 words, 170 links)
[2026-03-21 17:04:36] Indexed: Вікіпедія (134 words, 323 links)
[2026-03-21 17:04:37] Indexed: Wikipedia (913 words, 569 links)
[2026-03-21 17:04:38] Indexed: Wikipèdia (1348 words, 515 links)
[2026-03-21 17:04:40] Indexed: Wikipedia (954 words, 468 links)
[2026-03-21 17:04:41] Indexed: Wikipedia (798 words, 464 links)
[2026-03-21 17:04:42] Indexed: ⵡⵉⴽⵉⴱⵉⴷⵢⴰ (443 words, 569 links)
[2026-03-21 17:04:43] Indexed: Wikipedia, el libre enciclopedia (1279 words, 588 links)
[2026-03-21 17:04:44] Indexed: Güiquipeya (631 words, 162 links)
[2026-03-21 17:04:45] Indexed: Wikimedia Foundation Terms of Use - Wikimedia Foun (8232 words, 217 links)
[2026-03-21 17:04:46] Indexed: Wikipedia (990 words, 509 links)
[2026-03-21 17:04:47] Indexed: Wikifunctions (748 words, 121 links)
[2026-03-21 17:04:48] Indexed: Wikipedia (1060 words, 530 links)
[2026-03-21 17:04:49] Indexed: Wikipedija (1182 words, 300 links)
[2026-03-21 17:04:50] Indexed: Wikipedia (1206 words, 491 links)
[2026-03-21 17:04:51] Indexed: Wikipedia (1701 words, 452 links)
[2026-03-21 17:04:52] Indexed: Wikipedia (1122 words, 478 links)
[2026-03-21 17:04:53] Indexed: Wikipedia (745 words, 488 links)
[2026-03-21 17:04:54] Indexed: Wikipedia (551 words, 617 links)
[2026-03-21 17:04:55] Indexed: ویکی‌پدیا، دانشنامهٔ آزاد (125 words, 476 links)
[2026-03-21 17:04:56] Indexed: Wikipedia (1747 words, 523 links)
[2026-03-21 17:04:57] Indexed: Wìkìpedia (850 words, 576 links)
[2026-03-21 17:04:58] Indexed: Wikipediya (608 words, 406 links)
[2026-03-21 17:04:59] Indexed: Wikipedia, dat fre'e Nakieksel (870 words, 150 links)
[2026-03-21 17:05:00] Indexed: Wikipedy (1069 words, 507 links)
[2026-03-21 17:05:01] Indexed: Wikipedia (804 words, 469 links)
[2026-03-21 17:05:02] Indexed: Wikipedie, otevřená encyklopedie (1431 words, 637 links)
[2026-03-21 17:05:03] Indexed: Wikipedia, vapaa tietosanakirja (1113 words, 553 links)
[2026-03-21 17:05:04] Indexed: Wikibooks (204 words, 84 links)
[2026-03-21 17:05:04] Indexed: Wikipiidiya (1119 words, 442 links)
[2026-03-21 17:05:06] Indexed: Wikipedia (129 words, 317 links)
[2026-03-21 17:05:06] Indexed: Wikipedia, det frie oppslagsverket (1158 words, 510 links)
[2026-03-21 17:05:07] Indexed: Википедия (102 words, 182 links)
[2026-03-21 17:05:08] Indexed: Wikipedia (918 words, 529 links)
[2026-03-21 17:05:09] Indexed: ဝီကီးပီးဒီးယား (431 words, 724 links)
[2026-03-21 17:05:11] Indexed: Wikipedia (1731 words, 648 links)
[2026-03-21 17:05:12] Indexed: װיקיפּעדיע (387 words, 620 links)
[2026-03-21 17:05:13] Indexed: ויקיפדיה (386 words, 601 links)
[2026-03-21 17:05:14] Indexed: Wikipedia (329 words, 440 links)
[2026-03-21 17:05:15] Indexed: Wikipedia (776 words, 532 links)
[2026-03-21 17:05:16] Indexed: Wikipidiya (883 words, 455 links)
[2026-03-21 17:05:17] Indexed: Wikipedia, ang malayang ensiklopedya (1821 words, 587 links)
[2026-03-21 17:05:18] Indexed: Vikipedi: Özgür Ansiklopedi (1255 words, 557 links)
[2026-03-21 17:05:19] Indexed: Wikipedia - Apps on Google Play (1052 words, 33 links)
[2026-03-21 17:05:20] Indexed: Wikipedia (860 words, 466 links)
[2026-03-21 17:05:21] Indexed: Vikipedija (1465 words, 243 links)
[2026-03-21 17:05:22] Indexed: Վիքիպեդիա՝ ազատ հանրագիտարան (381 words, 563 links)
[2026-03-21 17:05:23] Indexed: Wikipedia (1067 words, 181 links)
[2026-03-21 17:05:25] Indexed: Wikipedia (885 words, 501 links)
[2026-03-21 17:05:26] Indexed: Wikipedija (1650 words, 782 links)
[2026-03-21 17:05:27] Indexed: Vikipeedia (1209 words, 624 links)
[2026-03-21 17:05:28] Indexed: Wikipitiya (883 words, 410 links)
[2026-03-21 17:05:30] Indexed: Wikipidia Banjar, kindai pangatahuan (1141 words, 718 links)
[2026-03-21 17:05:31] Indexed: Wikipedia (988 words, 502 links)
[2026-03-21 17:05:32] Indexed: Vikipediya (1096 words, 265 links)
[2026-03-21 17:05:33] Indexed: Wikipedya (677 words, 494 links)
[2026-03-21 17:05:34] Indexed: ವಿಕಿಪೀಡಿಯ (360 words, 662 links)
[2026-03-21 17:05:35] Indexed: Wikipedija (873 words, 245 links)
[2026-03-21 17:05:36] Indexed: Vikipediya (1208 words, 614 links)
[2026-03-21 17:05:37] Indexed: ߥߞߌߔߘߋߞߎ (410 words, 492 links)
[2026-03-21 17:05:38] Indexed: Wikipedia (786 words, 525 links)
[2026-03-21 17:05:39] Indexed: Википедия — свободная энциклопедия (120 words, 312 links)
[2026-03-21 17:05:40] Indexed: Vichipedie (2174 words, 688 links)
[2026-03-21 17:05:42] Indexed: Wikipedia (832 words, 169 links)
[2026-03-21 17:05:43] Indexed: Wikipedia (1030 words, 573 links)
[2026-03-21 17:05:44] Indexed: Wikipedia (922 words, 482 links)
[2026-03-21 17:05:46] Indexed: विकिपीडिया (405 words, 705 links)
[2026-03-21 17:05:47] Indexed: Википедие (410 words, 547 links)
[2026-03-21 17:05:48] Indexed: Wikipedia, l'enciclopedia libera (2229 words, 378 links)
[2026-03-21 17:05:49] Indexed: विकिपीडिया (615 words, 524 links)
[2026-03-21 17:05:50] Indexed: Wikipedia (986 words, 415 links)
[2026-03-21 17:05:51] Indexed: Википєдїꙗ · отврьста єнкѷклопєдїꙗ (146 words, 224 links)
[2026-03-21 17:05:52] Indexed: 維基百科，自由嗰百科全書 (82 words, 165 links)
[2026-03-21 17:05:53] Indexed: Wikipedia (1011 words, 548 links)
[2026-03-21 17:05:54] Indexed: অসমীয়া ৱিকিপিডিয়া (382 words, 690 links)
[2026-03-21 17:05:55] Indexed: Vükiped (1128 words, 518 links)
[2026-03-21 17:05:56] Indexed: Вікіпедія (411 words, 621 links)
[2026-03-21 17:05:58] Indexed: Wikipedia (1633 words, 629 links)
[2026-03-21 17:05:58] Indexed: Wikivoyage (158 words, 44 links)
[2026-03-21 17:05:59] Indexed: Wikipedia, an godhoniador rydh (633 words, 114 links)
[2026-03-21 17:06:00] Indexed: Wikipedia, the free encyclopedia (1515 words, 613 links)
[2026-03-21 17:06:01] Indexed: Википеди — маьрша энциклопеди (92 words, 242 links)
[2026-03-21 17:06:03] Indexed: Wikipedia (788 words, 492 links)
[2026-03-21 17:06:04] Indexed: Википедия — донишномаи озод (214 words, 211 links)
[2026-03-21 17:06:05] Indexed: Wikipedia (1342 words, 591 links)
[2026-03-21 17:06:06] Indexed: Wikipedia, chū-iû ê pek-kho-choân-su (1043 words, 276 links)
[2026-03-21 17:06:07] Indexed: Wikipedia (1231 words, 573 links)
[2026-03-21 17:06:08] Indexed: Wîkîpediya (949 words, 202 links)
[2026-03-21 17:06:09] Indexed: Wikipedia (823 words, 542 links)
[2026-03-21 17:06:10] Indexed: Wikipedia (1164 words, 244 links)
[2026-03-21 17:06:11] Indexed: Wikipedia (1022 words, 518 links)
[2026-03-21 17:06:12] Indexed: Wiktionary (316 words, 191 links)
[2026-03-21 17:06:14] Indexed: వికీపీడియా (362 words, 578 links)
[2026-03-21 17:06:15] Indexed: ଉଇକିପିଡ଼ିଆ (95 words, 309 links)
[2026-03-21 17:06:16] Indexed: Wikipedia (1249 words, 573 links)
[2026-03-21 17:06:17] Indexed: Wikipiidia (632 words, 399 links)
[2026-03-21 17:06:18] Indexed: Dagbani Wikipedia (1139 words, 462 links)
[2026-03-21 17:06:19] Indexed: Wikipedia (1612 words, 537 links)
[2026-03-21 17:06:21] Indexed: Wikipedia (838 words, 501 links)
[2026-03-21 17:06:22] Indexed: Βικιπαίδεια (376 words, 513 links)
[2026-03-21 17:06:23] Indexed: Wikipedia (170 words, 559 links)
[2026-03-21 17:06:24] Indexed: Wikipedia, a enciclopedia libre (856 words, 201 links)
[2026-03-21 17:06:25] Indexed: Wikipedia (1305 words, 539 links)
[2026-03-21 17:06:26] Indexed: Wikipedia (1263 words, 493 links)
[2026-03-21 17:06:27] Indexed: Wikipedia (1086 words, 465 links)
[2026-03-21 17:06:28] Indexed: ويكيپيديا (402 words, 569 links)
[2026-03-21 17:06:29] Indexed: Vikipedija (1092 words, 214 links)
[2026-03-21 17:06:30] Indexed: Wikipedia (815 words, 447 links)
[2026-03-21 17:06:31] Indexed: Бикипиэдьийэ (429 words, 555 links)
[2026-03-21 17:06:33] Indexed: ویکی‌پدیا، آزاد دانشنومه (61 words, 205 links)
[2026-03-21 17:06:34] Indexed: Wikipǣdia (845 words, 478 links)
[2026-03-21 17:06:35] Indexed: ਵਿਕੀਪੀਡੀਆ, ਇਕ ਆਜ਼ਾਦ ਵਿਸ਼ਵਕੋਸ਼ (445 words, 602 links)
[2026-03-21 17:06:36] Indexed: Wikipidiya (1061 words, 411 links)
[2026-03-21 17:06:37] Indexed: Wikipedia (927 words, 427 links)
[2026-03-21 17:06:38] Indexed: Wikipedia Minangkabau (876 words, 272 links)
[2026-03-21 17:06:39] Indexed: Википедиа (109 words, 217 links)
[2026-03-21 17:06:40] Indexed: Wikipédia Sunda, énsiklopédi bébas (1350 words, 549 links)
[2026-03-21 17:06:42] Indexed: Wikipedia (1038 words, 469 links)
[2026-03-21 17:06:43] Indexed: Wikipedia (841 words, 458 links)
[2026-03-21 17:06:44] Indexed: Wikipedija / Википедија (1695 words, 577 links)
[2026-03-21 17:06:45] Indexed: विकिपिडिया (349 words, 438 links)
[2026-03-21 17:06:46] Indexed: lipu Wikipesija (1115 words, 461 links)
[2026-03-21 17:06:47] Indexed: Wikipedia (1078 words, 420 links)
[2026-03-21 17:06:48] Indexed: Википедија (167 words, 317 links)
[2026-03-21 17:06:49] Indexed: Wikipédia, bauwarna mardika (983 words, 465 links)
[2026-03-21 17:06:50] Indexed: ဝဳကဳပဳဒဳယာ (389 words, 583 links)
[2026-03-21 17:06:51] Indexed: Boarische Wikipedia (602 words, 115 links)
[2026-03-21 17:06:52] Indexed: Wikipedia (1759 words, 564 links)
[2026-03-21 17:06:53] Indexed: Wicipedia (1304 words, 546 links)
[2026-03-21 17:06:54] Indexed: Wikipedia, ła ensiclopedia łìbara in łéngua Vèneta (1297 words, 261 links)
[2026-03-21 17:06:55] Indexed: ဝီကီပီးဒီးယား (166 words, 351 links)
[2026-03-21 17:06:56] Indexed: Wikipedia (658 words, 440 links)
[2026-03-21 17:06:58] Indexed: Wikipedia – Jü fri Änsiiklopedii (2327 words, 475 links)
[2026-03-21 17:06:59] Indexed: Wikipedia (979 words, 491 links)
[2026-03-21 17:07:00] Indexed: Wikipedia (910 words, 265 links)
[2026-03-21 17:07:01] Indexed: Wikipedia (778 words, 198 links)
[2026-03-21 17:07:02] Indexed: Vikipedio (1770 words, 614 links)
[2026-03-21 17:07:03] Indexed: விக்கிப்பீடியா (441 words, 603 links)
[2026-03-21 17:07:04] Indexed: Wikipedia (698 words, 149 links)
[2026-03-21 17:07:05] Indexed: Wikisource (863 words, 365 links)
[2026-03-21 17:07:06] Indexed: Wikipedia, bách khoa toàn thư mở (1282 words, 352 links)
[2026-03-21 17:07:08] Indexed: উইকিপিডিয়া (60 words, 280 links)
[2026-03-21 17:07:09] Indexed: Wikipedia (751 words, 478 links)
[2026-03-21 17:07:10] Indexed: Wikipedia (985 words, 428 links)
[2026-03-21 17:07:11] Indexed: Wikipedija (1063 words, 532 links)
[2026-03-21 17:07:12] Indexed: Wikipedia (1405 words, 652 links)
[2026-03-21 17:07:13] Indexed: Википедија (142 words, 341 links)
[2026-03-21 17:07:14] Indexed: Wikipiideɛ (902 words, 445 links)
[2026-03-21 17:07:15] Indexed: Wikipedia (976 words, 447 links)
[2026-03-21 17:07:16] Indexed: Wikipedia (649 words, 427 links)
[2026-03-21 17:07:18] Indexed: Wikipedia (1500 words, 648 links)
[2026-03-21 17:07:19] Indexed: ვიკიპედია (492 words, 689 links)
[2026-03-21 17:07:20] Indexed: Wikipedia (1626 words, 726 links)
[2026-03-21 17:07:21] Indexed: Wikipédja (1203 words, 521 links)
[2026-03-21 17:07:22] Indexed: Вікіпэдыя (116 words, 239 links)
[2026-03-21 17:07:23] Indexed: 維基百科－自由个百科全書 (755 words, 305 links)
[2026-03-21 17:07:24] Indexed: Wikipedia (1276 words, 501 links)
[2026-03-21 17:07:26] Indexed: Wikipedia (2072 words, 662 links)
[2026-03-21 17:07:26] Indexed: Deed - Attribution-ShareAlike 4.0 International -  (758 words, 37 links)
[2026-03-21 17:07:27] Indexed: Vicipedia (1024 words, 494 links)
[2026-03-21 17:07:28] Indexed: Vikipedii (1027 words, 303 links)
[2026-03-21 17:07:29] Indexed: Wikipedia (1206 words, 591 links)
[2026-03-21 17:07:30] Indexed: Wikipedia (696 words, 164 links)
[2026-03-21 17:07:31] Indexed: Wikipedia (402 words, 532 links)
[2026-03-21 17:07:32] Indexed: Wikipedia (1234 words, 608 links)
[2026-03-21 17:07:33] Indexed: MediaWiki (571 words, 167 links)
[2026-03-21 17:07:34] Indexed: Vikipedeja (906 words, 498 links)
[2026-03-21 17:07:35] Indexed: Ուիքիփետիա (439 words, 502 links)
[2026-03-21 17:07:36] Indexed: ܘܝܩܝܦܕܝܐ (507 words, 507 links)
[2026-03-21 17:07:37] Indexed: Wikipedia (484 words, 400 links)
[2026-03-21 17:07:39] Indexed: Википедия (197 words, 224 links)
[2026-03-21 17:07:40] Indexed: Википедия (344 words, 435 links)
[2026-03-21 17:07:41] Indexed: Wikipedia (1327 words, 662 links)
[2026-03-21 17:07:42] Indexed: Википедия (99 words, 307 links)
[2026-03-21 17:07:43] Indexed: Википедия (335 words, 435 links)
[2026-03-21 17:07:44] Indexed: Wikipedia - Cê̤ṳ-iù gì Báik-kuŏ-ciòng-cṳ̆ (1036 words, 274 links)
[2026-03-21 17:07:47] Indexed: Wikipedia bahasa Indonesia, ensiklopedia bebas (1309 words, 629 links)
[2026-03-21 17:07:48] Indexed: Википеди (400 words, 579 links)
[2026-03-21 17:07:49] Indexed: Wikipédia, a szabad enciklopédia (1817 words, 624 links)
[2026-03-21 17:07:50] Indexed: Vouiquipèdia (1750 words, 711 links)
[2026-03-21 17:07:51] Indexed: Wikipedia, njikotá édémédé nke onyobulạ (838 words, 165 links)
[2026-03-21 17:07:53] Indexed: Wikipedia (918 words, 478 links)
[2026-03-21 17:07:54] Indexed: Wikipedia (649 words, 544 links)
[2026-03-21 17:07:55] Indexed: Vicipéid (1446 words, 682 links)
[2026-03-21 17:07:56] Indexed: Uicipeid (1460 words, 562 links)
[2026-03-21 17:07:57] Indexed: Wikipedia (1422 words, 268 links)
[2026-03-21 17:07:58] Indexed: Wikipedia, den frie encyklopædi (1673 words, 697 links)
[2026-03-21 17:08:00] Indexed: Wikipedia (1315 words, 635 links)
[2026-03-21 17:08:01] Indexed: Википеди (99 words, 220 links)
[2026-03-21 17:08:02] Indexed: Википедия (94 words, 267 links)
[2026-03-21 17:08:03] Indexed: Wikipedia (1198 words, 574 links)
[2026-03-21 17:08:04] Indexed: Wikipedia (861 words, 498 links)
[2026-03-21 17:08:05] Indexed: Wikipedia (1345 words, 578 links)
[2026-03-21 17:08:07] Indexed: Wikipédi, ènsiklopédi perdèo (1000 words, 570 links)
[2026-03-21 17:08:08] Indexed: ᥝᥤᥱ ᥑᥤᥱ ᥚᥤᥱ ᥖᥤᥱ ᥕᥣᥱ (444 words, 551 links)
[2026-03-21 17:08:09] Indexed: Wikipedia, de vrije encyclopedie (1335 words, 537 links)
[2026-03-21 17:08:10] Indexed: Википеди (105 words, 215 links)
[2026-03-21 17:08:11] Indexed: Vikipetã (1302 words, 519 links)
[2026-03-21 17:08:12] Indexed: Wikipedia (844 words, 468 links)
[2026-03-21 17:08:13] Indexed: Wikipedia (1617 words, 435 links)
[2026-03-21 17:08:14] Indexed: Wikimedia Foundation Privacy Policy - Wikimedia Fo (8520 words, 247 links)
[2026-03-21 17:08:15] Indexed: วิกิพีเดีย สารานุกรมเสรี (156 words, 263 links)
[2026-03-21 17:08:16] Indexed: 維基大典 (37 words, 165 links)
[2026-03-21 17:08:17] Indexed: Wikipedia (696 words, 507 links)
[2026-03-21 17:08:18] Indexed: Wikipedia (945 words, 434 links)
[2026-03-21 17:08:19] Indexed: Wikipedia (964 words, 536 links)
[2026-03-21 17:08:21] Indexed: Wikipedia (1267 words, 556 links)
[2026-03-21 17:08:22] Indexed: Wikipeetia (983 words, 496 links)
[2026-03-21 17:08:23] Indexed: Wikipedia (809 words, 651 links)
[2026-03-21 17:08:24] Indexed: Wikipidia (678 words, 433 links)
[2026-03-21 17:08:25] Indexed: Wikipédia (1737 words, 708 links)
[2026-03-21 17:08:27] Indexed: Wikipedia (1386 words, 527 links)
[2026-03-21 17:08:28] Indexed: Wikipedia (1079 words, 478 links)
[2026-03-21 17:08:29] Indexed: Википедия (163 words, 269 links)
[2026-03-21 17:08:30] Indexed: Wikipedia (998 words, 513 links)
[2026-03-21 17:08:31] Indexed: ວິກິພີເດຍ (454 words, 551 links)
[2026-03-21 17:08:32] Indexed: Wikispecies, free species directory (1672 words, 591 links)
[2026-03-21 17:08:33] Indexed: Wikipídiya (1110 words, 488 links)
[2026-03-21 17:08:34] Indexed: Wikipedia (946 words, 488 links)
[2026-03-21 17:08:35] Indexed: Википедия — эркенаб энциклопедия (93 words, 957 links)
[2026-03-21 17:08:36] Indexed: Wikipedia (791 words, 439 links)
[2026-03-21 17:08:37] Indexed: Wikiibíídiiya Dinék'ehjí (Navajo) - Yá'át'ééh! (624 words, 147 links)
[2026-03-21 17:08:38] Indexed: وِکیٖپیٖڈیا (96 words, 153 links)
[2026-03-21 17:08:39] Indexed: Wikipedia (1228 words, 530 links)
[2026-03-21 17:08:40] Indexed: ویکیپیدیا، ئینسایکڵۆپیدیای ئازاد (338 words, 585 links)
[2026-03-21 17:08:41] Indexed: Wikipedia (139 words, 335 links)
[2026-03-21 17:08:42] Indexed: Wikipedia (921 words, 638 links)
[2026-03-21 17:08:44] Indexed: Wikipedia (1098 words, 505 links)
[2026-03-21 17:08:45] Indexed: Wikipediýa (1208 words, 493 links)
[2026-03-21 17:08:46] Indexed: Wikipedia (864 words, 538 links)
[2026-03-21 17:08:47] Indexed: Wikiphidiya (835 words, 529 links)
[2026-03-21 17:08:48] Indexed: ವಿಕಿಪೀಡಿಯ (398 words, 626 links)
[2026-03-21 17:08:50] Indexed: উইকিপিডিয়া, একটি মুক্ত বিশ্বকোষ (81 words, 448 links)
[2026-03-21 17:08:51] Indexed: Wikipedia (1139 words, 304 links)
[2026-03-21 17:08:52] Indexed: Авикипедиа, зхы иақәиҭу аенциклопедиа (376 words, 448 links)
[2026-03-21 17:08:53] Indexed: Wikipidia (1126 words, 586 links)
[2026-03-21 17:08:55] Indexed: Vikipedya (593 words, 269 links)
[2026-03-21 17:08:56] Indexed: Wikipedia (222 words, 296 links)
[2026-03-21 17:08:57] Indexed: विकिपीडिया (321 words, 503 links)
[2026-03-21 17:08:59] Indexed: Wikipedia (897 words, 441 links)
[2026-03-21 17:09:00] Indexed: Wikipédia (1492 words, 440 links)
[2026-03-21 17:09:01] Indexed: វិគីភីឌា (449 words, 611 links)
[2026-03-21 17:09:02] Indexed: ويكيبيديا (457 words, 596 links)
[2026-03-21 17:09:03] Indexed: Wikipedia, den fria encyklopedin (1403 words, 612 links)
[2026-03-21 17:09:04] Indexed: Wikipedia (1123 words, 230 links)
[2026-03-21 17:09:05] Indexed: Wikipedia (886 words, 524 links)
[2026-03-21 17:09:07] Indexed: Biquipedia (1295 words, 590 links)
[2026-03-21 17:09:08] Indexed: ᱣᱤᱠᱤᱯᱤᱰᱤᱭᱟ (392 words, 519 links)
[2026-03-21 17:09:09] Indexed: ویکیپیڈیا، آزاد دائرۃ المعارف (75 words, 191 links)
[2026-03-21 17:09:10] Indexed: Wikipedia (883 words, 438 links)
[2026-03-21 17:09:11] Indexed: ဝီႇၶီႇၽီးတီးယႃး (206 words, 215 links)
[2026-03-21 17:09:12] Indexed: ᐅᐃᑭᐱᑎᐊ (567 words, 794 links)
[2026-03-21 17:09:13] Indexed: Wikipedia (1524 words, 594 links)
[2026-03-21 17:09:14] Indexed: Wikipedya (1288 words, 560 links)
[2026-03-21 17:09:16] Indexed: विकिपिडिया (375 words, 565 links)
[2026-03-21 17:09:17] Indexed: Wikipedia (704 words, 484 links)
[2026-03-21 17:09:18] Indexed: Wikipedia – Encyclopedia Yaulere (1081 words, 473 links)
[2026-03-21 17:09:19] Indexed: Vikipidiya (663 words, 458 links)
[2026-03-21 17:09:20] Indexed: विकिपीडिया (412 words, 789 links)
[2026-03-21 17:09:21] Indexed: Википедия (122 words, 356 links)
[2026-03-21 17:09:22] Indexed: Biquipédia (2106 words, 800 links)
[2026-03-21 17:09:24] Indexed: Wikipedia (716 words, 145 links)
[2026-03-21 17:09:25] Indexed: وکیپیڈیا (140 words, 432 links)
[2026-03-21 17:09:26] Indexed: ვიკიპედია, თავისუფალი ენციკლოპედია (375 words, 556 links)
[2026-03-21 17:09:27] Indexed: Wikipidiya (1048 words, 462 links)
[2026-03-21 17:09:28] Indexed: Википедиесь (497 words, 685 links)
[2026-03-21 17:09:29] Indexed: Wikipedia, frjálsa alfræðiritið (1076 words, 522 links)
[2026-03-21 17:09:30] Indexed: વિકિપીડિયા (344 words, 578 links)
[2026-03-21 17:09:31] Indexed: Wikipedia (1128 words, 650 links)
[2026-03-21 17:09:33] Indexed: وڪيپيڊيا (51 words, 155 links)
[2026-03-21 17:09:33] Indexed: Вікіпедыя (70 words, 232 links)
[2026-03-21 17:09:34] Indexed: ویکی‌پدیا، آچیق بیلیک‌لیک (54 words, 266 links)
[2026-03-21 17:09:35] Indexed: Wikinews (162 words, 51 links)
[2026-03-21 17:09:36] Indexed: Βικιπαίδεια (385 words, 503 links)
[2026-03-21 17:09:37] Indexed: وکیپیڈیا (361 words, 478 links)
[2026-03-21 17:09:38] Indexed: Wikipedia (1812 words, 796 links)
[2026-03-21 17:09:39] Indexed: Википедия (118 words, 248 links)
[2026-03-21 17:09:40] Indexed: Wikipedia (1166 words, 557 links)
[2026-03-21 17:09:42] Indexed: Уикипедия (372 words, 611 links)
[2026-03-21 17:09:43] Indexed: विकिपीडिया (385 words, 747 links)
[2026-03-21 17:09:44] Indexed: Huiquipedia (1483 words, 538 links)
[2026-03-21 17:09:45] Indexed: Wikipedia (1712 words, 731 links)
[2026-03-21 17:09:46] Indexed: Википеди (451 words, 467 links)
[2026-03-21 17:09:47] Indexed: Wikimedia Commons (1135 words, 684 links)
[2026-03-21 17:09:49] Indexed: Wikipetcia (862 words, 432 links)
[2026-03-21 17:09:50] Indexed: വിക്കിപീഡിയ (217 words, 329 links)
[2026-03-21 17:09:51] Indexed: Wikipedia (1243 words, 480 links)
[2026-03-21 17:09:52] Indexed: ވިކިޕީޑިއާ (501 words, 527 links)
[2026-03-21 17:09:53] Indexed: Wikipedia (1493 words, 544 links)
[2026-03-21 17:09:54] Indexed: Viquipèdia (1874 words, 540 links)
[2026-03-21 17:09:56] Indexed: Wikipedia (1057 words, 590 links)
[2026-03-21 17:09:57] Indexed: Wikipedia (956 words, 474 links)
[2026-03-21 17:09:59] Indexed: Make your donation now - Wikimedia Foundation (621 words, 22 links)
[2026-03-21 17:09:59] Indexed: Wikipedia (644 words, 155 links)
[2026-03-21 17:10:01] Indexed: Wikipedia, ensiklopedia bebas (2062 words, 959 links)
[2026-03-21 17:10:02] Indexed: Wikipedia (505 words, 573 links)
[2026-03-21 17:10:04] Indexed: Wikipedijô, wòlnô encyklopedijô (873 words, 560 links)
[2026-03-21 17:10:05] Indexed: Vicipaedia (1483 words, 652 links)
[2026-03-21 17:10:06] Indexed: Vikipediya, azad ensiklopediya (1073 words, 254 links)
[2026-03-21 17:10:07] Indexed: Wikiamachti (715 words, 435 links)
[2026-03-21 17:10:08] Indexed: Wikipedia (463 words, 460 links)
[2026-03-21 17:10:10] Indexed: Wikipedio (1420 words, 602 links)
[2026-03-21 17:10:11] Indexed: Wikipedia, ti nawaya nga ensiklopedia (962 words, 171 links)
[2026-03-21 17:10:12] Indexed: Wikidata (1288 words, 489 links)
[2026-03-21 17:10:13] Indexed: Wikipedia, wolna encyklopedia (1049 words, 267 links)
[2026-03-21 17:10:14] Indexed: Wikipedii (699 words, 488 links)
[2026-03-21 17:10:15] Indexed: Уикипедия (147 words, 241 links)
[2026-03-21 17:10:16] Indexed: Wikipedia (1351 words, 485 links)
[2026-03-21 17:10:17] Indexed: ويکيپېډيا (379 words, 507 links)
[2026-03-21 17:10:18] Indexed: Wikipedia (926 words, 499 links)
[2026-03-21 17:10:20] Indexed: Уикипедиэ (414 words, 579 links)
[2026-03-21 17:10:21] Indexed: Vikipēdija (857 words, 206 links)
[2026-03-21 17:10:21] Indexed: Wikiquote (224 words, 89 links)
[2026-03-21 17:10:22] Indexed: Wikipedia (813 words, 486 links)
[2026-03-21 17:10:24] Indexed: Wikipedia (1849 words, 499 links)
[2026-03-21 17:10:25] Indexed: Wikipedia (1432 words, 349 links)
[2026-03-21 17:10:26] Indexed: ውክፔዲያ (433 words, 475 links)
[2026-03-21 17:10:28] Indexed: Vikipediya (1188 words, 604 links)
[2026-03-21 17:10:29] Indexed: Main Page - Meta-Wiki (884 words, 377 links)
[2026-03-21 17:10:30] Indexed: ‎Wikipedia App - App Store (3426 words, 226 links)
[2026-03-21 17:10:32] Indexed: Wikipedia (1620 words, 528 links)
[2026-03-21 17:10:33] Indexed: ꠃꠁꠇꠤꠙꠤꠒꠤꠀ (445 words, 576 links)
[2026-03-21 17:10:34] Indexed: Wikipedia (1101 words, 512 links)
[2026-03-21 17:10:35] Indexed: Alemannische Wikipedia (1112 words, 205 links)
[2026-03-21 17:10:35] Indexed: Wikiversity (153 words, 35 links)
[2026-03-21 17:10:36] Indexed: 위키백과, 우리 모두의 백과사전 (110 words, 282 links)
[2026-03-21 17:10:38] Indexed: ආර්ජන්ටිනාව - විකිපීඩියා (8362 words, 1128 links)
[2026-03-21 17:10:39] Indexed: ශ්‍රී වීර පරාක්‍රම නරේන්ද්‍රසිංහ රජ - විකිපීඩියා (589 words, 302 links)
[2026-03-21 17:10:40] Indexed: මාර්තු 21 - විකිපීඩියා (202 words, 255 links)
[2026-03-21 17:10:41] Indexed: Wikipedia, l'enciclopedia libera (2229 words, 378 links)
[2026-03-21 17:10:43] Indexed: ද්වාරය:නවීන විද්‍යාව - විකිපීඩියා (145 words, 218 links)
[2026-03-21 17:10:44] Indexed: ශ්‍රී ලංකාව - විකිපීඩියා (851 words, 767 links)
[2026-03-21 17:10:45] Indexed: ਵਿਕੀਪੀਡੀਆ, ਇਕ ਆਜ਼ਾਦ ਵਿਸ਼ਵਕੋਸ਼ (445 words, 602 links)
[2026-03-21 17:10:46] Indexed: සැකිල්ල:තෝරාගත් සේයාරුව/12 - විකිපීඩියා (40 words, 40 links)
[2026-03-21 17:10:46] Indexed: 2026 - විකිපීඩියා (196 words, 216 links)
[2026-03-21 17:10:48] Indexed: මුල් පිටුව: සංශෝධන ඉතිහාසය - විකිපීඩියා (853 words, 202 links)
[2026-03-21 17:10:48] Indexed: මතකය (ස්මෘතිය) - විකිපීඩියා (125 words, 152 links)
[2026-03-21 17:10:49] Indexed: විකිපීඩියා:තෝරාගත් සේයාරුව - විකිපීඩියා (503 words, 428 links)
[2026-03-21 17:10:50] Indexed: Main Page/සිංහල - Wikisource (235 words, 141 links)
[2026-03-21 17:10:51] Indexed: 2003 - විකිපීඩියා (375 words, 320 links)
[2026-03-21 17:10:52] Indexed: මල්වතු විහාරය - විකිපීඩියා (85 words, 56 links)
[2026-03-21 17:10:52] Indexed: ද්වාරය:ඉතිහාසය - විකිපීඩියා (181 words, 219 links)
[2026-03-21 17:10:53] Indexed: ද්වාරය:ගණිතය - විකිපීඩියා (388 words, 436 links)
[2026-03-21 17:10:54] Indexed: Википедија (167 words, 317 links)
[2026-03-21 17:10:55] Indexed: Wikipedia (1164 words, 244 links)
[2026-03-21 17:10:57] Indexed: විකිපීඩියා:තෝරාගත් සංවත්සර/මාර්තු - විකිපීඩියා (672 words, 726 links)
[2026-03-21 17:10:57] Indexed: ප්‍රවර්ගය:දිනය අනුව තෝරාගත් සංවත්සර - විකිපීඩියා (171 words, 245 links)
[2026-03-21 17:10:59] Indexed: අමෙරිකා එක්සත් ජනපදය - විකිපීඩියා (14763 words, 1681 links)
[2026-03-21 17:11:00] Indexed: සංඛ්‍යාන දත්ත - විකිපීඩියා (66 words, 61 links)
[2026-03-21 17:11:01] Indexed: මුල් පිටුව - Wikispecies (304 words, 213 links)
[2026-03-21 17:11:02] Indexed: මුල් පිටුව - Wq/si - Wikimedia Incubator (346 words, 291 links)
[2026-03-21 17:11:03] Indexed: Main Page - Outreach Wiki (412 words, 183 links)
[2026-03-21 17:11:04] Indexed: Wikipedija (1063 words, 532 links)
[2026-03-21 17:11:05] Indexed: ගීතා කාන්ති ජයකොඩි - විකිපීඩියා (43 words, 40 links)
[2026-03-21 17:11:06] Indexed: ප්‍රවර්ග - විකිපීඩියා (121 words, 81 links)
[2026-03-21 17:11:06] Indexed: Vikipēdija (857 words, 206 links)
[2026-03-21 17:11:07] Indexed: Wikipedia – Die freie Enzyklopädie (863 words, 200 links)
[2026-03-21 17:11:08] Indexed: Վիքիպեդիա՝ ազատ հանրագիտարան (381 words, 563 links)
[2026-03-21 17:11:09] Indexed: සාකච්ඡාව:මුල් පිටුව - විකිපීඩියා (98 words, 83 links)
[2026-03-21 17:11:10] Indexed: පෘථිවියෙහි භ්‍රමණය - විකිපීඩියා (128 words, 127 links)
[2026-03-21 17:11:11] Indexed: MediaWiki/si - MediaWiki (362 words, 155 links)
[2026-03-21 17:11:12] Indexed: 위키백과, 우리 모두의 백과사전 (107 words, 265 links)
[2026-03-21 17:11:13] Indexed: Уикипедия (372 words, 611 links)
[2026-03-21 17:11:14] Indexed: Vikipeedia (1209 words, 624 links)
[2026-03-21 17:11:15] Indexed: ද්වාරය:චරිතාපදාන - විකිපීඩියා (501 words, 240 links)
[2026-03-21 17:11:15] Indexed: Wikimedia Commons (1135 words, 684 links)
[2026-03-21 17:11:17] Indexed: ویکی‌پدیا، دانشنامهٔ آزاد (125 words, 476 links)
[2026-03-21 17:11:17] Indexed: Wikimedia Foundation Governance Wiki (805 words, 213 links)
[2026-03-21 17:11:18] Indexed: සැකිල්ල:තෝරාගත් සේයාරුව/10 - විකිපීඩියා (40 words, 40 links)
[2026-03-21 17:11:19] Indexed: විශේෂ පිටු - විකිපීඩියා (203 words, 178 links)
[2026-03-21 17:11:21] Indexed: ඉස්ලාමීය රාජ්‍යය - විකිපීඩියා (1031 words, 293 links)
[2026-03-21 17:11:22] Indexed: Wikipedia, den frie encyklopedi (1276 words, 518 links)
[2026-03-21 17:11:23] Indexed: ලෝක සෞඛ්‍ය සංවිධානය - විකිපීඩියා (299 words, 249 links)
[2026-03-21 17:11:24] Indexed: Wikipedia, wolna encyklopedia (1049 words, 267 links)
[2026-03-21 17:11:25] Indexed: මහනුවර - විකිපීඩියා (327 words, 312 links)
[2026-03-21 17:11:26] Indexed: ඇපලෝ 13 - විකිපීඩියා (1554 words, 350 links)
[2026-03-21 17:11:27] Indexed: വിക്കിപീഡിയ (217 words, 329 links)
[2026-03-21 17:11:28] Indexed: ජාතික නිදහස් දින ලැයිස්තුව - විකිපීඩියා (1054 words, 447 links)
[2026-03-21 17:11:29] Indexed: Viquipèdia (1874 words, 540 links)
[2026-03-21 17:11:30] Indexed: Vikipedija (1092 words, 214 links)
[2026-03-21 17:11:31] Indexed: මාර්තු 19 - විකිපීඩියා (203 words, 257 links)
[2026-03-21 17:11:32] Indexed: 2025 නේපාල ඉසෙඩ් පරම්පරාවෙහි විරෝධතා - විකිපීඩියා (378 words, 185 links)
[2026-03-21 17:11:33] Indexed: Wikifunctions (748 words, 121 links)
[2026-03-21 17:11:34] Indexed: විකිපීඩියා:කෝපි කඩේ - විකිපීඩියා (609 words, 367 links)
[2026-03-21 17:11:35] Indexed: සෙංකඩගල රාජධානිය - විකිපීඩියා (764 words, 535 links)
[2026-03-21 17:11:36] Indexed: විකිමීඩියා පදනම - විකිපීඩියා (894 words, 488 links)
[2026-03-21 17:11:37] Indexed: ද්වාරය:භූගෝල විද්‍යාව - විකිපීඩියා (177 words, 191 links)
[2026-03-21 17:11:38] Indexed: විකිපීඩියා:පිළිබඳ - විකිපීඩියා (157 words, 222 links)
[2026-03-21 17:11:38] Indexed: විකිපීඩියා - විකිපීඩියා (821 words, 618 links)
[2026-03-21 17:11:40] Indexed: මහ පොළොව - විකිපීඩියා (813 words, 749 links)
[2026-03-21 17:11:41] Indexed: විකිපීඩියා:තෝරාගත් ලිපිය - විකිපීඩියා (398 words, 165 links)
[2026-03-21 17:11:42] Indexed: මුල් පිටුව සඳහා මුලාශ්‍රය නරඹන්න - විකිපීඩියා (857 words, 149 links)
[2026-03-21 17:11:43] Indexed: ගොනුව:Zahntempel Kandy.jpg - විකිපීඩියා (407 words, 116 links)
[2026-03-21 17:11:44] Indexed: ඉරාක යුද්ධය - විකිපීඩියා (506 words, 210 links)
[2026-03-21 17:11:45] Indexed: List of Wikipedias - Meta-Wiki (7533 words, 3493 links)
[2026-03-21 17:11:47] Indexed: Vikipediya (1096 words, 265 links)
[2026-03-21 17:11:48] Indexed: Wikipedia, a enciclopedia libre (856 words, 201 links)
[2026-03-21 17:11:50] Indexed: පිවිසෙන්න - විකිපීඩියා (42 words, 32 links)
[2026-03-21 17:11:51] Indexed: සන්නිවේදන නාලිකාව - විකිපීඩියා (63 words, 82 links)
[2026-03-21 17:11:52] Indexed: 2025 වසරෙහි මරණ - විකිපීඩියා (6032 words, 830 links)
[2026-03-21 17:11:53] Indexed: ඉරාක ජනරජය - විකිපීඩියා (406 words, 359 links)
[2026-03-21 17:11:54] Indexed: Vikipediya, azad ensiklopediya (1073 words, 254 links)
[2026-03-21 17:11:55] Indexed: ද්වාරය:තාක්ෂණය - විකිපීඩියා (302 words, 241 links)
[2026-03-21 17:11:56] Indexed: Wikipedia bahasa Indonesia, ensiklopedia bebas (1309 words, 629 links)
[2026-03-21 17:11:57] Indexed: හොයන්න - විකිපීඩියා (21 words, 27 links)
[2026-03-21 17:11:58] Indexed: Wikimedia Foundation Universal Code of Conduct - W (2091 words, 164 links)
[2026-03-21 17:11:59] Indexed: විකිපීඩියා:උදවු කවුළුව - විකිපීඩියා (639 words, 190 links)
[2026-03-21 17:11:59] Indexed: ගොනුව:Yapahuwa Staricase 2 cdm.jpg - විකිපීඩියා (326 words, 71 links)
[2026-03-21 17:12:00] Indexed: විකිපීඩියා:තෝරාගත් ලිපිය/17 - විකිපීඩියා (33 words, 44 links)
[2026-03-21 17:12:01] Indexed: Wiktionary (482 words, 436 links)
[2026-03-21 17:12:02] Indexed: Wikistats - Statistics For Wikimedia Projects (0 words, 0 links)
[2026-03-21 17:12:03] Indexed: Help:Contents - MediaWiki (747 words, 557 links)
[2026-03-21 17:12:04] Indexed: සිංහල බස - විකිපීඩියා (329 words, 234 links)
[2026-03-21 17:12:05] Indexed: යුනෙස්කෝ - විකිපීඩියා (2183 words, 831 links)
[2026-03-21 17:12:06] Indexed: සතිස්චන්ද්‍ර එදිරිසිංහ - විකිපීඩියා (260 words, 88 links)
[2026-03-21 17:12:08] Indexed: විකිපීඩියා:ප්‍රාදේශීය තානාපති කාර්යාලය - විකිපීඩිය (1923 words, 1231 links)
[2026-03-21 17:12:10] Indexed: විකිපීඩියා (175 words, 231 links)
[2026-03-21 17:12:12] Indexed: "මුල් පිටුව" වෙත සබැ‍ඳෙන පිටු - විකිපීඩියා (2653 words, 2540 links)
[2026-03-21 17:12:13] Indexed: දත්ත සම්ප්‍රේෂණය - විකිපීඩියා (96 words, 129 links)
[2026-03-21 17:12:14] Indexed: සැකිලි සාකච්ඡාව:ඔබ දන්නවාද - විකිපීඩියා (1635 words, 71 links)
[2026-03-21 17:12:17] Indexed: මුල් පිටුව - Wn/si - Wikimedia Incubator (298 words, 139 links)
[2026-03-21 17:12:18] Indexed: Wikipédia, l'encyclopédie libre (1670 words, 570 links)
[2026-03-21 17:12:19] Indexed: Wikipedia, den frie encyklopædi (1673 words, 697 links)
[2026-03-21 17:12:20] Indexed: විකිපීඩියා (201 words, 231 links)
[2026-03-21 17:12:22] Indexed: 2026:Wikimania - Wikimania (1311 words, 149 links)
[2026-03-21 17:12:23] Indexed: Wikipedia (998 words, 513 links)
[2026-03-21 17:12:24] Indexed: Wikipedia, den fria encyklopedin (1403 words, 612 links)
[2026-03-21 17:12:25] Indexed: Wikipedia, de vrije encyclopedie (1335 words, 537 links)
[2026-03-21 17:12:28] Indexed: අලුත් ගිණුමක් තනන්න - විකිපීඩියා (78 words, 31 links)
[2026-03-21 17:12:28] Indexed: මුල් පිටුව - Meta-Wiki (669 words, 365 links)
[2026-03-21 17:12:29] Indexed: Wikipedija (1182 words, 300 links)
[2026-03-21 17:12:30] Indexed: Info | daily-article-l@lists.wikimedia.org - lists (108 words, 7 links)
[2026-03-21 17:12:31] Indexed: ෂෙයික් හසීනාට එරෙහි නඩු විභාගය - විකිපීඩියා (201 words, 72 links)
[2026-03-21 17:12:32] Indexed: මෑත වෙනස්කිරීම් - විකිපීඩියා (545 words, 149 links)
[2026-03-21 17:12:34] Indexed: ඔබගේ පරිත්‍යාගය දැන් සපයන්න - Wikimedia Foundation (459 words, 22 links)
[2026-03-21 17:12:35] Indexed: Wikispecies, free species directory (1672 words, 591 links)
[2026-03-21 17:12:36] Indexed: විකිපීඩියා:පටුන - විකිපීඩියා (278 words, 122 links)
[2026-03-21 17:12:37] Indexed: නයිජර් - විකිපීඩියා (4838 words, 846 links)
[2026-03-21 17:12:38] Indexed: දළදා මාලිගා - විකිපීඩියා (45 words, 54 links)
[2026-03-21 17:12:38] Indexed: ගොනුව:Niameyairport 2005 crop.JPG - විකිපීඩියා (546 words, 122 links)
[2026-03-21 17:12:39] Indexed: උපන්‍යාසය - විකිපීඩියා (531 words, 32 links)
[2026-03-21 17:12:40] Indexed: විකිපීඩියා (175 words, 231 links)
[2026-03-21 17:12:41] Indexed: Wikipedia, bách khoa toàn thư mở (1282 words, 352 links)
[2026-03-21 17:12:41] Indexed: විධාන සහ සේවා මොඩියුලය - විකිපීඩියා (165 words, 66 links)
[2026-03-21 17:12:42] Indexed: Vikipedio (1770 words, 614 links)
[2026-03-21 17:12:43] Indexed: ඉන්දියාව - විකිපීඩියා (637 words, 515 links)
[2026-03-21 17:12:44] Indexed: දිට්වා සුළි කුණාටුව - විකිපීඩියා (1030 words, 163 links)
[2026-03-21 17:12:45] Indexed: Wikipedie, otevřená encyklopedie (1431 words, 637 links)
[2026-03-21 17:12:47] Indexed: Wikipedia, the free encyclopedia (1515 words, 613 links)
[2026-03-21 17:12:48] Indexed: Wikipedia, chū-iû ê pek-kho-choân-su (1043 words, 277 links)
[2026-03-21 17:12:49] Indexed: Wikipedija / Википедија (1695 words, 577 links)
[2026-03-21 17:12:50] Indexed: විශ්‍‍වකෝෂ‍ - විකිපීඩියා (207 words, 270 links)
[2026-03-21 17:12:51] Indexed: 1916 - විකිපීඩියා (268 words, 251 links)
[2026-03-21 17:12:53] Indexed: උදවු:ඔබගේ පළමු ලිපිය - විකිපීඩියා (2858 words, 312 links)
[2026-03-21 17:12:53] Indexed: සෙංකඩගල රාජකීය පරිශ්‍රය - විකිපීඩියා (96 words, 65 links)
[2026-03-21 17:12:54] Indexed: Wikidata (1288 words, 489 links)
[2026-03-21 17:12:55] Indexed: විකිපීඩියා:නිර්දේශ කවුලුව - විකිපීඩියා (348 words, 145 links)
[2026-03-21 17:12:56] Indexed: Wikipedia, vapaa tietosanakirja (1113 words, 553 links)
[2026-03-21 17:12:57] Indexed: Wikipédia, a szabad enciklopédia (1817 words, 624 links)
[2026-03-21 17:12:58] Indexed: ගාසා යුද්ධය - විකිපීඩියා (3606 words, 440 links)
[2026-03-21 17:12:59] Indexed: Wikibooks (134 words, 174 links)
[2026-03-21 17:13:00] Indexed: කුණ්ඩලිය - විකිපීඩියා (94 words, 73 links)
[2026-03-21 17:13:01] Indexed: විකිපීඩියා:ප්‍රජා ද්වාරය - විකිපීඩියා (4666 words, 1709 links)
[2026-03-21 17:13:02] Indexed: 2012 - විකිපීඩියා (374 words, 320 links)
[2026-03-21 17:13:04] Indexed: Wikipédia, a enciclopédia livre (1505 words, 644 links)
[2026-03-21 17:13:05] Indexed: 1969 - විකිපීඩියා (247 words, 266 links)
[2026-03-21 17:13:06] Indexed: මුල් පිටුව - Wy/si - Wikimedia Incubator (343 words, 192 links)
[2026-03-21 17:13:07] Indexed: පළමුවන විමලධර්මසූරිය රජ - විකිපීඩියා (580 words, 309 links)
[2026-03-21 17:13:08] Error fetching https://beta.wikiversity.org/wiki/%E0%B6%B8%E0%B7%94%E0%B6%BD%E0%B7%8A_%E0%B6%B4%E0%B7%92%E0%B6%A7%E0%B7%94%E0%B7%80: HTTP Error 404: Not Found
[2026-03-21 17:13:08] Indexed: Vikipedi: Özgür Ansiklopedi (1255 words, 557 links)
[2026-03-21 17:13:10] Indexed: චන්ද්‍රයා - විකිපීඩියා (1582 words, 968 links)
[2026-03-21 17:13:12] Indexed: Wikimedia main page - Wikidata (2540 words, 966 links)
[2026-03-21 17:13:13] Indexed: వికీపీడియా (362 words, 578 links)
[2026-03-21 17:13:14] Indexed: ෂෙයික් හසීනා - විකිපීඩියා (964 words, 301 links)
[2026-03-21 17:13:15] Indexed: Wikimedia Cookie Statement - Wikimedia Foundation  (2191 words, 174 links)
[2026-03-21 17:13:17] Indexed: රිපබ්ලිකන් පක්ෂය (එක්සත් ජනපදය) - විකිපීඩියා (2011 words, 388 links)
[2026-03-21 17:13:17] Indexed: Main Page - Meta-Wiki (884 words, 377 links)
[2026-03-21 17:13:18] Indexed: Wikipedia:Did you know archive - Wikipedia (6160 words, 858 links)
[2026-03-21 17:13:19] Indexed: ටියුනීසියාව - විකිපීඩියා (6153 words, 955 links)
[2026-03-21 17:13:21] Indexed: ඊජිප්තුව - විකිපීඩියා (7876 words, 1219 links)
[2026-03-21 17:13:22] Indexed: විකිපීඩියා:කාලීන සිදුවීම් - විකිපීඩියා (160 words, 225 links)
[2026-03-21 17:13:23] Error fetching https://si.wikipedia.org/wiki/%E0%B7%80%E0%B7%92%E0%B7%81%E0%B7%9A%E0%B7%82:%E0%B7%83%E0%B6%B6%E0%B7%90%E0%B6%B3%E0%B7%94%E0%B6%B1%E0%B7%94_%E0%B6%B8%E0%B7%91%E0%B6%AD_%E0%B7%80%E0%B7%99%E0%B6%B1%E0%B7%83%E0%B7%8A%E0%B6%9A%E0%B7%92%E0%B6%BB%E0%B7%93%E0%B6%B8%E0%B7%8A/%E0%B6%B8%E0%B7%94%E0%B6%BD%E0%B7%8A_%E0%B6%B4%E0%B7%92%E0%B6%A7%E0%B7%94%E0%B7%80: HTTP Error 404: Not Found
[2026-03-21 17:13:24] Indexed: මුල් පිටුව - විකිපීඩියා (26 words, 32 links)
[2026-03-21 17:13:24] Indexed: සාමාන්‍ය සාපේක්ෂතාවාදය - විකිපීඩියා (196 words, 181 links)
[2026-03-21 17:13:25] Indexed: Wikipédia (1492 words, 440 links)
[2026-03-21 17:13:26] Indexed: Wikipedia (143 words, 341 links)
[2026-03-21 17:13:27] Indexed: පොත් තනන්නා - විකිපීඩියා (50 words, 24 links)
[2026-03-21 17:13:28] Indexed: නේපාලයෙහි අග්‍රාමාත්‍යවරයා - විකිපීඩියා (593 words, 391 links)
[2026-03-21 17:13:29] Indexed: යාපහුව බලකොටුව - විකිපීඩියා (134 words, 177 links)
[2026-03-21 17:13:30] Indexed: මාලිනී ෆොන්සේකා - විකිපීඩියා (469 words, 177 links)
[2026-03-21 17:13:32] Indexed: ග්‍රෙගරි දින දසුන - විකිපීඩියා (1566 words, 806 links)
[2026-03-21 17:13:33] Indexed: Wiktionary (482 words, 436 links)
[2026-03-21 17:13:34] Indexed: විකිපීඩියා:පුවත් - විකිපීඩියා (374 words, 101 links)
[2026-03-21 17:13:35] Indexed: ויקיפדיה (386 words, 601 links)
[2026-03-21 17:13:36] Indexed: 2022 රුසියානු යුක්‍රේන ආක්‍රමණය - විකිපීඩියා (3208 words, 653 links)
[2026-03-21 17:13:37] Indexed: 1956 - විකිපීඩියා (248 words, 264 links)
[2026-03-21 17:13:39] Indexed: Wikipedia, ensiklopedia bebas (2076 words, 958 links)
[2026-03-21 17:13:40] Indexed: විකිපීඩියා:විශේෂාංග ලිපි - විකිපීඩියා (235 words, 254 links)
[2026-03-21 17:13:40] Unexpected error fetching https://si.wikipedia.org/w/index.php?title=මුල්_පිටුව&oldid=667040: 'ascii' codec can't encode characters in position 23-26: ordinal not in range(128)
[2026-03-21 17:13:41] Indexed: Vicipéid (1446 words, 682 links)
[2026-03-21 17:13:42] Indexed: සුෂිලා කාර්කි - විකිපීඩියා (374 words, 163 links)
[2026-03-21 17:13:43] Indexed: Википедија (142 words, 341 links)
[2026-03-21 17:13:44] Indexed: Wîkîpediya (949 words, 202 links)
[2026-03-21 17:13:45] Indexed: Wikipedia, det frie oppslagsverket (1158 words, 510 links)
[2026-03-21 17:13:46] Indexed: ශ්‍රී දළදා මාළිගාව - විකිපීඩියා (202 words, 144 links)
[2026-03-21 17:13:47] Indexed: ويكيبيديا، الموسوعة الحرة (121 words, 371 links)
[2026-03-21 17:13:48] Indexed: 维基百科，自由的百科全书 (367 words, 601 links)
[2026-03-21 17:13:49] Indexed: Wikipedy (1069 words, 507 links)
[2026-03-21 17:13:51] Indexed: ලතා වල්පොල - විකිපීඩියා (113 words, 79 links)
[2026-03-21 17:13:52] Indexed: බංග්ලාදේශය - විකිපීඩියා (424 words, 404 links)
[2026-03-21 17:13:53] Indexed: Wikipedia (1386 words, 527 links)
[2026-03-21 17:13:54] Indexed: Wikipedia (1139 words, 304 links)
[2026-03-21 17:13:55] Indexed: Wikisource (863 words, 364 links)
[2026-03-21 17:13:55] Indexed: විකිපීඩියා:තෝරාගත් ලිපිය/19 - විකිපීඩියා (36 words, 45 links)
[2026-03-21 17:13:57] Indexed: "මුල් පිටුව" සඳහා තොරතුරු - විකිපීඩියා (209 words, 143 links)
[2026-03-21 17:13:57] Indexed: วิกิพีเดีย สารานุกรมเสรี (156 words, 263 links)
[2026-03-21 17:13:58] Indexed: 1861 - විකිපීඩියා (233 words, 109 links)
[2026-03-21 17:13:59] Indexed: Discover and build Wikimedia technology - Wikimedi (286 words, 59 links)
[2026-03-21 17:14:00] Indexed: ද්වාරය:සමාජය - විකිපීඩියා (110 words, 132 links)
[2026-03-21 17:14:01] Indexed: Википедия — свободная энциклопедия (120 words, 312 links)
[2026-03-21 17:14:01] Indexed: බීටු දෝෂ අනුපාතිකය - විකිපීඩියා (91 words, 90 links)
[2026-03-21 17:14:03] Indexed: Wikipedia (1712 words, 731 links)
[2026-03-21 17:14:04] Indexed: Βικιπαίδεια (385 words, 503 links)
[2026-03-21 17:14:05] Indexed: 1854 - විකිපීඩියා (113 words, 75 links)
[2026-03-21 17:14:06] Indexed: Wikipedia (1432 words, 349 links)
[2026-03-21 17:14:07] Indexed: ගොනුව:Albert Einstein Head cleaned.jpg - විකිපීඩිය (738 words, 220 links)
[2026-03-21 17:14:07] Indexed: Wikibooks (134 words, 174 links)
[2026-03-21 17:14:08] Indexed: නේපාලය - විකිපීඩියා (398 words, 365 links)
[2026-03-21 17:14:10] Indexed: සමායෝත සාර්වත්‍ර වේලාව - විකිපීඩියා (330 words, 271 links)
[2026-03-21 17:14:11] Indexed: සැකිල්ල:තෝරාගත් සේයාරුව/11 - විකිපීඩියා (39 words, 44 links)
[2026-03-21 17:14:12] Indexed: Wikipedia, la enciclopedia libre (1446 words, 341 links)
[2026-03-21 17:14:13] Indexed: ගොනුව:Apollo 13 Service Module (lossless crop).jpg (538 words, 127 links)
[2026-03-21 17:14:14] Indexed: Вікіпедія (134 words, 323 links)
[2026-03-21 17:14:15] Indexed: ဝီကီပီးဒီးယား (166 words, 351 links)
[2026-03-21 17:14:16] Indexed: විකිපීඩියා (180 words, 237 links)
[2026-03-21 17:14:16] Indexed: Wikimedia (182 words, 22 links)
[2026-03-21 17:14:17] Indexed: ویکیپیڈیا، آزاد دائرۃ المعارف (75 words, 191 links)
[2026-03-21 17:14:18] Indexed: ඩියෝරි හමානි ජාත්‍යන්තර ගුවන්තොටුපළ ප්‍රහාරය - වික (377 words, 76 links)
[2026-03-21 17:14:19] Indexed: Wikidata (1288 words, 489 links)
[2026-03-21 17:14:20] Indexed: Download as PDF - විකිපීඩියා (33 words, 22 links)
[2026-03-21 17:14:20] Indexed: ද්වාරය:කලා - විකිපීඩියා (1183 words, 346 links)
[2026-03-21 17:14:21] Indexed: ලිනස් ටොවල්ඩ්ස් - විකිපීඩියා (1248 words, 487 links)
[2026-03-21 17:14:23] Indexed: ඇල්බට් අයින්ස්ටයින් - විකිපීඩියා (3580 words, 1290 links)
[2026-03-21 17:14:24] Indexed: විකිපීඩියා:පොදු වියාචනය - විකිපීඩියා (177 words, 221 links)
[2026-03-21 17:14:25] Indexed: Wikimedia Projects – Wikimedia Foundation (905 words, 77 links)
[2026-03-21 17:14:26] Indexed: ვიკიპედია, თავისუფალი ენციკლოპედია (375 words, 556 links)
[2026-03-21 17:14:28] Indexed: উইকিপিডিয়া, একটি মুক্ত বিশ্বকোষ (81 words, 448 links)
[2026-03-21 17:14:28] Indexed: මුල් පිටුව - Wikimedia Commons (371 words, 310 links)
[2026-03-21 17:14:29] Indexed: MediaWiki (571 words, 167 links)
[2026-03-21 17:14:30] Indexed: URL shortener - විකිපීඩියා (68 words, 22 links)
[2026-03-21 17:14:31] Indexed: මාර්තු 20 - විකිපීඩියා (202 words, 255 links)
[2026-03-21 17:14:32] Indexed: සියම් නිකායේ අස්ගිරි පාර්ශවය - විකිපීඩියා (97 words, 93 links)
[2026-03-21 17:14:33] Indexed: බුදුන් වහන්සේ - විකිපීඩියා (31 words, 47 links)
[2026-03-21 17:14:33] Indexed: Wikipèdia (1348 words, 515 links)
[2026-03-21 17:14:34] Indexed: وکیپیڈیا (361 words, 478 links)
[2026-03-21 17:14:35] Indexed: Wikipedia (1478 words, 729 links)
[2026-03-21 17:14:36] Indexed: Wikipedia, l'enciclopedia libera (2229 words, 378 links)
[2026-03-21 17:14:36] Unexpected error fetching https://dty.wikipedia.org/wiki/पोर्टल:जीवनी: 'ascii' codec can't encode characters in position 10-15: ordinal not in range(128)
[2026-03-21 17:14:38] Indexed: Wikipedia (1038 words, 469 links)
[2026-03-21 17:14:39] Indexed: Wikipedyjo, swobodno yncyklopedyjo (811 words, 170 links)
[2026-03-21 17:14:39] Indexed: Wikiphidiya (835 words, 529 links)
[2026-03-21 17:14:40] Indexed: Tsétsêhéstâhese Wikipedia (743 words, 488 links)
[2026-03-21 17:14:41] Indexed: Boarische Wikipedia (602 words, 115 links)
[2026-03-21 17:14:42] Indexed: ውክፔዲያ (433 words, 475 links)
[2026-03-21 17:14:43] Unexpected error fetching https://dty.wikipedia.org/wiki/बिशेष:AllPages/न: 'ascii' codec can't encode characters in position 10-14: ordinal not in range(128)
[2026-03-21 17:14:44] Indexed: विकिपीडिया (179 words, 178 links)
[2026-03-21 17:14:44] Indexed: Wikipedia (838 words, 501 links)
[2026-03-21 17:14:45] Error fetching https://dty.wikipedia.org/wiki/%E0%A4%B5%E0%A4%BF%E0%A4%95%E0%A4%BF%E0%A4%AA%E0%A4%BF%E0%A4%A1%E0%A4%BF%E0%A4%AF%E0%A4%BE:%E0%A4%B8%E0%A4%AE%E0%A5%8D%E0%A4%AC%E0%A4%A8%E0%A5%8D%E0%A4%A7%E0%A4%AE%E0%A5%80: HTTP Error 404: Not Found
[2026-03-21 17:14:45] Unexpected error fetching https://dty.wikipedia.org/wiki/बिशेष:AllPages/ल: 'ascii' codec can't encode characters in position 10-14: ordinal not in range(128)
[2026-03-21 17:14:46] Unexpected error fetching https://dty.wikibooks.org/wiki/मुख्य_पृष्ठ: 'ascii' codec can't encode characters in position 10-14: ordinal not in range(128)
[2026-03-21 17:14:47] Indexed: Уикипедия (372 words, 611 links)
[2026-03-21 17:14:47] Indexed: Wikipedia (778 words, 198 links)
[2026-03-21 17:14:48] Indexed: Wikipedia (999 words, 519 links)
[2026-03-21 17:14:49] Unexpected error fetching https://dty.wikipedia.org/wiki/बिशेष:AllPages/ग: 'ascii' codec can't encode characters in position 10-14: ordinal not in range(128)
[2026-03-21 17:14:50] Indexed: Wikipedia (1493 words, 544 links)
[2026-03-21 17:14:51] Indexed: Vikipediya, azad ensiklopediya (1073 words, 254 links)
[2026-03-21 17:14:51] Indexed: Wikiibíídiiya Dinék'ehjí (Navajo) - Yá'át'ééh! (624 words, 147 links)
[2026-03-21 17:14:52] Indexed: Our projects - Wikimedia Foundation Governance Wik (249 words, 65 links)
[2026-03-21 17:14:53] Indexed: Wikipedia (1731 words, 648 links)
[2026-03-21 17:14:54] Indexed: विकिपिडिया (349 words, 438 links)
[2026-03-21 17:14:55] Indexed: ꯋꯤꯀꯤꯄꯦꯗꯤꯌꯥ (483 words, 548 links)
[2026-03-21 17:14:55] Unexpected error fetching https://dty.wikipedia.org/wiki/पोर्टल:कला?action=edit&redlink=1: 'ascii' codec can't encode characters in position 10-15: ordinal not in range(128)
[2026-03-21 17:14:57] Indexed: "मुख्य पन्ना" को दोहरिया इतिहास - विकिपिडिया (243 words, 218 links)
[2026-03-21 17:14:57] Indexed: Wikipédja (1203 words, 521 links)
[2026-03-21 17:14:58] Indexed: Wikipédia, a szabad enciklopédia (1817 words, 624 links)
[2026-03-21 17:14:59] Indexed: Wikipedia (1626 words, 726 links)
[2026-03-21 17:15:00] Indexed: Википєдїꙗ · отврьста єнкѷклопєдїꙗ (146 words, 224 links)
[2026-03-21 17:15:01] Indexed: Wikinews, the free news source (1458 words, 260 links)
[2026-03-21 17:15:02] Error fetching https://dty.wikipedia.org/wiki/abstract:Abstract_Wikipedia:Main_page: HTTP Error 404: Not Found
[2026-03-21 17:15:03] Indexed: Wikipedya (1288 words, 560 links)
[2026-03-21 17:15:04] Indexed: Wikipedia Minangkabau (876 words, 272 links)
[2026-03-21 17:15:04] Indexed: Вікіпедія (134 words, 323 links)
[2026-03-21 17:15:05] Unexpected error fetching https://dty.wikipedia.org/wiki/चित्र:Wiktionary-logo-v2.svg: 'ascii' codec can't encode characters in position 10-14: ordinal not in range(128)
[2026-03-21 17:15:06] Indexed: Wikipedia (1263 words, 493 links)
[2026-03-21 17:15:06] Unexpected error fetching https://meta.wikimedia.org/wiki/मुख्यपृष्ठ: 'ascii' codec can't encode characters in position 10-19: ordinal not in range(128)
[2026-03-21 17:15:07] Indexed: Wikipedia (1432 words, 349 links)
[2026-03-21 17:15:08] Error fetching https://dty.wikipedia.org/wiki/%E0%A4%B5%E0%A4%BF%E0%A4%95%E0%A4%BF%E0%A4%AA%E0%A4%BF%E0%A4%A1%E0%A4%BF%E0%A4%AF%E0%A4%BE:%E0%A4%B8%E0%A4%BE%E0%A4%AE%E0%A4%BE%E0%A4%A8%E0%A5%8D%E0%A4%AF_%E0%A4%85%E0%A4%B8%E0%A5%8D%E0%A4%B5%E0%A5%80%E0%A4%95%E0%A4%BE%E0%A4%B0%E0%A5%8B%E0%A4%95%E0%A5%8D%E0%A4%A4%E0%A4%BF: HTTP Error 404: Not Found
[2026-03-21 17:15:08] Unexpected error fetching https://dty.wikipedia.org/wiki/२०१९-२०_कोरोनाभाइरस_प्रकोप?action=edit&redlink=1: 'ascii' codec can't encode characters in position 10-13: ordinal not in range(128)
[2026-03-21 17:15:11] Indexed: खाता खोल - विकिपिडिया (20 words, 40 links)
[2026-03-21 17:15:11] Indexed: ویکی‌پدیا، دانشنامهٔ آزاد (125 words, 476 links)
[2026-03-21 17:15:12] Unexpected error fetching https://dty.wikipedia.org/wiki/बिशेष:AllPages/क्ष: 'ascii' codec can't encode characters in position 10-14: ordinal not in range(128)
[2026-03-21 17:15:13] Indexed: Wikipedia (813 words, 486 links)
[2026-03-21 17:15:13] Unexpected error fetching https://dty.wikipedia.org/w/index.php?title=मुख्य_पन्ना&oldid=203793: 'ascii' codec can't encode characters in position 23-27: ordinal not in range(128)
[2026-03-21 17:15:14] Indexed: অসমীয়া ৱিকিপিডিয়া (382 words, 690 links)
[2026-03-21 17:15:15] Indexed: Portá antigua - Güiquipeya (1090 words, 534 links)
[2026-03-21 17:15:16] Indexed: Vikipidiya (663 words, 458 links)
[2026-03-21 17:15:17] Indexed: 维基百科，自由个百科全书 (362 words, 503 links)
[2026-03-21 17:15:18] Indexed: Wikipedia (1022 words, 518 links)
[2026-03-21 17:15:19] Indexed: Vouiquipèdia (1750 words, 711 links)
[2026-03-21 17:15:20] Indexed: ويكيپيديا (402 words, 569 links)
[2026-03-21 17:15:21] Indexed: Wikipedia, den frie encyklopædi (1673 words, 697 links)
[2026-03-21 17:15:22] Indexed: ވިކިޕީޑިއާ (501 words, 527 links)
[2026-03-21 17:15:22] Indexed: วิกิพีเดีย สารานุกรมเสรี (156 words, 263 links)
[2026-03-21 17:15:23] Indexed: Wikipedia (505 words, 573 links)
[2026-03-21 17:15:24] Indexed: Wikipedia (1405 words, 652 links)
[2026-03-21 17:15:25] Indexed: ဝီခီပီးဒီးယား (404 words, 667 links)
[2026-03-21 17:15:26] Indexed: Wikipidia (678 words, 433 links)
[2026-03-21 17:15:27] Indexed: Wikipedia (1311 words, 650 links)
[2026-03-21 17:15:28] Indexed: Википедия (102 words, 182 links)
[2026-03-21 17:15:29] Indexed: 维基百科，自由的百科全书 (367 words, 601 links)
[2026-03-21 17:15:29] Indexed: Vichipedie (2174 words, 688 links)
[2026-03-21 17:15:30] Unexpected error fetching https://dty.wikipedia.org/wiki/बिशेष:AllPages/त्र: 'ascii' codec can't encode characters in position 10-14: ordinal not in range(128)
[2026-03-21 17:15:31] Indexed: Wikipedia (1620 words, 528 links)
[2026-03-21 17:15:32] Unexpected error fetching https://dty.wikipedia.org/wiki/बिशेष:AllPages/०: 'ascii' codec can't encode characters in position 10-14: ordinal not in range(128)
[2026-03-21 17:15:33] Indexed: Википедия (122 words, 356 links)
[2026-03-21 17:15:33] Unexpected error fetching https://dty.wikipedia.org/wiki/बिशेष:AllPages/झ: 'ascii' codec can't encode characters in position 10-14: ordinal not in range(128)
[2026-03-21 17:15:34] Indexed: Wikipedia (926 words, 499 links)
[2026-03-21 17:15:35] Indexed: Wikipedia (1123 words, 230 links)
[2026-03-21 17:15:35] Indexed: Wikipedia (1101 words, 512 links)
[2026-03-21 17:15:36] Indexed: Wikipedia (170 words, 559 links)
[2026-03-21 17:15:37] Unexpected error fetching https://dty.wikipedia.org/wiki/बिशेष:AllPages/ध: 'ascii' codec can't encode characters in position 10-14: ordinal not in range(128)
[2026-03-21 17:15:38] Indexed: Wiktionary, the free dictionary (1136 words, 385 links)
[2026-03-21 17:15:39] Indexed: Wikipédia (1492 words, 440 links)
[2026-03-21 17:15:39] Unexpected error fetching https://dty.wikipedia.org/wiki/बिशेष:AllPages/द: 'ascii' codec can't encode characters in position 10-14: ordinal not in range(128)
[2026-03-21 17:15:40] Unexpected error fetching https://dty.wikipedia.org/wiki/पोर्टल:समाज?action=edit&redlink=1: 'ascii' codec can't encode characters in position 10-15: ordinal not in range(128)
[2026-03-21 17:15:40] Unexpected error fetching https://dty.wikipedia.org/wiki/विकिपिडिया:चौपातो: 'ascii' codec can't encode characters in position 10-19: ordinal not in range(128)
[2026-03-21 17:15:41] Unexpected error fetching https://dty.wikipedia.org/wiki/बिशेष:AllPages/थ: 'ascii' codec can't encode characters in position 10-14: ordinal not in range(128)
[2026-03-21 17:15:42] Indexed: Wikisource, the free library (994 words, 238 links)
[2026-03-21 17:15:42] Indexed: Wikipedia (916 words, 277 links)
[2026-03-21 17:15:43] Indexed: Википеди (451 words, 467 links)
[2026-03-21 17:15:44] Unexpected error fetching https://dty.wikipedia.org/wiki/आम्पान_महाचक्रवात?action=edit&redlink=1: 'ascii' codec can't encode characters in position 10-15: ordinal not in range(128)
[2026-03-21 17:15:45] Indexed: Main Page - Meta-Wiki (884 words, 377 links)
[2026-03-21 17:15:45] Unexpected error fetching https://dty.wikipedia.org/wiki/बिशेष:Random: 'ascii' codec can't encode characters in position 10-14: ordinal not in range(128)
[2026-03-21 17:15:46] Unexpected error fetching https://dty.wikipedia.org/wiki/बिशेष:Categories: 'ascii' codec can't encode characters in position 10-14: ordinal not in range(128)
[2026-03-21 17:15:47] Indexed: وڪيپيڊيا (51 words, 155 links)
[2026-03-21 17:15:47] Unexpected error fetching https://dty.wikipedia.org/wiki/बिशेष:AllPages/श्र: 'ascii' codec can't encode characters in position 10-14: ordinal not in range(128)
[2026-03-21 17:15:48] Unexpected error fetching https://dty.wikipedia.org/wiki/डोटेली_भाषा: 'ascii' codec can't encode characters in position 10-15: ordinal not in range(128)
[2026-03-21 17:15:49] Indexed: ዊኪፐድያ፣ ናጻ ኢንሳይክሎፐድያ (370 words, 470 links)
[2026-03-21 17:15:50] Indexed: मुख्य पन्ना को स्रोत हेर - विकिपिडिया (53 words, 109 links)
[2026-03-21 17:15:51] Indexed: सगरमाथा अञ्चल - विकिपिडिया (94 words, 130 links)
[2026-03-21 17:15:52] Indexed: Wikipedia (745 words, 488 links)
[2026-03-21 17:15:53] Indexed: ویکی‌پدیا، آزاد دانشنومه (61 words, 205 links)
[2026-03-21 17:15:53] Indexed: Wikipedia (885 words, 501 links)
[2026-03-21 17:15:54] Indexed: Википедия (118 words, 248 links)
[2026-03-21 17:15:55] Indexed: Wikipedia (1747 words, 523 links)
[2026-03-21 17:15:55] Unexpected error fetching https://dty.wikipedia.org/wiki/बिशेष:AllPages/ऐ: 'ascii' codec can't encode characters in position 10-14: ordinal not in range(128)
[2026-03-21 17:15:56] Indexed: विकिपिडिया (375 words, 565 links)
[2026-03-21 17:15:57] Indexed: વિકિપીડિયા (344 words, 578 links)
[2026-03-21 17:15:58] Indexed: Википедия (78 words, 246 links)
[2026-03-21 17:15:59] Indexed: Wikipedia – Encyclopedia Yaulere (1081 words, 473 links)
[2026-03-21 17:16:00] Indexed: विकिपीडिया (385 words, 747 links)
[2026-03-21 17:16:01] Indexed: Wikipidiya (1048 words, 462 links)
[2026-03-21 17:16:02] Indexed: ဝီကီးပီးဒီးယား (431 words, 724 links)
[2026-03-21 17:16:03] Indexed: Wikipedia (990 words, 509 links)
[2026-03-21 17:16:03] Indexed: Wikipedija / Википедија (1695 words, 577 links)
[2026-03-21 17:16:04] Indexed: వికీపీడియా (362 words, 578 links)
[2026-03-21 17:16:05] Unexpected error fetching https://dty.wikipedia.org/wiki/बिशेष:AllPages/स: 'ascii' codec can't encode characters in position 10-14: ordinal not in range(128)
[2026-03-21 17:16:06] Indexed: ויקיפדיה (386 words, 601 links)
[2026-03-21 17:16:07] Indexed: Wikipedia (798 words, 464 links)
[2026-03-21 17:16:07] Unexpected error fetching https://dty.wikipedia.org/wiki/बिशेष:AllPages/ऊ: 'ascii' codec can't encode characters in position 10-14: ordinal not in range(128)
[2026-03-21 17:16:08] Indexed: Википедие (410 words, 547 links)
[2026-03-21 17:16:09] Indexed: Wikipedia (1612 words, 537 links)
[2026-03-21 17:16:09] Unexpected error fetching https://dty.wikipedia.org/wiki/चित्र:Wikimedia-logo.svg: 'ascii' codec can't encode characters in position 10-14: ordinal not in range(128)
[2026-03-21 17:16:11] Indexed: Wikipedia (1267 words, 556 links)
[2026-03-21 17:16:11] Unexpected error fetching https://dty.wikipedia.org/wiki/बिशेष:AllPages/प: 'ascii' codec can't encode characters in position 10-14: ordinal not in range(128)
[2026-03-21 17:16:12] Indexed: Wikipeetia (983 words, 496 links)
[2026-03-21 17:16:13] Indexed: Wikipedia, ensiklopedia bebas (2062 words, 959 links)
[2026-03-21 17:16:14] Indexed: ವಿಕಿಪೀಡಿಯ (398 words, 626 links)
[2026-03-21 17:16:14] Unexpected error fetching https://dty.wikipedia.org/wiki/विकिपिडिया:इतिहासमी_आज: 'ascii' codec can't encode characters in position 10-19: ordinal not in range(128)
[2026-03-21 17:16:16] Indexed: Home – Wikimedia Foundation (1613 words, 87 links)
[2026-03-21 17:16:16] Indexed: Википедия (335 words, 435 links)
[2026-03-21 17:16:18] Indexed: Википедија (167 words, 317 links)
[2026-03-21 17:16:19] Indexed: ᥝᥤᥱ ᥑᥤᥱ ᥚᥤᥱ ᥖᥤᥱ ᥕᥣᥱ (444 words, 551 links)
[2026-03-21 17:16:19] Indexed: Vicipéid (1446 words, 682 links)
[2026-03-21 17:16:21] Indexed: श्रेणी:ढाँचाको यस खण्डमा पृष्ठहरू दोहोरो तर्कहरू प (543 words, 360 links)
[2026-03-21 17:16:22] Indexed: श्रेणी:अपूर्ण लेखअन - विकिपिडिया (14 words, 161 links)
[2026-03-21 17:16:23] Indexed: Wikipedia (788 words, 492 links)
[2026-03-21 17:16:24] Indexed: Wikipedia (985 words, 428 links)
[2026-03-21 17:16:25] Indexed: Вікіпедія (411 words, 621 links)
[2026-03-21 17:16:26] Indexed: Wikipedia (1422 words, 268 links)
[2026-03-21 17:16:26] Unexpected error fetching https://dty.wikipedia.org/wiki/चित्र:Wikinews-logo.png: 'ascii' codec can't encode characters in position 10-14: ordinal not in range(128)
[2026-03-21 17:16:27] Unexpected error fetching https://dty.wikipedia.org/wiki/बिशेष:AllPages/त: 'ascii' codec can't encode characters in position 10-14: ordinal not in range(128)
[2026-03-21 17:16:27] Unexpected error fetching https://dty.wikipedia.org/wiki/बिशेष:AllPages/ष: 'ascii' codec can't encode characters in position 10-14: ordinal not in range(128)
[2026-03-21 17:16:28] Indexed: វិគីភីឌា (449 words, 611 links)
[2026-03-21 17:16:28] Unexpected error fetching https://dty.wikipedia.org/wiki/माहुरी?action=edit&redlink=1: 'ascii' codec can't encode characters in position 10-15: ordinal not in range(128)
[2026-03-21 17:16:29] Indexed: Wikipidiya (1061 words, 411 links)
[2026-03-21 17:16:31] Indexed: पिडिएफकाे रूपमा डाउनलोड गर्नुहोस् - विकिपिडिया (7 words, 31 links)
[2026-03-21 17:16:31] Indexed: Wikipedia (1067 words, 181 links)
[2026-03-21 17:16:32] Indexed: ویکیپیدیا، ئینسایکڵۆپیدیای ئازاد (338 words, 585 links)
[2026-03-21 17:16:33] Indexed: ଉଇକିପିଡ଼ିଆ (95 words, 309 links)
[2026-03-21 17:16:34] Indexed: Википедиясь (228 words, 385 links)
[2026-03-21 17:16:34] Indexed: Википедий (139 words, 326 links)
[2026-03-21 17:16:36] Indexed: विकिपिडिया:प्रबन्धक सूचनापट्ट - विकिपिडिया (43 words, 61 links)
[2026-03-21 17:16:36] Indexed: Wikipèdia bahsa Acèh (1312 words, 561 links)
[2026-03-21 17:16:37] Indexed: Huiquipedia (1483 words, 538 links)
[2026-03-21 17:16:38] Indexed: विकिपिडिया:विशेषाधिकार निवेदन - विकिपिडिया (42 words, 76 links)
[2026-03-21 17:16:39] Indexed: विकिपिडिया (369 words, 584 links)
[2026-03-21 17:16:40] Indexed: Wikipédia Sunda, énsiklopédi bébas (1350 words, 549 links)
[2026-03-21 17:16:40] Unexpected error fetching https://dty.wikipedia.org/wiki/चित्र:Fernando_Torres_vs_Utrecht.jpg: 'ascii' codec can't encode characters in position 10-14: ordinal not in range(128)
[2026-03-21 17:16:41] Indexed: Wikipedia, el libre enciclopedia (1279 words, 588 links)
[2026-03-21 17:16:42] Indexed: Vükiped (1128 words, 518 links)
[2026-03-21 17:16:43] Indexed: Wikipedia (956 words, 474 links)
[2026-03-21 17:16:44] Indexed: विकिपिडिया:चौपातो - विकिपिडिया (2098 words, 425 links)
[2026-03-21 17:16:45] Indexed: Wikipedia (463 words, 460 links)
[2026-03-21 17:16:46] Indexed: Wikipedia (918 words, 478 links)
[2026-03-21 17:16:47] Indexed: Wikipédia, bauwarna mardika (983 words, 465 links)
[2026-03-21 17:16:47] Indexed: Wikipedia (1198 words, 574 links)
[2026-03-21 17:16:48] Indexed: Wikipedia (897 words, 441 links)
[2026-03-21 17:16:49] Indexed: وکیپیڈیا (140 words, 432 links)
[2026-03-21 17:16:50] Indexed: विकिपीडिया (389 words, 679 links)
[2026-03-21 17:16:50] Unexpected error fetching https://dty.wikipedia.org/wiki/विकिपिडिया:सहायता?action=edit&redlink=1: 'ascii' codec can't encode characters in position 10-19: ordinal not in range(128)
[2026-03-21 17:16:51] Indexed: Wikipedia, de vrije encyclopedie (1335 words, 537 links)
[2026-03-21 17:16:52] Indexed: Wikipedia (709 words, 422 links)
[2026-03-21 17:16:53] Indexed: Wikipedia (1701 words, 452 links)
[2026-03-21 17:16:53] Unexpected error fetching https://dty.wikipedia.org/wiki/बिशेष:AllPages/ऋ: 'ascii' codec can't encode characters in position 10-14: ordinal not in range(128)
[2026-03-21 17:16:54] Indexed: ویکیپیڈیا، آزاد دائرۃ المعارف (75 words, 191 links)
[2026-03-21 17:16:55] Indexed: Wikipedia, ti nawaya nga ensiklopedia (962 words, 171 links)
[2026-03-21 17:16:55] Unexpected error fetching https://dty.wikipedia.org/wiki/बिशेष:AllPages/ओ: 'ascii' codec can't encode characters in position 10-14: ordinal not in range(128)
[2026-03-21 17:16:56] Unexpected error fetching https://dty.wikipedia.org/wiki/बिशेष:RecentChanges: 'ascii' codec can't encode characters in position 10-14: ordinal not in range(128)
[2026-03-21 17:16:57] Indexed: Wikipedijô, wòlnô encyklopedijô (873 words, 560 links)
[2026-03-21 17:16:57] Unexpected error fetching https://dty.wikipedia.org/wiki/पोर्टल:विज्ञान: 'ascii' codec can't encode characters in position 10-15: ordinal not in range(128)
[2026-03-21 17:16:57] Unexpected error fetching https://dty.wikipedia.org/wiki/बिशेष:AllPages/अ: 'ascii' codec can't encode characters in position 10-14: ordinal not in range(128)
[2026-03-21 17:16:58] Unexpected error fetching https://dty.wikipedia.org/wiki/पोर्टल:इतिहास: 'ascii' codec can't encode characters in position 10-15: ordinal not in range(128)
[2026-03-21 17:16:58] Unexpected error fetching https://dty.wikipedia.org/wiki/बिशेष:AllPages/ज्ञ: 'ascii' codec can't encode characters in position 10-14: ordinal not in range(128)
[2026-03-21 17:17:00] Indexed: Vikipediya (1208 words, 614 links)
[2026-03-21 17:17:00] Unexpected error fetching https://dty.wikipedia.org/wiki/बिशेष:AllPages/फ: 'ascii' codec can't encode characters in position 10-14: ordinal not in range(128)
[2026-03-21 17:17:01] Error fetching https://dty.wikipedia.org/wiki/%E0%A4%B6%E0%A5%8D%E0%A4%B0%E0%A5%87%E0%A4%A3%E0%A5%80:%E0%A4%B0%E0%A4%BF%E0%A4%A4%E0%A4%BE%E0%A4%87_%E0%A4%AA%E0%A4%A8%E0%A5%8D%E0%A4%A8%E0%A4%BE: HTTP Error 404: Not Found
[2026-03-21 17:17:01] Indexed: Википедиесь (497 words, 685 links)
[2026-03-21 17:17:02] Unexpected error fetching https://dty.wikipedia.org/wiki/२०२०_ग्रीष्मकालीन_ओलम्पिक?action=edit&redlink=1: 'ascii' codec can't encode characters in position 10-13: ordinal not in range(128)
[2026-03-21 17:17:03] Indexed: ܘܝܩܝܦܕܝܐ (507 words, 507 links)
[2026-03-21 17:17:03] Unexpected error fetching https://dty.wikipedia.org/wiki/पोर्टल:भूगोल: 'ascii' codec can't encode characters in position 10-15: ordinal not in range(128)
[2026-03-21 17:17:04] Unexpected error fetching https://dty.wikipedia.org/wiki/राजविराज_नगरपालिका: 'ascii' codec can't encode characters in position 10-17: ordinal not in range(128)
[2026-03-21 17:17:05] Indexed: Wikipedia (1086 words, 465 links)
[2026-03-21 17:17:06] Indexed: Vikipediya (1188 words, 604 links)
[2026-03-21 17:17:06] Indexed: कुरणि:मुख्य पन्ना - विकिपिडिया (15 words, 60 links)
[2026-03-21 17:17:07] Unexpected error fetching https://dty.wikipedia.org/wiki/दक्षिण_एशियाली_सहयोग_संगठन: 'ascii' codec can't encode characters in position 10-15: ordinal not in range(128)
[2026-03-21 17:17:08] Indexed: Wikipedia (222 words, 296 links)
[2026-03-21 17:17:08] Indexed: Wikipedia (1098 words, 505 links)
[2026-03-21 17:17:09] Indexed: Wikipedia (877 words, 633 links)
[2026-03-21 17:17:10] Indexed: Βικιπαίδεια (385 words, 503 links)
[2026-03-21 17:17:11] Indexed: Wikipedia (649 words, 544 links)
[2026-03-21 17:17:12] Indexed: Wikipedia (1030 words, 573 links)
[2026-03-21 17:17:13] Indexed: ويکيپېډيا (379 words, 507 links)
[2026-03-21 17:17:14] Indexed: Wikipedia (1243 words, 480 links)
[2026-03-21 17:17:14] Unexpected error fetching https://dty.wikipedia.org/wiki/बिशेष:AllPages/ब: 'ascii' codec can't encode characters in position 10-14: ordinal not in range(128)
[2026-03-21 17:17:14] Unexpected error fetching https://dty.wikipedia.org/wiki/बिशेष:AllPages/ट: 'ascii' codec can't encode characters in position 10-14: ordinal not in range(128)
[2026-03-21 17:17:16] Indexed: प्रवेशगर्नु जरुरी छ। - Wikimedia Commons (19 words, 26 links)
[2026-03-21 17:17:17] Indexed: Wikipedia (1849 words, 499 links)
[2026-03-21 17:17:17] Unexpected error fetching https://dty.wikipedia.org/wiki/दैलेख_जिल्ला: 'ascii' codec can't encode characters in position 10-14: ordinal not in range(128)
[2026-03-21 17:17:18] Indexed: Wikipedia (498 words, 394 links)
[2026-03-21 17:17:19] Unexpected error fetching https://dty.wikipedia.org/wiki/बिशेष:AllPages/म: 'ascii' codec can't encode characters in position 10-14: ordinal not in range(128)
[2026-03-21 17:17:20] Indexed: 위키백과, 우리 모두의 백과사전 (107 words, 265 links)
[2026-03-21 17:17:20] Indexed: Wikipedia – Die freie Enzyklopädie (863 words, 200 links)
[2026-03-21 17:17:21] Indexed: Vikipediya (1096 words, 265 links)
[2026-03-21 17:17:22] Indexed: Wikipedia (1234 words, 608 links)
[2026-03-21 17:17:23] Indexed: Wikipedia, frjálsa alfræðiritið (1076 words, 522 links)
[2026-03-21 17:17:24] Indexed: ვიკიპედია (492 words, 689 links)
[2026-03-21 17:17:25] Indexed: ဝီကီပီးဒီးယား (166 words, 351 links)
[2026-03-21 17:17:25] Unexpected error fetching https://dty.wikipedia.org/wiki/ढाँचा:खास_चित्र/२०२६-०३-१८?action=edit&redlink=1: 'ascii' codec can't encode characters in position 10-14: ordinal not in range(128)
[2026-03-21 17:17:26] Unexpected error fetching https://dty.wikipedia.org/wiki/अमेरिका: 'ascii' codec can't encode characters in position 10-16: ordinal not in range(128)
[2026-03-21 17:17:27] Indexed: Wikipedija (1650 words, 782 links)
[2026-03-21 17:17:28] Indexed: Βικιπαίδεια (376 words, 513 links)
[2026-03-21 17:17:29] Indexed: Vikipedi: Özgür Ansiklopedi (1255 words, 557 links)
[2026-03-21 17:17:30] Indexed: Wikipedia (786 words, 525 links)
[2026-03-21 17:17:31] Unexpected error fetching https://dty.wikipedia.org/wiki/विकिपीडिया:जेदाजसो_सोदीन्या_प्रश्नअन: 'ascii' codec can't encode characters in position 10-19: ordinal not in range(128)
[2026-03-21 17:17:32] Indexed: Wikipedia (883 words, 438 links)
[2026-03-21 17:17:32] Indexed: Vikipedii (1027 words, 303 links)
[2026-03-21 17:17:33] Indexed: विकिपीडिया (321 words, 503 links)
[2026-03-21 17:17:34] Indexed: Biquipedia (1295 words, 590 links)
[2026-03-21 17:17:36] Indexed: श्रेणी:विकिपिडिया - विकिपिडिया (232 words, 341 links)
[2026-03-21 17:17:37] Indexed: Wikipedia (1122 words, 478 links)
[2026-03-21 17:17:37] Unexpected error fetching https://dty.wikipedia.org/wiki/बिशेष:AllPages/इ: 'ascii' codec can't encode characters in position 10-14: ordinal not in range(128)
[2026-03-21 17:17:38] Indexed: Wikipedia (1164 words, 244 links)
[2026-03-21 17:17:39] Indexed: Wikipiideɛ (902 words, 445 links)
[2026-03-21 17:17:39] Unexpected error fetching https://dty.wikipedia.org/wiki/चित्र:Wikispecies-logo.png: 'ascii' codec can't encode characters in position 10-14: ordinal not in range(128)
[2026-03-21 17:17:40] Indexed: Wikipedia (1206 words, 491 links)
[2026-03-21 17:17:41] Indexed: विकिपिडिया:सामुदायिक पोर्टल - विकिपिडिया (20502 words, 715 links)
[2026-03-21 17:17:42] Indexed: Wikipedia, the free encyclopedia (1515 words, 613 links)
[2026-03-21 17:17:43] Indexed: Wikipedya (677 words, 494 links)
[2026-03-21 17:17:43] Unexpected error fetching https://dty.wikipedia.org/wiki/बिशेष:AllPages/ई: 'ascii' codec can't encode characters in position 10-14: ordinal not in range(128)
[2026-03-21 17:17:44] Unexpected error fetching https://dty.wikipedia.org/wiki/ढाँचा:खास_चित्र/२०२६-०३-१९?action=edit&redlink=1: 'ascii' codec can't encode characters in position 10-14: ordinal not in range(128)
[2026-03-21 17:17:45] Indexed: Wikipitiya (883 words, 410 links)
[2026-03-21 17:17:45] Unexpected error fetching https://dty.wikipedia.org/wiki/बिशेष:AllPages/श: 'ascii' codec can't encode characters in position 10-14: ordinal not in range(128)
[2026-03-21 17:17:46] Indexed: Wikipedija (1182 words, 300 links)
[2026-03-21 17:17:47] Indexed: Википеди — маьрша энциклопеди (92 words, 242 links)
[2026-03-21 17:17:48] Error fetching https://dty.wikipedia.org/wiki/%E0%A4%B5%E0%A4%BF%E0%A4%B6%E0%A5%87%E0%A4%B7:AllPages/: HTTP Error 404: Not Found
[2026-03-21 17:17:48] Unexpected error fetching https://dty.wikipedia.org/wiki/बिशेष:AllPages/घ: 'ascii' codec can't encode characters in position 10-14: ordinal not in range(128)
[2026-03-21 17:17:49] Indexed: Wikipedia (497 words, 394 links)
[2026-03-21 17:17:50] Indexed: Wikipedia (1500 words, 648 links)
[2026-03-21 17:17:50] Unexpected error fetching https://dty.wikipedia.org/wiki/बिशेष:AllPages/ह: 'ascii' codec can't encode characters in position 10-14: ordinal not in range(128)
[2026-03-21 17:17:51] Error fetching https://dty.wikinews.org/wiki/: HTTP Error 404: Not Found
[2026-03-21 17:17:52] Indexed: युआरएल संक्षिप्तीकरण - विकिपिडिया (44 words, 31 links)
[2026-03-21 17:17:53] Indexed: विकिपिडिया (370 words, 585 links)
[2026-03-21 17:17:54] Indexed: Википедия (99 words, 307 links)
[2026-03-21 17:17:55] Indexed: Wikipedia bahasa Indonesia, ensiklopedia bebas (1309 words, 629 links)
[2026-03-21 17:17:56] Indexed: Wikipedia, an godhoniador rydh (633 words, 114 links)
[2026-03-21 17:17:56] Unexpected error fetching https://dty.wikipedia.org/wiki/हेरोडोटस?action=edit&redlink=1: 'ascii' codec can't encode characters in position 10-17: ordinal not in range(128)
[2026-03-21 17:17:57] Unexpected error fetching https://dty.wikipedia.org/wiki/चित्र:Wikibooks-logo.svg: 'ascii' codec can't encode characters in position 10-14: ordinal not in range(128)
[2026-03-21 17:17:58] Indexed: Uicipeid (1460 words, 562 links)
[2026-03-21 17:17:59] Indexed: وِکیٖپیٖڈیا (96 words, 153 links)
[2026-03-21 17:17:59] Indexed: Wikipediýa (1208 words, 493 links)
[2026-03-21 17:18:00] Indexed: Wikipedia (1327 words, 662 links)
[2026-03-21 17:18:01] Indexed: Бикипиэдьийэ (429 words, 555 links)
[2026-03-21 17:18:02] Indexed: Wikipedia (918 words, 529 links)
[2026-03-21 17:18:03] Indexed: விக்கிப்பீடியா (441 words, 603 links)
[2026-03-21 17:18:04] Indexed: Wikipedia (1633 words, 629 links)
[2026-03-21 17:18:06] Indexed: Wikipedia, det frie oppslagsverket (1158 words, 510 links)
[2026-03-21 17:18:07] Indexed: Wikipedia (861 words, 498 links)
[2026-03-21 17:18:08] Unexpected error fetching https://dty.wikipedia.org/wiki/विकिपिडिया:जेदाजसो_सोदिन्या_प्रश्नअन: 'ascii' codec can't encode characters in position 10-19: ordinal not in range(128)
[2026-03-21 17:18:09] Indexed: विकिपिडिया (369 words, 587 links)
[2026-03-21 17:18:10] Indexed: Wikipedia (751 words, 478 links)
[2026-03-21 17:18:11] Indexed: 維基大典 (37 words, 165 links)
[2026-03-21 17:18:12] Indexed: Wikipedia (991 words, 454 links)
[2026-03-21 17:18:14] Indexed: Make your donation now - Wikimedia Foundation (578 words, 22 links)
[2026-03-21 17:18:14] Indexed: विकिपीडिया (412 words, 789 links)
[2026-03-21 17:18:15] Unexpected error fetching https://dty.wikipedia.org/wiki/पोर्टल:सामग्रिइन/पोर्टलअन?action=edit&redlink=1: 'ascii' codec can't encode characters in position 10-15: ordinal not in range(128)
[2026-03-21 17:18:17] Indexed: Wikipedia (1315 words, 635 links)
[2026-03-21 17:18:18] Indexed: Վիքիպեդիա՝ ազատ հանրագիտարան (381 words, 563 links)
[2026-03-21 17:18:18] Unexpected error fetching https://dty.wikipedia.org/wiki/चित्र:AP-BLD_PIA_A320_at_DAC_(25144492685).jpg: 'ascii' codec can't encode characters in position 10-14: ordinal not in range(128)
[2026-03-21 17:18:20] Indexed: ꠃꠁꠇꠤꠙꠤꠒꠤꠀ (445 words, 576 links)
[2026-03-21 17:18:20] Indexed: Wikipedia (2072 words, 662 links)
[2026-03-21 17:18:21] Indexed: Wikiamachti (715 words, 435 links)
[2026-03-21 17:18:22] Indexed: Wikipedia, den fria encyklopedin (1403 words, 612 links)
[2026-03-21 17:18:23] Indexed: Wikipedia (1011 words, 548 links)
[2026-03-21 17:18:24] Indexed: Wikipedia (921 words, 638 links)
[2026-03-21 17:18:25] Unexpected error fetching https://dty.wikipedia.org/wiki/पोर्टल:प्रविधि?action=edit&redlink=1: 'ascii' codec can't encode characters in position 10-15: ordinal not in range(128)
[2026-03-21 17:18:26] Indexed: Wikipedia (1305 words, 539 links)
[2026-03-21 17:18:26] Indexed: ᱣᱤᱠᱤᱯᱤᱰᱤᱭᱟ (392 words, 519 links)
[2026-03-21 17:18:27] Indexed: Wikipedia (804 words, 469 links)
[2026-03-21 17:18:28] Indexed: Википеди (99 words, 220 links)
[2026-03-21 17:18:29] Indexed: Wikipedia (946 words, 488 links)
[2026-03-21 17:18:30] Indexed: Vikipedeja (906 words, 498 links)
[2026-03-21 17:18:30] Unexpected error fetching https://dty.wikipedia.org/wiki/विकिपिडिया:खास_चित्र/मार्च_२०२६?action=edit&redlink=1: 'ascii' codec can't encode characters in position 10-19: ordinal not in range(128)
[2026-03-21 17:18:31] Indexed: ਵਿਕੀਪੀਡੀਆ, ਇਕ ਆਜ਼ਾਦ ਵਿਸ਼ਵਕੋਸ਼ (445 words, 602 links)
[2026-03-21 17:18:32] Indexed: Wikipedia (696 words, 164 links)
[2026-03-21 17:18:33] Indexed: Alemannische Wikipedia (1112 words, 205 links)
[2026-03-21 17:18:34] Indexed: Wikipedia (143 words, 341 links)
[2026-03-21 17:18:34] Unexpected error fetching https://dty.wikipedia.org/wiki/ढाँचा:खास_लेख/फेब्रुअरी,_२०२६?action=edit&redlink=1: 'ascii' codec can't encode characters in position 10-14: ordinal not in range(128)
[2026-03-21 17:18:35] Indexed: Уикипедия (147 words, 241 links)
[2026-03-21 17:18:35] Unexpected error fetching https://dty.wikipedia.org/wiki/बिशेष:AllPages/ञ: 'ascii' codec can't encode characters in position 10-14: ordinal not in range(128)
[2026-03-21 17:18:36] Indexed: Wikipedia – Jü fri Änsiiklopedii (2327 words, 475 links)
[2026-03-21 17:18:37] Indexed: ویکی‌پدیا، آچیق بیلیک‌لیک (54 words, 266 links)
[2026-03-21 17:18:37] Indexed: 維基百科，自由嗰百科全書 (82 words, 165 links)
[2026-03-21 17:18:38] Indexed: Wikipedia (922 words, 482 links)
[2026-03-21 17:18:38] Unexpected error fetching https://dty.wikipedia.org/wiki/बिशेष:AllPages/क: 'ascii' codec can't encode characters in position 10-14: ordinal not in range(128)
[2026-03-21 17:18:39] Indexed: Wikipedia (1524 words, 594 links)
[2026-03-21 17:18:40] Indexed: Wikipedia (1060 words, 530 links)
[2026-03-21 17:18:41] Indexed: Wikipedia (696 words, 507 links)
[2026-03-21 17:18:42] Indexed: Wikipedia (886 words, 524 links)
[2026-03-21 17:18:43] Indexed: Википеди (105 words, 215 links)
[2026-03-21 17:18:44] Indexed: Википедия — донишномаи озод (214 words, 211 links)
[2026-03-21 17:18:44] Indexed: Wikipedia (1231 words, 573 links)
[2026-03-21 17:18:45] Indexed: Wikipidia (1049 words, 411 links)
[2026-03-21 17:18:46] Unexpected error fetching https://dty.wikipedia.org/wiki/विकिपिडिया:स्वशिक्षा: 'ascii' codec can't encode characters in position 10-19: ordinal not in range(128)
[2026-03-21 17:18:47] Indexed: Wikipedia (832 words, 169 links)
[2026-03-21 17:18:47] Indexed: Wikipedia (864 words, 538 links)
[2026-03-21 17:18:48] Indexed: Wikipedia (1342 words, 591 links)
[2026-03-21 17:18:49] Indexed: Viquipèdia (1874 words, 540 links)
[2026-03-21 17:18:50] Indexed: Wikipedia (791 words, 439 links)
[2026-03-21 17:18:51] Indexed: Wikipedija (873 words, 245 links)
[2026-03-21 17:18:52] Indexed: Wikipedia (1345 words, 578 links)
[2026-03-21 17:18:53] Indexed: ዊኪፒድያ (373 words, 453 links)
[2026-03-21 17:18:53] Unexpected error fetching https://dty.wikipedia.org/wiki/बिशेष:AllPages/छ: 'ascii' codec can't encode characters in position 10-14: ordinal not in range(128)
[2026-03-21 17:18:54] Indexed: Wikipedia (954 words, 468 links)
[2026-03-21 17:18:55] Unexpected error fetching https://dty.wikipedia.org/wiki/चित्र:Everest_kalapatthar_crop.jpg: 'ascii' codec can't encode characters in position 10-14: ordinal not in range(128)
[2026-03-21 17:18:56] Indexed: Wikipedia (988 words, 502 links)
[2026-03-21 17:18:57] Indexed: Вікіпэдыя (116 words, 239 links)
[2026-03-21 17:18:58] Indexed: Wikipedia (1712 words, 731 links)
[2026-03-21 17:18:59] Indexed: Wikipedia (644 words, 155 links)
[2026-03-21 17:19:00] Indexed: Wikipèdiya (796 words, 498 links)
[2026-03-21 17:19:00] Indexed: Wikipedia (1812 words, 796 links)
[2026-03-21 17:19:01] Indexed: Vikipedija (1092 words, 214 links)
[2026-03-21 17:19:02] Unexpected error fetching https://dty.wikipedia.org/wiki/बिशेष:AllPages/ज: 'ascii' codec can't encode characters in position 10-14: ordinal not in range(128)
[2026-03-21 17:19:03] Indexed: വിക്കിപീഡിയ (217 words, 329 links)
[2026-03-21 17:19:04] Indexed: Wikipedia (649 words, 427 links)
[2026-03-21 17:19:05] Indexed: Wikipedia (964 words, 536 links)
[2026-03-21 17:19:06] Indexed: Vicipaedia (1483 words, 652 links)
[2026-03-21 17:19:07] Indexed: ⵡⵉⴽⵉⴱⵉⴷⵢⴰ (443 words, 569 links)
[2026-03-21 17:19:08] Indexed: Wikipedio (1420 words, 602 links)
[2026-03-21 17:19:09] Indexed: Википедия — эркенаб энциклопедия (93 words, 957 links)
[2026-03-21 17:19:10] Indexed: lipu Wikipesija (1115 words, 461 links)
[2026-03-21 17:19:11] Indexed: Wikipedia (979 words, 491 links)
[2026-03-21 17:19:12] Indexed: Wikipedia (1079 words, 478 links)
[2026-03-21 17:19:13] Indexed: Wikipedia (809 words, 651 links)
[2026-03-21 17:19:14] Indexed: Wikipiidia (632 words, 399 links)
[2026-03-21 17:19:14] Unexpected error fetching https://dty.wikipedia.org/wiki/बिशेष:AllPages/ण: 'ascii' codec can't encode characters in position 10-14: ordinal not in range(128)
[2026-03-21 17:19:15] Indexed: Wikipedia (1759 words, 564 links)
[2026-03-21 17:19:15] Unexpected error fetching https://dty.wikipedia.org/wiki/स्वतन्त्र_सामग्री?action=edit&redlink=1: 'ascii' codec can't encode characters in position 10-18: ordinal not in range(128)
[2026-03-21 17:19:17] Indexed: Wikipedia (488 words, 673 links)
[2026-03-21 17:19:17] Unexpected error fetching https://dty.wikipedia.org/wiki/नेपाल: 'ascii' codec can't encode characters in position 10-14: ordinal not in range(128)
[2026-03-21 17:19:17] Unexpected error fetching https://dty.wikipedia.org/wiki/बिशेष:AllPages/भ: 'ascii' codec can't encode characters in position 10-14: ordinal not in range(128)
[2026-03-21 17:19:18] Indexed: Wikipedia (329 words, 440 links)
[2026-03-21 17:19:19] Indexed: Wikipedia (698 words, 149 links)
[2026-03-21 17:19:20] Indexed: Википедия (163 words, 269 links)
[2026-03-21 17:19:20] Unexpected error fetching https://dty.wikipedia.org/wiki/बिशेष:AllPages/आ: 'ascii' codec can't encode characters in position 10-14: ordinal not in range(128)
[2026-03-21 17:19:21] Indexed: Wikipedia (860 words, 466 links)
[2026-03-21 17:19:22] Indexed: Авикипедиа, зхы иақәиҭу аенциклопедиа (376 words, 448 links)
[2026-03-21 17:19:23] Indexed: Wikipedia (1166 words, 557 links)
[2026-03-21 17:19:24] Indexed: Wikipedia (986 words, 415 links)
[2026-03-21 17:19:25] Indexed: Biquipédia (2106 words, 800 links)
[2026-03-21 17:19:26] Indexed: Wikipidia Banjar, kindai pangatahuan (1141 words, 718 links)
[2026-03-21 17:19:27] Indexed: Wikipédia, l'encyclopédie libre (1670 words, 570 links)
[2026-03-21 17:19:28] Indexed: Wikipedija (1080 words, 471 links)
[2026-03-21 17:19:29] Indexed: Wikipedia (1228 words, 530 links)
[2026-03-21 17:19:30] Indexed: Wikipedia, ang malayang ensiklopedya (1821 words, 587 links)
[2026-03-21 17:19:31] Indexed: Wikipedia (1386 words, 527 links)
[2026-03-21 17:19:32] Indexed: Vikipedija (1465 words, 243 links)
[2026-03-21 17:19:32] Error fetching https://dty.wikipedia.org/wiki/%E0%A4%B6%E0%A5%8D%E0%A4%B0%E0%A5%87%E0%A4%A3%E0%A5%80:%E0%A4%A1%E0%A5%8B%E0%A4%9F%E0%A5%87%E0%A4%B2%E0%A4%BF%E0%A4%AE%E0%A5%80_%E0%A4%89%E0%A4%B2%E0%A5%8D%E0%A4%A5%E0%A4%BE_%E0%A4%97%E0%A4%A6%E0%A5%8D%E0%A4%A6%E0%A5%81%E0%A4%AA%E0%A4%A1%E0%A5%8D%E0%A4%AF%E0%A4%BE: HTTP Error 404: Not Found
[2026-03-21 17:19:33] Indexed: Wikipédi, ènsiklopédi perdèo (1000 words, 570 links)
[2026-03-21 17:19:34] Indexed: Wikipedia, la enciclopedia libre (1446 words, 341 links)
[2026-03-21 17:19:34] Unexpected error fetching https://dty.wikipedia.org/wiki/विकिपिडिया: 'ascii' codec can't encode characters in position 10-19: ordinal not in range(128)
[2026-03-21 17:19:35] Indexed: Dagbani Wikipedia (1139 words, 462 links)
[2026-03-21 17:19:36] Indexed: Wikipedia (484 words, 400 links)
[2026-03-21 17:19:37] Indexed: Wikipedia, ła ensiclopedia łìbara in łéngua Vèneta (1297 words, 261 links)
[2026-03-21 17:19:38] Indexed: नौला फेरबदली - विकिपिडिया (350 words, 269 links)
[2026-03-21 17:19:39] Indexed: Wikipedia (823 words, 542 links)
[2026-03-21 17:19:40] Indexed: Wikipedia (402 words, 532 links)
[2026-03-21 17:19:40] Unexpected error fetching https://dty.wikipedia.org/wiki/चित्र:Graduation_cap.png: 'ascii' codec can't encode characters in position 10-14: ordinal not in range(128)
[2026-03-21 17:19:41] Indexed: Wikipedia (945 words, 434 links)
[2026-03-21 17:19:42] Indexed: Википедија (142 words, 341 links)
[2026-03-21 17:19:43] Indexed: Википедия (344 words, 435 links)
[2026-03-21 17:19:43] Indexed: Wikipetcia (862 words, 432 links)
[2026-03-21 17:19:44] Indexed: ᐅᐃᑭᐱᑎᐊ (567 words, 794 links)
[2026-03-21 17:19:45] Indexed: Wikipedia (1351 words, 485 links)
[2026-03-21 17:19:46] Indexed: श्रेणीहरू - विकिपिडिया (198 words, 89 links)
[2026-03-21 17:19:46] Unexpected error fetching https://dty.wikipedia.org/wiki/पाकिस्तान_अन्तर्राष्ट्रिय_वायुसेवा_एयरबस_ए३२०-२१३_दुर्घटना?action=edit&redlink=1: 'ascii' codec can't encode characters in position 10-18: ordinal not in range(128)
[2026-03-21 17:19:48] Indexed: Википеди (400 words, 579 links)
[2026-03-21 17:19:49] Indexed: װיקיפּעדיע (387 words, 620 links)
[2026-03-21 17:19:49] Indexed: Википедиа (109 words, 217 links)
[2026-03-21 17:19:50] Unexpected error fetching https://dty.wikipedia.org/wiki/तेल?action=edit&redlink=1: 'ascii' codec can't encode characters in position 10-12: ordinal not in range(128)
[2026-03-21 17:19:50] Unexpected error fetching https://dty.wikipedia.org/wiki/चित्र:Commons-logo.svg: 'ascii' codec can't encode characters in position 10-14: ordinal not in range(128)
[2026-03-21 17:19:51] Unexpected error fetching https://dty.wikipedia.org/wiki/भीमसेन_थापा: 'ascii' codec can't encode characters in position 10-15: ordinal not in range(128)
[2026-03-21 17:19:52] Indexed: Wikipédia (1737 words, 708 links)
[2026-03-21 17:19:52] Unexpected error fetching https://dty.wikipedia.org/wiki/बिशेष:AllPages/ढ: 'ascii' codec can't encode characters in position 10-14: ordinal not in range(128)
[2026-03-21 17:19:53] Indexed: Vikipetã (1302 words, 519 links)
[2026-03-21 17:19:54] Unexpected error fetching https://dty.wikipedia.org/wiki/बिशेष:AllPages/अं: 'ascii' codec can't encode characters in position 10-14: ordinal not in range(128)
[2026-03-21 17:19:55] Indexed: ဝီႇၶီႇၽီးတီးယႃး (206 words, 215 links)
[2026-03-21 17:19:55] Indexed: Vikipēdija (857 words, 206 links)
[2026-03-21 17:19:55] Unexpected error fetching https://dty.wiktionary.org/wiki/मुख्य_पृष्ठ: 'ascii' codec can't encode characters in position 10-14: ordinal not in range(128)
[2026-03-21 17:19:57] Indexed: Ուիքիփետիա (439 words, 502 links)
[2026-03-21 17:19:57] Indexed: Wikipedia (713 words, 475 links)
[2026-03-21 17:19:58] Indexed: 維基百科－自由个百科全書 (755 words, 305 links)
[2026-03-21 17:19:59] Indexed: Wikipidiya (883 words, 455 links)
[2026-03-21 17:20:00] Unexpected error fetching https://dty.wikipedia.org/wiki/बिशेष:AllPages/अः: 'ascii' codec can't encode characters in position 10-14: ordinal not in range(128)
[2026-03-21 17:20:02] Indexed: प्रवेश (लगईन) - विकिपिडिया (27 words, 41 links)
[2026-03-21 17:20:02] Unexpected error fetching https://dty.wikipedia.org/wiki/पोर्टल:गणित?action=edit&redlink=1: 'ascii' codec can't encode characters in position 10-15: ordinal not in range(128)
[2026-03-21 17:20:03] Indexed: Wikipedia (1617 words, 435 links)
[2026-03-21 17:20:04] Indexed: ߥߞߌߔߘߋߞߎ (410 words, 492 links)
[2026-03-21 17:20:05] Indexed: Wikipedia (815 words, 447 links)
[2026-03-21 17:20:05] Unexpected error fetching https://dty.wikipedia.org/wiki/ढाँचा:खास_चित्र/२०२६-०३-१४?action=edit&redlink=1: 'ascii' codec can't encode characters in position 10-14: ordinal not in range(128)
[2026-03-21 17:20:06] Indexed: Wikipedia, vapaa tietosanakirja (1113 words, 553 links)
[2026-03-21 17:20:07] Indexed: Wikipedia (1276 words, 501 links)
[2026-03-21 17:20:08] Indexed: Вікіпедыя (70 words, 232 links)
[2026-03-21 17:20:09] Indexed: Wikiversity (712 words, 154 links)
[2026-03-21 17:20:10] Indexed: La Primera Oja - Vikipedya (587 words, 280 links)
[2026-03-21 17:20:10] Unexpected error fetching https://dty.wikipedia.org/wiki/चित्र:Wikisource-logo.svg: 'ascii' codec can't encode characters in position 10-14: ordinal not in range(128)
[2026-03-21 17:20:11] Indexed: Wikipedia, bách khoa toàn thư mở (1267 words, 349 links)
[2026-03-21 17:20:12] Indexed: ويكيبيديا، الموسوعة الحرة (121 words, 371 links)
[2026-03-21 17:20:13] Indexed: ವಿಕಿಪೀಡಿಯ (360 words, 662 links)
[2026-03-21 17:20:14] Indexed: Ihu m̀bụ - Wikipedia, Njikotá édémédé nke onyobulạ (1264 words, 459 links)
[2026-03-21 17:20:15] Unexpected error fetching https://dty.wikipedia.org/wiki/चित्र:Wikiquote-logo.svg: 'ascii' codec can't encode characters in position 10-14: ordinal not in range(128)
[2026-03-21 17:20:15] Unexpected error fetching https://dty.wikipedia.org/wiki/बिशेष:AllPages/ङ: 'ascii' codec can't encode characters in position 10-14: ordinal not in range(128)
[2026-03-21 17:20:16] Unexpected error fetching https://dty.wikipedia.org/wiki/शिवपुरी_नागार्जुन_राष्ट्रिय_निकुञ्ज: 'ascii' codec can't encode characters in position 10-16: ordinal not in range(128)
[2026-03-21 17:20:17] Indexed: मुख्य पन्ना सित जोडियाऽ पन्नाअन - विकिपिडिया (88 words, 189 links)
[2026-03-21 17:20:18] Indexed: Wikiquote (930 words, 440 links)
[2026-03-21 17:20:19] Indexed: Wikipedia (704 words, 484 links)
[2026-03-21 17:20:20] Indexed: Wikipedii (699 words, 488 links)
[2026-03-21 17:20:21] Indexed: विकिपिडिया:आजभोलका घटना - विकिपिडिया (92 words, 294 links)
[2026-03-21 17:20:21] Unexpected error fetching https://dty.wikipedia.org/wiki/ढाँचा:मुखपृष्ठ_अनुक्रमणिका_परिमार्जित: 'ascii' codec can't encode characters in position 10-14: ordinal not in range(128)
[2026-03-21 17:20:22] Indexed: Vikipedio (1770 words, 614 links)
[2026-03-21 17:20:23] Indexed: Wikipedia (1206 words, 591 links)
[2026-03-21 17:20:24] Indexed: Vicipedia (1024 words, 494 links)
[2026-03-21 17:20:25] Indexed: Wikipedia (1249 words, 573 links)
[2026-03-21 17:20:26] Indexed: किताब बनौन्या - विकिपिडिया (32 words, 33 links)
[2026-03-21 17:20:26] Indexed: Википедия (197 words, 224 links)
[2026-03-21 17:20:28] Indexed: विकिपीडिया (405 words, 705 links)
[2026-03-21 17:20:29] Indexed: Wikipedia (998 words, 513 links)
[2026-03-21 17:20:30] Indexed: Wikipedia (923 words, 563 links)
[2026-03-21 17:20:31] Indexed: विकिपीडिया (615 words, 524 links)
[2026-03-21 17:20:32] Indexed: উইকিপিডিয়া (60 words, 280 links)
[2026-03-21 17:20:32] Indexed: Wikipedia (913 words, 569 links)
[2026-03-21 17:20:34] Indexed: विकिपिडिया (369 words, 584 links)
[2026-03-21 17:20:34] Unexpected error fetching https://dty.wikipedia.org/wiki/बिशेष:AllPages/च: 'ascii' codec can't encode characters in position 10-14: ordinal not in range(128)
[2026-03-21 17:20:35] Unexpected error fetching https://dty.wikipedia.org/wiki/मोहनराज_मल्ल: 'ascii' codec can't encode characters in position 10-16: ordinal not in range(128)
[2026-03-21 17:20:36] Indexed: Wikipedia (1078 words, 420 links)
[2026-03-21 17:20:36] Unexpected error fetching https://dty.wikipedia.org/wiki/माधवप्रसाद_घिमिरे_(साहित्यकार): 'ascii' codec can't encode characters in position 10-19: ordinal not in range(128)
[2026-03-21 17:20:37] Indexed: উইকিপিডিয়া, একটি মুক্ত বিশ্বকোষ (81 words, 448 links)
[2026-03-21 17:20:37] Unexpected error fetching https://dty.wikipedia.org/wiki/विश्व_स्वास्थ्य_सङ्गठन: 'ascii' codec can't encode characters in position 10-14: ordinal not in range(128)
[2026-03-21 17:20:39] Indexed: विकिपीडिया (412 words, 789 links)
[2026-03-21 17:20:40] Indexed: Wikibooks (588 words, 210 links)
[2026-03-21 17:20:41] Indexed: Wikipedia - Cê̤ṳ-iù gì Báik-kuŏ-ciòng-cṳ̆ (1036 words, 274 links)
[2026-03-21 17:20:42] Indexed: List of Wikipedias - Meta-Wiki (7533 words, 3493 links)
[2026-03-21 17:20:44] Indexed: Wikipedia (927 words, 427 links)
[2026-03-21 17:20:45] Indexed: Wikipedia, wolna encyklopedia (1049 words, 267 links)
[2026-03-21 17:20:46] Indexed: Vikipeedia (1209 words, 624 links)
[2026-03-21 17:20:47] Indexed: Wikipiidiya (1119 words, 442 links)
[2026-03-21 17:20:47] Unexpected error fetching https://dty.wikipedia.org/wiki/इन्साइक्लोपेडिया?action=edit&redlink=1: 'ascii' codec can't encode characters in position 10-25: ordinal not in range(128)
[2026-03-21 17:20:48] Unexpected error fetching https://dty.wikipedia.org/wiki/बिशेष:AllPages/ड: 'ascii' codec can't encode characters in position 10-14: ordinal not in range(128)
[2026-03-21 17:20:49] Indexed: ဝဳကဳပဳဒဳယာ (389 words, 583 links)
[2026-03-21 17:20:50] Indexed: Wikimedia Commons (1135 words, 684 links)
[2026-03-21 17:20:50] Unexpected error fetching https://dty.wikipedia.org/wiki/बिशेष:AllPages/उ: 'ascii' codec can't encode characters in position 10-14: ordinal not in range(128)
[2026-03-21 17:20:51] Indexed: Wikipédia, a enciclopédia livre (1505 words, 644 links)
[2026-03-21 17:20:52] Indexed: Wikipedia (1220 words, 517 links)
[2026-03-21 17:20:53] Indexed: Wikipedia (976 words, 447 links)
[2026-03-21 17:20:54] Indexed: Wikispecies, free species directory (1672 words, 591 links)
[2026-03-21 17:20:55] Indexed: Wikipedia (1057 words, 590 links)
[2026-03-21 17:20:56] Unexpected error fetching https://dty.wikipedia.org/wiki/बिशेष:AllPages/र: 'ascii' codec can't encode characters in position 10-14: ordinal not in range(128)
[2026-03-21 17:20:57] Indexed: Wikipedia (841 words, 458 links)
[2026-03-21 17:20:58] Indexed: Wikipedia (1051 words, 255 links)
[2026-03-21 17:20:58] Unexpected error fetching https://dty.wikipedia.org/wiki/बिशेष:AllPages/ए: 'ascii' codec can't encode characters in position 10-14: ordinal not in range(128)
[2026-03-21 17:20:59] Unexpected error fetching https://dty.wikipedia.org/wiki/बिशेष:AllPages/य: 'ascii' codec can't encode characters in position 10-14: ordinal not in range(128)
[2026-03-21 17:20:59] Unexpected error fetching https://commons.wikimedia.org/wiki/गृह_पृष्ठ: 'ascii' codec can't encode characters in position 10-12: ordinal not in range(128)
[2026-03-21 17:21:00] Indexed: खोजी - विकिपिडिया (6 words, 36 links)
[2026-03-21 17:21:01] Indexed: Wikipedia (743 words, 469 links)
[2026-03-21 17:21:02] Indexed: Wikipedia, chū-iû ê pek-kho-choân-su (1043 words, 276 links)
[2026-03-21 17:21:02] Unexpected error fetching https://dty.wikipedia.org/wiki/सगरमाथा: 'ascii' codec can't encode characters in position 10-16: ordinal not in range(128)
[2026-03-21 17:21:02] Unexpected error fetching https://dty.wikipedia.org/wiki/बिशेष:AllPages/ठ: 'ascii' codec can't encode characters in position 10-14: ordinal not in range(128)
[2026-03-21 17:21:03] Indexed: Wikipedia (844 words, 468 links)
[2026-03-21 17:21:04] Indexed: उद्दरण गर्नु - विकिपिडिया (485 words, 41 links)
[2026-03-21 17:21:05] Unexpected error fetching https://dty.wikipedia.org/wiki/बिशेष:Statistics: 'ascii' codec can't encode characters in position 10-14: ordinal not in range(128)
[2026-03-21 17:21:06] Indexed: Wikipǣdia (845 words, 478 links)
[2026-03-21 17:21:07] Indexed: Wikipedy (1069 words, 507 links)
[2026-03-21 17:21:08] Indexed: Wikipedia (1139 words, 304 links)
[2026-03-21 17:21:09] Indexed: Wikipidia (1126 words, 586 links)
[2026-03-21 17:21:10] Indexed: Wikipedia (658 words, 440 links)
[2026-03-21 17:21:10] Unexpected error fetching https://dty.wikipedia.org/wiki/विकिपिडिया:खास_लेखअन: 'ascii' codec can't encode characters in position 10-19: ordinal not in range(128)
[2026-03-21 17:21:11] Indexed: Википедия — свободная энциклопедия (120 words, 312 links)
[2026-03-21 17:21:12] Indexed: Wikipedia (776 words, 532 links)
[2026-03-21 17:21:13] Indexed: Wikipedia, den frie encyklopedi (1276 words, 518 links)
[2026-03-21 17:21:14] Indexed: Wikipedija (1063 words, 532 links)
[2026-03-21 17:21:15] Indexed: Wikipedia (551 words, 617 links)
[2026-03-21 17:21:15] Indexed: Википедия (94 words, 267 links)
[2026-03-21 17:21:16] Error fetching https://dty.wikiversity.org/wiki/Wikiversity:Main%20Page: HTTP Error 404: Not Found
[2026-03-21 17:21:16] Unexpected error fetching https://dty.wikipedia.org/wiki/भानुभक्त_आचार्य: 'ascii' codec can't encode characters in position 10-17: ordinal not in range(128)
[2026-03-21 17:21:17] Unexpected error fetching https://dty.wikipedia.org/wiki/फर्नान्डो_टोरेस?action=edit&redlink=1: 'ascii' codec can't encode characters in position 10-18: ordinal not in range(128)
[2026-03-21 17:21:18] Indexed: विकिपिडिया:नयाँ पन्ना कस्या बनौन्या - विकिपिडिया (20 words, 49 links)
[2026-03-21 17:21:19] Indexed: ວິກິພີເດຍ (454 words, 551 links)
[2026-03-21 17:21:20] Indexed: ვიკიპედია, თავისუფალი ენციკლოპედია (385 words, 553 links)
[2026-03-21 17:21:21] Error fetching https://dty.wikipedia.org/wiki/%E0%A4%AC%E0%A4%BF%E0%A4%B6%E0%A5%87%E0%A4%B7:RecentChangesLinked/%E0%A4%AE%E0%A5%81%E0%A4%96%E0%A5%8D%E0%A4%AF_%E0%A4%AA%E0%A4%A8%E0%A5%8D%E0%A4%A8%E0%A4%BE: HTTP Error 404: Not Found
[2026-03-21 17:21:22] Indexed: विकिपिडिया (371 words, 593 links)
[2026-03-21 17:21:23] Indexed: Wikipídiya (1110 words, 488 links)
[2026-03-21 17:21:24] Indexed: Wikipedia (716 words, 145 links)
[2026-03-21 17:21:25] Indexed: Уикипедиэ (414 words, 579 links)
[2026-03-21 17:21:26] Indexed: Wicipedia (1304 words, 546 links)
[2026-03-21 17:21:27] Indexed: Wikipedia (1128 words, 650 links)
[2026-03-21 17:21:28] Indexed: "मुख्य पन्ना" खिलाइ जानकारी - विकिपिडिया (85 words, 124 links)
[2026-03-21 17:21:29] Indexed: ويكيبيديا (457 words, 596 links)
[2026-03-21 17:21:30] Unexpected error fetching https://dty.wikipedia.org/wiki/बिशेष:AllPages/ख: 'ascii' codec can't encode characters in position 10-14: ordinal not in range(128)
[2026-03-21 17:21:30] Unexpected error fetching https://dty.wikipedia.org/wiki/बिशेष:AllPages/औ: 'ascii' codec can't encode characters in position 10-14: ordinal not in range(128)
[2026-03-21 17:21:31] Indexed: Wikipedia, dat fre'e Nakieksel (870 words, 150 links)
[2026-03-21 17:21:32] Indexed: 維基百科，自由嘅百科全書 (166 words, 305 links)
[2026-03-21 17:21:33] Indexed: Wikipedie, otevřená encyklopedie (1431 words, 637 links)
[2026-03-21 17:21:34] Indexed: Wikipedia (129 words, 317 links)
[2026-03-21 17:21:35] Indexed: Parsoid - MediaWiki (2838 words, 270 links)
[2026-03-21 17:21:36] Indexed: Wikipediya (608 words, 406 links)
[2026-03-21 17:21:37] Indexed: Wikipedia, a enciclopedia libre (856 words, 201 links)
[2026-03-21 17:21:38] Indexed: Wìkìpedia (850 words, 576 links)
[2026-03-21 17:21:39] Indexed: Wîkîpediya (949 words, 202 links)
[2026-03-21 17:21:39] Indexed: Wikipedia (910 words, 265 links)
[2026-03-21 17:21:40] Unexpected error fetching https://dty.wikipedia.org/wiki/बिशेष:AllPages/व: 'ascii' codec can't encode characters in position 10-14: ordinal not in range(128)
[2026-03-21 17:21:41] Indexed: File:Lunar Eclipse 3 March 2026.jpg - 维基百科 (158 words, 54 links)
[2026-03-21 17:21:42] Indexed: IBM - 维基百科 (95 words, 157 links)
[2026-03-21 17:21:43] Indexed: Wikipedia:好文章 - 维基百科 (112 words, 216 links)
[2026-03-21 17:21:44] Indexed: 苏皖轨道交通运营有限公司 - 维基百科 (260 words, 109 links)
[2026-03-21 17:21:45] Indexed: 維基教科書，自由的教學讀本 (118 words, 225 links)
[2026-03-21 17:21:46] Indexed: 维基百科，自由个百科全书 (369 words, 503 links)
[2026-03-21 17:21:48] Indexed: 南京市 - 维基百科 (136 words, 401 links)
[2026-03-21 17:21:48] Indexed: Talk:封面 - 维基百科 (439 words, 140 links)
[2026-03-21 17:21:49] Indexed: Wikipedia:近段辰光个事体 - 维基百科 (115 words, 194 links)
[2026-03-21 17:21:50] Indexed: Wikipedia:顶崭个文章 - 维基百科 (190 words, 281 links)
[2026-03-21 17:21:51] Indexed: 搜寻 - 维基百科 (7 words, 29 links)
[2026-03-21 17:21:52] Indexed: 2000年问题 - 维基百科 (867 words, 205 links)
[2026-03-21 17:21:53] Indexed: RNA剪接 - 维基百科 (60 words, 84 links)
[2026-03-21 17:21:54] Indexed: 创建“汪精卫国民政府” - 维基百科 (6 words, 33 links)
[2026-03-21 17:21:56] Indexed: 马上捐款 - Wikimedia Foundation (575 words, 22 links)
[2026-03-21 17:21:57] Indexed: 搭界个改动 - 维基百科 (248 words, 104 links)
[2026-03-21 17:21:57] Indexed: Wikipedia:免责声明 - 维基百科 (158 words, 220 links)
[2026-03-21 17:21:58] Indexed: 创建“謁師所” - 维基百科 (6 words, 33 links)
[2026-03-21 17:21:59] Indexed: 月食 - 维基百科 (110 words, 179 links)
[2026-03-21 17:22:00] Indexed: 四川北路 - 维基百科 (23 words, 63 links)
[2026-03-21 17:22:00] Indexed: 统计 - 维基百科 (25 words, 61 links)
[2026-03-21 17:22:01] Completed: reached max URLs (1000)
[2026-03-21 17:22:01] Crawl finished. Stats: {'urls_visited': 1000, 'urls_indexed': 999, 'words_indexed': 528997, 'errors': 130, 'start_time': '2026-03-21 17:03:55', 'end_time': '2026-03-21 17:22:01'}
