[2026-03-23 14:18:31] Starting crawl from https://www.wikipedia.org
[2026-03-23 14:18:32] Indexed: Wikipedia (607 words, 364 links)
[2026-03-23 14:18:38] Indexed: विकिपीडिया (385 words, 764 links)
[2026-03-23 14:18:39] Indexed: Wikipedia – Die freie Enzyklopädie (922 words, 195 links)
[2026-03-23 14:18:40] Indexed: Wikipedia (1249 words, 573 links)
[2026-03-23 14:18:41] Indexed: Wikipedia, ensiklopedia bebas (2092 words, 950 links)
[2026-03-23 14:18:42] Indexed: Wikipedia (832 words, 169 links)
[2026-03-23 14:18:44] Indexed: Wikipedia (861 words, 498 links)
[2026-03-23 14:18:45] Indexed: विकिपीडिया (321 words, 503 links)
[2026-03-23 14:18:46] Indexed: Википедия (335 words, 435 links)
[2026-03-23 14:18:47] Indexed: Wikipedia (1747 words, 523 links)
[2026-03-23 14:18:48] Indexed: Wikipédia (1737 words, 708 links)
[2026-03-23 14:18:50] Indexed: ويكيپيديا (405 words, 570 links)
[2026-03-23 14:18:52] Indexed: Wikipédia Sunda, énsiklopédi bébas (1350 words, 549 links)
[2026-03-23 14:18:53] Indexed: Wikipedia (1052 words, 464 links)
[2026-03-23 14:18:54] Indexed: Wikipedia (942 words, 433 links)
[2026-03-23 14:18:55] Indexed: Wikipedia, an godhoniador rydh (633 words, 114 links)
[2026-03-23 14:18:56] Indexed: Wikibooks (204 words, 84 links)
[2026-03-23 14:18:57] Indexed: Ուիքիփետիա (439 words, 502 links)
[2026-03-23 14:18:59] Indexed: Dagbani Wikipedia (1139 words, 462 links)
[2026-03-23 14:19:00] Indexed: Авикипедиа, зхы иақәиҭу аенциклопедиа (376 words, 448 links)
[2026-03-23 14:19:02] Indexed: Wikipidia Banjar, kindai pangatahuan (1141 words, 718 links)
[2026-03-23 14:19:04] Indexed: Wikipedia (1053 words, 245 links)
[2026-03-23 14:19:05] Indexed: ವಿಕಿಪೀಡಿಯ (398 words, 626 links)
[2026-03-23 14:19:07] Indexed: وڪيپيڊيا (51 words, 155 links)
[2026-03-23 14:19:08] Indexed: Wikiibíídiiya Dinék'ehjí (Navajo) - Yá'át'ééh! (624 words, 147 links)
[2026-03-23 14:19:09] Indexed: Wikipedia (923 words, 563 links)
[2026-03-23 14:19:11] Indexed: Wikipidia (1049 words, 411 links)
[2026-03-23 14:19:14] Indexed: ‎Wikipedia App - App Store (3427 words, 226 links)
[2026-03-23 14:19:15] Indexed: Википедия (122 words, 356 links)
[2026-03-23 14:19:16] Indexed: Wikipedia (918 words, 478 links)
[2026-03-23 14:19:17] Indexed: Vikipedi: Özgür Ansiklopedi (1205 words, 552 links)
[2026-03-23 14:19:19] Indexed: Wikipedia (1626 words, 530 links)
[2026-03-23 14:19:20] Indexed: Wikipedia (488 words, 673 links)
[2026-03-23 14:19:21] Indexed: Wikipedia (698 words, 149 links)
[2026-03-23 14:19:23] Indexed: Wikipedia (1060 words, 530 links)
[2026-03-23 14:19:24] Indexed: Wikipedia (796 words, 654 links)
[2026-03-23 14:19:25] Indexed: Wikipedia, njikotá édémédé nke onyobulạ (838 words, 165 links)
[2026-03-23 14:19:26] Indexed: Wikipedijô, wòlnô encyklopedijô (873 words, 560 links)
[2026-03-23 14:19:28] Indexed: Wikisource (863 words, 365 links)
[2026-03-23 14:19:29] Indexed: ဝီကီပီးဒီးယား (166 words, 353 links)
[2026-03-23 14:19:31] Indexed: Wikipedia (1209 words, 575 links)
[2026-03-23 14:19:32] Indexed: Wikipedia (222 words, 296 links)
[2026-03-23 14:19:34] Indexed: Wikipiidiya (1119 words, 442 links)
[2026-03-23 14:19:35] Indexed: Wikipedia (838 words, 501 links)
[2026-03-23 14:19:36] Indexed: Wikipedia (1162 words, 314 links)
[2026-03-23 14:19:37] Indexed: વિકિપીડિયા (344 words, 578 links)
[2026-03-23 14:19:39] Indexed: Wikipedia (990 words, 509 links)
[2026-03-23 14:19:40] Indexed: ဝီႇၶီႇၽီးတီးယႃး (206 words, 215 links)
[2026-03-23 14:19:42] Indexed: ویکیپیدیا، ئینسایکڵۆپیدیای ئازاد (338 words, 585 links)
[2026-03-23 14:19:44] Indexed: វិគីភីឌា (449 words, 611 links)
[2026-03-23 14:19:45] Indexed: Wikipedia, la enciclopedia libre (1460 words, 338 links)
[2026-03-23 14:19:47] Indexed: Wikimedia Foundation Terms of Use - Wikimedia Foun (8232 words, 217 links)
[2026-03-23 14:19:48] Indexed: Güiquipeya (631 words, 162 links)
[2026-03-23 14:19:50] Indexed: Уикипедия (375 words, 590 links)
[2026-03-23 14:19:52] Indexed: ويکيپېډيا (379 words, 507 links)
[2026-03-23 14:19:54] Indexed: Вікіпэдыя (116 words, 239 links)
[2026-03-23 14:19:55] Indexed: Википедиесь (497 words, 685 links)
[2026-03-23 14:19:57] Indexed: Wikivoyage (158 words, 44 links)
[2026-03-23 14:19:58] Indexed: Vikipediya (1206 words, 604 links)
[2026-03-23 14:20:00] Indexed: Wikipedia (778 words, 198 links)
[2026-03-23 14:20:01] Indexed: MediaWiki (571 words, 167 links)
[2026-03-23 14:20:03] Indexed: विकिपीडिया (410 words, 775 links)
[2026-03-23 14:20:05] Indexed: ଉଇକିପିଡ଼ିଆ (95 words, 309 links)
[2026-03-23 14:20:07] Indexed: వికీపీడియా (371 words, 580 links)
[2026-03-23 14:20:09] Indexed: Wikipedia (979 words, 491 links)
[2026-03-23 14:20:10] Indexed: Wikipedia (865 words, 495 links)
[2026-03-23 14:20:11] Indexed: ویکی‌پدیا، آچیق بیلیک‌لیک (54 words, 266 links)
[2026-03-23 14:20:13] Indexed: Википедија (142 words, 341 links)
[2026-03-23 14:20:14] Indexed: Wikipedia, chū-iû ê pek-kho-choân-su (1043 words, 276 links)
[2026-03-23 14:20:15] Indexed: ވިކިޕީޑިއާ (501 words, 527 links)
[2026-03-23 14:20:17] Indexed: Vikipedija (1465 words, 239 links)
[2026-03-23 14:20:18] Indexed: Biquipedia (1295 words, 590 links)
[2026-03-23 14:20:20] Indexed: Wikipedia (1263 words, 493 links)
[2026-03-23 14:20:21] Indexed: Wikipedia (1166 words, 557 links)
[2026-03-23 14:20:23] Indexed: Wikipedia (1030 words, 573 links)
[2026-03-23 14:20:25] Indexed: Wikipitiya (883 words, 410 links)
[2026-03-23 14:20:27] Indexed: Вікіпедія (151 words, 335 links)
[2026-03-23 14:20:29] Indexed: Wikipedii (699 words, 488 links)
[2026-03-23 14:20:30] Indexed: Wikipidiya (1061 words, 411 links)
[2026-03-23 14:20:31] Indexed: وکیپیڈیا (361 words, 478 links)
[2026-03-23 14:20:33] Indexed: Wikipedya (677 words, 494 links)
[2026-03-23 14:20:34] Indexed: ဝီခီပီးဒီးယား (404 words, 667 links)
[2026-03-23 14:20:36] Indexed: விக்கிப்பீடியா (439 words, 615 links)
[2026-03-23 14:20:38] Indexed: ویکی‌پدیا، دانشنامهٔ آزاد (123 words, 443 links)
[2026-03-23 14:20:39] Indexed: Wikipidiya (883 words, 455 links)
[2026-03-23 14:20:40] Indexed: Wikipedia, a enciclopedia libre (856 words, 201 links)
[2026-03-23 14:20:42] Indexed: Wikipedia, dat fre'e Nakieksel (870 words, 150 links)
[2026-03-23 14:20:43] Indexed: Βικιπαίδεια (376 words, 513 links)
[2026-03-23 14:20:45] Indexed: Wikipedio (1420 words, 602 links)
[2026-03-23 14:20:47] Indexed: Wikipedia (913 words, 569 links)
[2026-03-23 14:20:49] Indexed: Wikipedia (1107 words, 513 links)
[2026-03-23 14:20:53] Indexed: Wikipedia (170 words, 559 links)
[2026-03-23 14:20:56] Indexed: Wikipedia (1405 words, 652 links)
[2026-03-23 14:20:57] Indexed: Wikipidia (1126 words, 586 links)
[2026-03-23 14:20:59] Indexed: Wikipedia (1305 words, 539 links)
[2026-03-23 14:21:00] Indexed: Wikipedia (798 words, 464 links)
[2026-03-23 14:21:02] Indexed: Wikipedija / Википедија (1685 words, 581 links)
[2026-03-23 14:21:03] Indexed: উইকিপিডিয়া, একটি মুক্ত বিশ্বকোষ (81 words, 441 links)
[2026-03-23 14:21:05] Indexed: Vouiquipèdia (1752 words, 708 links)
[2026-03-23 14:21:07] Indexed: Wikipedia (1079 words, 478 links)
[2026-03-23 14:21:08] Indexed: Wikipedia (1042 words, 220 links)
[2026-03-23 14:21:08] Unexpected error fetching https://mr.wikipedia.org/wiki/वर्ग:मराठी_लेखक: 'ascii' codec can't encode characters in position 10-13: ordinal not in range(128)
[2026-03-23 14:21:10] Indexed: Irankrieg 2026 – Wikipedia (38047 words, 1572 links)
[2026-03-23 14:21:11] Indexed: Stai creando Categoria:AGRICOLTURA - Wikipedia (172 words, 36 links)
[2026-03-23 14:21:12] Indexed: وڪيپيڊيا (51 words, 155 links)
[2026-03-23 14:21:14] Indexed: Wikinews, die freie Nachrichtenquelle (1859 words, 228 links)
[2026-03-23 14:21:15] Indexed: Wikipédia:Pengantar - Wikipédia (558 words, 181 links)
[2026-03-23 14:21:16] Indexed: Ratu Kalinyamat - Wikipédia Sunda, énsiklopédi béb (1112 words, 128 links)
[2026-03-23 14:21:18] Indexed: Wiktionary (391 words, 186 links)
[2026-03-23 14:21:19] Indexed: ویکی کتب (90 words, 169 links)
[2026-03-23 14:21:20] Error fetching https://hyw.wikipedia.org/wiki/%D5%88%D6%82%D5%AB%D6%84%D5%AB%D6%83%D5%A5%D5%BF%D5%AB%D5%A1:%D5%88%D6%82%D5%AB%D6%84%D5%AB%D6%83%D5%A5%D5%BF%D5%AB%D5%A1%D5%B5%D5%AB_%D5%84%D5%A1%D5%BD%D5%AB%D5%B6: HTTP Error 404: Not Found
[2026-03-23 14:21:20] Unexpected error fetching https://bs.wikipedia.org/wiki/Klinička_slika?action=edit&redlink=1: 'ascii' codec can't encode character '\u010d' in position 15: ordinal not in range(128)
[2026-03-23 14:21:20] Unexpected error fetching https://nv.wikipedia.org/wiki/Tsxilghááh: 'ascii' codec can't encode characters in position 17-18: ordinal not in range(128)
[2026-03-23 14:21:21] Error fetching https://itunes.apple.com/bm/iphone/today: HTTP Error 404: Not Found
[2026-03-23 14:21:21] Unexpected error fetching https://lez.wikipedia.org/wiki/Туьрк_чӀал: 'ascii' codec can't encode characters in position 10-14: ordinal not in range(128)
[2026-03-23 14:21:21] Unexpected error fetching https://new.wikipedia.org/wiki/पुचः:समाज: 'ascii' codec can't encode characters in position 10-13: ordinal not in range(128)
[2026-03-23 14:21:22] Indexed: Wikipedia, ensiklopedia bebas (2092 words, 950 links)
[2026-03-23 14:21:25] Indexed: Ahiver on novea conte — Wikipedia (227 words, 31 links)
[2026-03-23 14:21:26] Indexed: Википеэди:Форум — Wikipedia (257 words, 217 links)
[2026-03-23 14:21:27] Indexed: Wikipedia (990 words, 509 links)
[2026-03-23 14:21:27] Indexed: Technika - Kaszëbskô Wikipedijô (318 words, 118 links)
[2026-03-23 14:21:28] Indexed: Wikiaineisto (414 words, 173 links)
[2026-03-23 14:21:29] Unexpected error fetching https://my.wikipedia.org/wiki/ကဏ္ဍ:ဗုဒ္ဓဘာသာ: 'ascii' codec can't encode characters in position 10-13: ordinal not in range(128)
[2026-03-23 14:21:29] Indexed: Wikipedia, la enciclopedia libre (1460 words, 338 links)
[2026-03-23 14:21:30] Indexed: Creating Ho ngola leqephe le letjha - Wikipedia (165 words, 31 links)
[2026-03-23 14:21:31] Indexed: অসমীয়া ৱিকিপিডিয়া (382 words, 690 links)
[2026-03-23 14:21:32] Indexed: Portal:Astronomía - Wikipedia, la enciclopedia lib (6081 words, 627 links)
[2026-03-23 14:21:34] Indexed: Uslovi korištenja - Wikimedia Foundation Governanc (8220 words, 218 links)
[2026-03-23 14:21:35] Indexed: Partido Popular - Güiquipeya (445 words, 106 links)
[2026-03-23 14:21:35] Unexpected error fetching https://bg.wikipedia.org/wiki/Основна_теорема_на_алгебрата?action=edit&redlink=1: 'ascii' codec can't encode characters in position 10-16: ordinal not in range(128)
[2026-03-23 14:21:35] Unexpected error fetching https://be-tarask.wikipedia.org/wiki/Грамадзянская_вайна_ў_Судане_(з_2023): 'ascii' codec can't encode characters in position 10-22: ordinal not in range(128)
[2026-03-23 14:21:35] Unexpected error fetching https://mdf.wikipedia.org/wiki/Башка:СембеЛопат/Щ: 'ascii' codec can't encode characters in position 10-14: ordinal not in range(128)
[2026-03-23 14:21:36] Indexed: Main Page - Meta-Wiki (884 words, 377 links)
[2026-03-23 14:21:37] Indexed: Template:Main page/pl - MediaWiki (639 words, 218 links)
[2026-03-23 14:21:38] Indexed: Aanmaken van Alata (rati) - Wikipedia (139 words, 31 links)
[2026-03-23 14:21:38] Unexpected error fetching https://mk.wikipedia.org/wiki/Емилија_Атијас: 'ascii' codec can't encode characters in position 10-16: ordinal not in range(128)
[2026-03-23 14:21:39] Indexed: Tispir:Nuvə avžor - Vikipedija (267 words, 124 links)
[2026-03-23 14:21:39] Unexpected error fetching https://an.wikipedia.org/wiki/Idioma_aragonés: 'ascii' codec can't encode character '\xe9' in position 23: ordinal not in range(128)
[2026-03-23 14:21:39] Indexed: بارگیری به عنوان پی‌دی‌اف - ویکی‌پدیا، دانشنامهٔ آ (7 words, 25 links)
[2026-03-23 14:21:42] Indexed: Anmellen – Wikipedia (156 words, 46 links)
[2026-03-23 14:21:43] Indexed: Demografiala kontado - Wikipedio (485 words, 162 links)
[2026-03-23 14:21:44] Indexed: Veianen – Wikipedia (1074 words, 146 links)
[2026-03-23 14:21:45] Indexed: Iyeltak:Idioma ucraniano.png — Wikipedia (1122 words, 125 links)
[2026-03-23 14:21:46] Indexed: Jessie Buckley – izrada – Wikipedija / Википедија (144 words, 34 links)
[2026-03-23 14:21:47] Indexed: Creazzion de Religion greco-romana - Wikipedia (160 words, 32 links)
[2026-03-23 14:21:47] Completed: queue empty
[2026-03-23 14:21:47] Crawl finished. Stats: {'urls_visited': 132, 'urls_indexed': 132, 'words_indexed': 73763, 'errors': 13, 'start_time': '2026-03-23 14:18:31', 'end_time': '2026-03-23 14:21:47'}
