[2026-03-21 19:37:48] Starting crawl from http://books.toscrape.com
[2026-03-21 19:37:48] Crawler started with ID: 1774111068_15552
[2026-03-21 19:37:49] Indexed: All products | Books to Scrape - Sandbox (310 words, 73 links)
[2026-03-21 19:37:50] Indexed: New Adult | 
     Books to Scrape - Sandbox (162 words, 58 links)
[2026-03-21 19:37:50] Indexed: Art | 
     Books to Scrape - Sandbox (183 words, 60 links)
[2026-03-21 19:37:51] Indexed: Short Stories | 
     Books to Scrape - Sandbox (110 words, 53 links)
[2026-03-21 19:37:52] Indexed: Thriller | 
     Books to Scrape - Sandbox (213 words, 63 links)
[2026-03-21 19:37:52] Indexed: Nonfiction | 
     Books to Scrape - Sandbox (326 words, 73 links)
[2026-03-21 19:37:53] Indexed: Set Me Free | Books to Scrape - Sandbox (267 words, 9 links)
[2026-03-21 19:37:53] Indexed: Autobiography | 
     Books to Scrape - Sandbox (186 words, 61 links)
[2026-03-21 19:37:54] Indexed: Crime | 
     Books to Scrape - Sandbox (110 words, 53 links)
[2026-03-21 19:37:56] Indexed: Sports and Games | 
     Books to Scrape - Sandbox (156 words, 57 links)
[2026-03-21 19:37:56] Indexed: Historical | 
     Books to Scrape - Sandbox (121 words, 54 links)
[2026-03-21 19:37:57] Indexed: Our Band Could Be Your Life: Scenes from the Ameri (330 words, 9 links)
[2026-03-21 19:37:57] Indexed: Historical Fiction | 
     Books to Scrape - Sandb (316 words, 73 links)
[2026-03-21 19:37:58] Indexed: All products | Books to Scrape - Sandbox (310 words, 73 links)
[2026-03-21 19:37:59] Indexed: Poetry | 
     Books to Scrape - Sandbox (294 words, 71 links)
[2026-03-21 19:38:00] Indexed: Academic | 
     Books to Scrape - Sandbox (110 words, 53 links)
[2026-03-21 19:38:00] Indexed: Self Help | 
     Books to Scrape - Sandbox (155 words, 57 links)
[2026-03-21 19:38:01] Indexed: Religion | 
     Books to Scrape - Sandbox (173 words, 59 links)
[2026-03-21 19:38:01] Indexed: Fantasy | 
     Books to Scrape - Sandbox (320 words, 73 links)
[2026-03-21 19:38:02] Indexed: The Dirty Little Secrets of Getting Your Dream Job (438 words, 9 links)
[2026-03-21 19:38:02] Indexed: Spirituality | 
     Books to Scrape - Sandbox (162 words, 58 links)
[2026-03-21 19:38:03] Indexed: A Light in the Attic | Books to Scrape - Sandbox (240 words, 3 links)
[2026-03-21 19:38:04] Indexed: The Requiem Red | Books to Scrape - Sandbox (294 words, 8 links)
[2026-03-21 19:38:04] Indexed: All products | Books to Scrape - Sandbox (317 words, 74 links)
[2026-03-21 19:38:05] Indexed: Sequential Art | 
     Books to Scrape - Sandbox (306 words, 73 links)
[2026-03-21 19:38:06] Indexed: Business | 
     Books to Scrape - Sandbox (228 words, 64 links)
[2026-03-21 19:38:06] Indexed: Mystery | 
     Books to Scrape - Sandbox (315 words, 73 links)
[2026-03-21 19:38:07] Indexed: Novels | 
     Books to Scrape - Sandbox (110 words, 53 links)
[2026-03-21 19:38:07] Indexed: Tipping the Velvet | Books to Scrape - Sandbox (251 words, 4 links)
[2026-03-21 19:38:08] Indexed: Add a comment | 
     Books to Scrape - Sandbox (312 words, 73 links)
[2026-03-21 19:38:10] Indexed: Childrens | 
     Books to Scrape - Sandbox (310 words, 73 links)
[2026-03-21 19:38:11] Indexed: Starving Hearts (Triangular Trade Trilogy, #1) | B (333 words, 9 links)
[2026-03-21 19:38:11] Indexed: It's Only the Himalayas | Books to Scrape - Sandbo (356 words, 9 links)
[2026-03-21 19:38:12] Indexed: Horror | 
     Books to Scrape - Sandbox (264 words, 69 links)
[2026-03-21 19:38:13] Indexed: Contemporary | 
     Books to Scrape - Sandbox (131 words, 55 links)
[2026-03-21 19:38:13] Indexed: Default | 
     Books to Scrape - Sandbox (313 words, 73 links)
[2026-03-21 19:38:14] Indexed: Scott Pilgrim's Precious Little Life (Scott Pilgri (291 words, 9 links)
[2026-03-21 19:38:14] Indexed: Suspense | 
     Books to Scrape - Sandbox (110 words, 53 links)
[2026-03-21 19:38:15] Indexed: Classics | 
     Books to Scrape - Sandbox (290 words, 71 links)
[2026-03-21 19:38:17] Indexed: Sapiens: A Brief History of Humankind | Books to S (422 words, 7 links)
[2026-03-21 19:38:17] Indexed: Food and Drink | 
     Books to Scrape - Sandbox (325 words, 73 links)
[2026-03-21 19:38:18] Indexed: Christian Fiction | 
     Books to Scrape - Sandbo (163 words, 58 links)
[2026-03-21 19:38:18] Indexed: Erotica | 
     Books to Scrape - Sandbox (108 words, 53 links)
[2026-03-21 19:38:19] Indexed: Paranormal | 
     Books to Scrape - Sandbox (109 words, 53 links)
[2026-03-21 19:38:21] Indexed: Books | 
     Books to Scrape - Sandbox (308 words, 73 links)
[2026-03-21 19:38:21] Indexed: The Black Maria | Books to Scrape - Sandbox (589 words, 9 links)
[2026-03-21 19:38:22] Indexed: Travel | 
     Books to Scrape - Sandbox (218 words, 63 links)
[2026-03-21 19:38:22] Indexed: Humor | 
     Books to Scrape - Sandbox (203 words, 62 links)
[2026-03-21 19:38:23] Indexed: Sharp Objects | Books to Scrape - Sandbox (375 words, 6 links)
[2026-03-21 19:38:23] Indexed: Fiction | 
     Books to Scrape - Sandbox (311 words, 73 links)
[2026-03-21 19:38:24] Indexed: Shakespeare's Sonnets | Books to Scrape - Sandbox (279 words, 9 links)
[2026-03-21 19:38:24] Indexed: The Boys in the Boat: Nine Americans and Their Epi (498 words, 9 links)
[2026-03-21 19:38:25] Indexed: Olio | Books to Scrape - Sandbox (381 words, 9 links)
[2026-03-21 19:38:26] Indexed: Psychology | 
     Books to Scrape - Sandbox (174 words, 59 links)
[2026-03-21 19:38:26] Indexed: Adult Fiction | 
     Books to Scrape - Sandbox (112 words, 53 links)
[2026-03-21 19:38:27] Indexed: Mesaerion: The Best Science Fiction Stories 1800-1 (432 words, 9 links)
[2026-03-21 19:38:27] Indexed: The Coming Woman: A Novel Based on the Life of the (719 words, 9 links)
[2026-03-21 19:38:27] Indexed: Soumission | Books to Scrape - Sandbox (259 words, 5 links)
[2026-03-21 19:38:28] Indexed: Health | 
     Books to Scrape - Sandbox (144 words, 56 links)
[2026-03-21 19:38:29] Indexed: Romance | 
     Books to Scrape - Sandbox (319 words, 73 links)
[2026-03-21 19:38:30] Indexed: Womens Fiction | 
     Books to Scrape - Sandbox (274 words, 69 links)
[2026-03-21 19:38:30] Indexed: Science | 
     Books to Scrape - Sandbox (252 words, 66 links)
[2026-03-21 19:38:31] Indexed: Biography | 
     Books to Scrape - Sandbox (154 words, 57 links)
[2026-03-21 19:38:31] Indexed: Rip it Up and Start Again | Books to Scrape - Sand (292 words, 9 links)
[2026-03-21 19:38:32] Indexed: Libertarianism for Beginners | Books to Scrape - S (331 words, 9 links)
[2026-03-21 19:38:32] Indexed: Parenting | 
     Books to Scrape - Sandbox (110 words, 53 links)
[2026-03-21 19:38:33] Indexed: Cultural | 
     Books to Scrape - Sandbox (109 words, 53 links)
[2026-03-21 19:38:33] Indexed: Philosophy | 
     Books to Scrape - Sandbox (212 words, 63 links)
[2026-03-21 19:38:34] Indexed: Science Fiction | 
     Books to Scrape - Sandbox (265 words, 68 links)
[2026-03-21 19:38:35] Indexed: Music | 
     Books to Scrape - Sandbox (236 words, 65 links)
[2026-03-21 19:38:35] Indexed: Christian | 
     Books to Scrape - Sandbox (133 words, 55 links)
[2026-03-21 19:38:36] Indexed: Politics | 
     Books to Scrape - Sandbox (131 words, 55 links)
[2026-03-21 19:38:36] Indexed: History | 
     Books to Scrape - Sandbox (293 words, 70 links)
[2026-03-21 19:38:37] Indexed: Young Adult | 
     Books to Scrape - Sandbox (313 words, 73 links)
[2026-03-21 19:38:38] Indexed: Without Borders (Wanderlove #1) | Books to Scrape  (401 words, 9 links)
[2026-03-21 19:38:39] Indexed: Shameless | Books to Scrape - Sandbox (384 words, 9 links)
[2026-03-21 19:38:40] Indexed: The Hook Up (Game On #1) | Books to Scrape - Sandb (438 words, 9 links)
[2026-03-21 19:38:40] Indexed: The Matchmaker's Playbook (Wingmen Inc. #1) | Book (358 words, 9 links)
[2026-03-21 19:38:41] Indexed: The Mistake (Off-Campus #2) | Books to Scrape - Sa (401 words, 9 links)
[2026-03-21 19:38:41] Indexed: Off Sides (Off #1) | Books to Scrape - Sandbox (417 words, 9 links)
[2026-03-21 19:38:42] Indexed: Art and Fear: Observations on the Perils (and Rewa (573 words, 9 links)
[2026-03-21 19:38:42] Indexed: The New Drawing on the Right Side of the Brain | B (352 words, 9 links)
[2026-03-21 19:38:43] Indexed: Feathers: Displays of Brilliant Plumage | Books to (262 words, 9 links)
[2026-03-21 19:38:43] Indexed: The Story of Art | Books to Scrape - Sandbox (304 words, 9 links)
[2026-03-21 19:38:44] Indexed: Ways of Seeing | Books to Scrape - Sandbox (396 words, 9 links)
[2026-03-21 19:38:44] Indexed: History of Beauty | Books to Scrape - Sandbox (308 words, 9 links)
[2026-03-21 19:38:45] Indexed: Wall and Piece | Books to Scrape - Sandbox (269 words, 9 links)
[2026-03-21 19:38:45] Indexed: The Art Book | Books to Scrape - Sandbox (299 words, 9 links)
[2026-03-21 19:38:46] Indexed: The Grownup | Books to Scrape - Sandbox (326 words, 9 links)
[2026-03-21 19:38:46] Indexed: Far From True (Promise Falls Trilogy #2) | Books t (411 words, 9 links)
[2026-03-21 19:38:47] Indexed: The Travelers | Books to Scrape - Sandbox (378 words, 9 links)
[2026-03-21 19:38:47] Indexed: You (You #1) | Books to Scrape - Sandbox (340 words, 9 links)
[2026-03-21 19:38:48] Indexed: The 14th Colony (Cotton Malone #11) | Books to Scr (441 words, 9 links)
[2026-03-21 19:38:48] Indexed: The Elephant Tree | Books to Scrape - Sandbox (308 words, 9 links)
[2026-03-21 19:38:49] Indexed: Behind Closed Doors | Books to Scrape - Sandbox (338 words, 9 links)
[2026-03-21 19:38:50] Indexed: Give It Back | Books to Scrape - Sandbox (427 words, 9 links)
[2026-03-21 19:38:50] Indexed: Killing Floor (Jack Reacher #1) | Books to Scrape  (195 words, 9 links)
[2026-03-21 19:38:51] Indexed: The Bone Hunters (Lexy Vaughan & Steven Macaulay # (356 words, 9 links)
[2026-03-21 19:38:51] Indexed: In Her Wake | Books to Scrape - Sandbox (290 words, 9 links)
[2026-03-21 19:38:52] Indexed: The Guilty (Will Robie #4) | Books to Scrape - San (525 words, 9 links)
[2026-03-21 19:38:52] Indexed: Reasons to Stay Alive | Books to Scrape - Sandbox (386 words, 9 links)
[2026-03-21 19:38:53] Indexed: Reskilling America: Learning to Labor in the Twent (464 words, 9 links)
[2026-03-21 19:38:53] Indexed: The Electric Pencil: Drawings from Inside State Ho (382 words, 9 links)
[2026-03-21 19:38:54] Indexed: Worlds Elsewhere: Journeys Around Shakespeare’s Gl (521 words, 9 links)
[2026-03-21 19:38:54] Indexed: Throwing Rocks at the Google Bus: How Growth Becam (556 words, 9 links)
[2026-03-21 19:38:55] Indexed: The Omnivore's Dilemma: A Natural History of Four  (744 words, 9 links)
[2026-03-21 19:38:55] Indexed: #HigherSelfie: Wake Up Your Life. Free Your Soul.  (407 words, 9 links)
[2026-03-21 19:38:56] Indexed: Algorithms to Live By: The Computer Science of Hum (421 words, 9 links)
[2026-03-21 19:38:56] Indexed: Unseen City: The Majesty of Pigeons, the Discreet  (469 words, 9 links)
[2026-03-21 19:38:57] Indexed: The Artist's Way: A Spiritual Path to Higher Creat (339 words, 9 links)
[2026-03-21 19:38:57] Indexed: The Power of Now: A Guide to Spiritual Enlightenme (410 words, 9 links)
[2026-03-21 19:38:58] Indexed: The Five Love Languages: How to Express Heartfelt  (355 words, 9 links)
[2026-03-21 19:38:59] Indexed: The Genius of Birds | Books to Scrape - Sandbox (598 words, 9 links)
[2026-03-21 19:38:59] Indexed: Spark Joy: An Illustrated Master Class on the Art  (333 words, 9 links)
[2026-03-21 19:39:00] Indexed: Nonfiction | 
     Books to Scrape - Sandbox (322 words, 74 links)
[2026-03-21 19:39:00] Indexed: In the Country We Love: My Family Divided | Books  (423 words, 9 links)
[2026-03-21 19:39:01] Indexed: So You've Been Publicly Shamed | Books to Scrape - (393 words, 9 links)
[2026-03-21 19:39:01] Indexed: Call the Nurse: True Stories of a Country Nurse on (424 words, 9 links)
[2026-03-21 19:39:02] Indexed: The Life-Changing Magic of Tidying Up: The Japanes (378 words, 9 links)
[2026-03-21 19:39:02] Indexed: Everydata: The Misinformation Hidden in the Little (429 words, 9 links)
[2026-03-21 19:39:03] Indexed: The Gutsy Girl: Escapades for Your Life of Epic Ad (437 words, 9 links)
[2026-03-21 19:39:03] Indexed: Running with Scissors | Books to Scrape - Sandbox (330 words, 9 links)
[2026-03-21 19:39:04] Indexed: A Heartbreaking Work of Staggering Genius | Books  (656 words, 9 links)
[2026-03-21 19:39:05] Indexed: Approval Junkie: Adventures in Caring Too Much | B (512 words, 9 links)
[2026-03-21 19:39:05] Indexed: M Train | Books to Scrape - Sandbox (432 words, 9 links)
[2026-03-21 19:39:06] Indexed: Life Without a Recipe | Books to Scrape - Sandbox (441 words, 9 links)
[2026-03-21 19:39:06] Indexed: Lust & Wonder | Books to Scrape - Sandbox (288 words, 9 links)
[2026-03-21 19:39:07] Indexed: Me Talk Pretty One Day | Books to Scrape - Sandbox (287 words, 9 links)
[2026-03-21 19:39:07] Indexed: The Argonauts | Books to Scrape - Sandbox (355 words, 9 links)
[2026-03-21 19:39:08] Indexed: Lab Girl | Books to Scrape - Sandbox (390 words, 9 links)
[2026-03-21 19:39:08] Indexed: The Long Shadow of Small Ghosts: Murder and Memory (509 words, 9 links)
[2026-03-21 19:39:12] Indexed: Sugar Rush (Offensive Line #2) | Books to Scrape - (417 words, 9 links)
[2026-03-21 19:39:12] Indexed: Friday Night Lights: A Town, a Team, and a Dream | (377 words, 9 links)
[2026-03-21 19:39:13] Indexed: Icing (Aces Hockey #2) | Books to Scrape - Sandbox (404 words, 9 links)
[2026-03-21 19:39:13] Indexed: The Book of Basketball: The NBA According to The S (481 words, 9 links)
[2026-03-21 19:39:14] Indexed: Settling the Score (The Summer Games #1) | Books t (438 words, 9 links)
[2026-03-21 19:39:14] Indexed: The Girl You Left Behind (The Girl You Left Behind (367 words, 9 links)
[2026-03-21 19:39:15] Indexed: All the Light We Cannot See | Books to Scrape - Sa (505 words, 9 links)
[2026-03-21 19:39:15] Indexed: The House by the Lake | Books to Scrape - Sandbox (373 words, 9 links)
[2026-03-21 19:39:16] Indexed: The Invention of Wings | Books to Scrape - Sandbox (499 words, 9 links)
[2026-03-21 19:39:16] Indexed: The Guernsey Literary and Potato Peel Pie Society  (441 words, 9 links)
[2026-03-21 19:39:17] Indexed: Love, Lies and Spies | Books to Scrape - Sandbox (313 words, 9 links)
[2026-03-21 19:39:17] Indexed: The Last Painting of Sara de Vos | Books to Scrape (451 words, 9 links)
[2026-03-21 19:39:18] Indexed: Lilac Girls | Books to Scrape - Sandbox (406 words, 9 links)
[2026-03-21 19:39:18] Indexed: Girl in the Blue Coat | Books to Scrape - Sandbox (374 words, 9 links)
[2026-03-21 19:39:19] Indexed: The Passion of Dolssa | Books to Scrape - Sandbox (322 words, 9 links)
[2026-03-21 19:39:20] Indexed: Historical Fiction | 
     Books to Scrape - Sandb (170 words, 59 links)
[2026-03-21 19:39:20] Indexed: The Marriage of Opposites | Books to Scrape - Sand (448 words, 9 links)
[2026-03-21 19:39:21] Indexed: Glory over Everything: Beyond The Kitchen House |  (506 words, 9 links)
[2026-03-21 19:39:21] Indexed: A Paris Apartment | Books to Scrape - Sandbox (527 words, 9 links)
[2026-03-21 19:39:23] Indexed: The Red Tent | Books to Scrape - Sandbox (344 words, 9 links)
[2026-03-21 19:39:23] Indexed: Mrs. Houdini | Books to Scrape - Sandbox (408 words, 9 links)
[2026-03-21 19:39:24] Indexed: Voyager (Outlander #3) | Books to Scrape - Sandbox (355 words, 9 links)
[2026-03-21 19:39:24] Indexed: Forever and Forever: The Courtship of Henry Longfe (422 words, 9 links)
[2026-03-21 19:39:25] Indexed: Girl With a Pearl Earring | Books to Scrape - Sand (349 words, 9 links)
[2026-03-21 19:39:26] Indexed: World Without End (The Pillars of the Earth #2) |  (361 words, 9 links)
[2026-03-21 19:39:27] Indexed: A Flight of Arrows (The Pathfinders #2) | Books to (417 words, 9 links)
[2026-03-21 19:39:28] Indexed: The Constant Princess (The Tudor Court #1) | Books (406 words, 9 links)
[2026-03-21 19:39:28] Indexed: Poems That Make Grown Women Cry | Books to Scrape  (353 words, 9 links)
[2026-03-21 19:39:29] Indexed: Out of Print: City Lights Spotlight No. 14 | Books (524 words, 9 links)
[2026-03-21 19:39:29] Indexed: You can't bury them all: Poems | Books to Scrape - (441 words, 9 links)
[2026-03-21 19:39:30] Indexed: Leave This Song Behind: Teen Poetry at Its Best |  (382 words, 9 links)
[2026-03-21 19:39:30] Indexed: Twenty Love Poems and a Song of Despair | Books to (286 words, 9 links)
[2026-03-21 19:39:31] Indexed: Quarter Life Poetry: Poems for the Young, Broke an (364 words, 9 links)
[2026-03-21 19:39:32] Indexed: Untitled Collection: Sabbath Poems 2014 | Books to (368 words, 9 links)
[2026-03-21 19:39:32] Indexed: Howl and Other Poems | Books to Scrape - Sandbox (330 words, 9 links)
[2026-03-21 19:39:33] Indexed: The Crossover | Books to Scrape - Sandbox (316 words, 9 links)
[2026-03-21 19:39:33] Indexed: Booked | Books to Scrape - Sandbox (337 words, 9 links)
[2026-03-21 19:39:34] Indexed: The Collected Poems of W.B. Yeats (The Collected W (368 words, 9 links)
[2026-03-21 19:39:34] Indexed: Les Fleurs du Mal | Books to Scrape - Sandbox (162 words, 9 links)
[2026-03-21 19:39:35] Indexed: Night Sky with Exit Wounds | Books to Scrape - San (313 words, 9 links)
[2026-03-21 19:39:35] Indexed: Slow States of Collapse: Poems | Books to Scrape - (358 words, 9 links)
[2026-03-21 19:39:36] Indexed: salt. | Books to Scrape - Sandbox (165 words, 9 links)
[2026-03-21 19:39:36] Indexed: Logan Kade (Fallen Crest High #5.5) | Books to Scr (345 words, 9 links)
[2026-03-21 19:39:37] Indexed: You Are a Badass: How to Stop Doubting Your Greatn (325 words, 9 links)
[2026-03-21 19:39:37] Indexed: How to Stop Worrying and Start Living | Books to S (368 words, 9 links)
[2026-03-21 19:39:38] Indexed: Overload: How to Unplug, Unwind, and Unleash Yours (378 words, 9 links)
[2026-03-21 19:39:38] Indexed: How to Be Miserable: 40 Strategies You Already Use (431 words, 9 links)
[2026-03-21 19:39:39] Indexed: Online Marketing for Busy Authors: A Step-By-Step  (378 words, 9 links)
[2026-03-21 19:39:39] Indexed: Don't Be a Jerk: And Other Practical Advice from D (400 words, 9 links)
[2026-03-21 19:39:41] Indexed: Choosing Our Religion: The Spiritual Lives of Amer (472 words, 9 links)
[2026-03-21 19:39:41] Indexed: A History of God: The 4,000-Year Quest of Judaism, (327 words, 9 links)
[2026-03-21 19:39:42] Indexed: The Book of Mormon | Books to Scrape - Sandbox (690 words, 9 links)
[2026-03-21 19:39:43] Indexed: The Bhagavad Gita | Books to Scrape - Sandbox (297 words, 9 links)
[2026-03-21 19:39:44] Indexed: God: The Most Unpleasant Character in All Fiction  (321 words, 9 links)
[2026-03-21 19:39:44] Indexed: You Are What You Love: The Spiritual Power of Habi (452 words, 9 links)
[2026-03-21 19:39:45] Indexed: Demigods & Magicians: Percy and Annabeth Meet the  (329 words, 9 links)
[2026-03-21 19:39:45] Indexed: Searching for Meaning in Gailana | Books to Scrape (463 words, 9 links)
[2026-03-21 19:39:46] Indexed: A Shard of Ice (The Black Symphony Saga #1) | Book (516 words, 9 links)
[2026-03-21 19:39:46] Indexed: King's Folly (The Kinsman Chronicles #1) | Books t (311 words, 9 links)
[2026-03-21 19:39:47] Indexed: Avatar: The Last Airbender: Smoke and Shadow, Part (351 words, 9 links)
[2026-03-21 19:39:48] Indexed: Saga, Volume 6 (Saga (Collected Editions) #6) | Bo (180 words, 9 links)
[2026-03-21 19:39:48] Indexed: A Court of Thorns and Roses (A Court of Thorns and (370 words, 9 links)
[2026-03-21 19:39:49] Indexed: The Glittering Court (The Glittering Court #1) | B (433 words, 9 links)
[2026-03-21 19:39:49] Indexed: City of Glass (The Mortal Instruments #3) | Books  (410 words, 9 links)
[2026-03-21 19:39:50] Indexed: The Hidden Oracle (The Trials of Apollo #1) | Book (325 words, 9 links)
[2026-03-21 19:39:50] Indexed: Hollow City (Miss Peregrine’s Peculiar Children #2 (320 words, 9 links)
[2026-03-21 19:39:52] Indexed: Throne of Glass (Throne of Glass #1) | Books to Sc (406 words, 9 links)
[2026-03-21 19:39:52] Indexed: Island of Dragons (Unwanteds #7) | Books to Scrape (332 words, 9 links)
[2026-03-21 19:39:53] Indexed: Unicorn Tracks | Books to Scrape - Sandbox (327 words, 9 links)
[2026-03-21 19:39:53] Indexed: Princess Between Worlds (Wide-Awake Princess #5) | (195 words, 9 links)
[2026-03-21 19:39:54] Indexed: Fantasy | 
     Books to Scrape - Sandbox (315 words, 74 links)
[2026-03-21 19:39:54] Indexed: Crown of Midnight (Throne of Glass #2) | Books to  (407 words, 9 links)
[2026-03-21 19:39:55] Indexed: The Star-Touched Queen | Books to Scrape - Sandbox (409 words, 9 links)
[2026-03-21 19:39:55] Indexed: Masks and Shadows | Books to Scrape - Sandbox (330 words, 9 links)
[2026-03-21 19:39:56] Indexed: The Bane Chronicles (The Bane Chronicles #1-11) |  (334 words, 9 links)
[2026-03-21 19:39:56] Indexed: The Star-Touched Queen | Books to Scrape - Sandbox (385 words, 9 links)
[2026-03-21 19:39:57] Indexed: If I Gave You God's Phone Number....: Searching fo (761 words, 9 links)
[2026-03-21 19:39:57] Indexed: A New Earth: Awakening to Your Life's Purpose | Bo (377 words, 9 links)
[2026-03-21 19:39:58] Indexed: The Four Agreements: A Practical Guide to Personal (282 words, 9 links)
[2026-03-21 19:39:58] Indexed: The Activist's Tao Te Ching: Ancient Advice for a  (372 words, 9 links)
[2026-03-21 19:39:59] Indexed: Chasing Heaven: What Dying Taught Me About Living  (483 words, 9 links)
[2026-03-21 19:40:01] Indexed: Unreasonable Hope: Finding Faith in the God Who Br (364 words, 9 links)
[2026-03-21 19:40:01] Indexed: How Music Works | Books to Scrape - Sandbox (384 words, 9 links)
[2026-03-21 19:40:02] Indexed: Aladdin and His Wonderful Lamp | Books to Scrape - (473 words, 9 links)
[2026-03-21 19:40:02] Indexed: Sophie's World | Books to Scrape - Sandbox (352 words, 9 links)
[2026-03-21 19:40:03] Indexed: Chase Me (Paris Nights #2) | Books to Scrape - San (338 words, 9 links)
[2026-03-21 19:40:03] Indexed: Maude (1883-1993):She Grew Up with the country | B (363 words, 9 links)
[2026-03-21 19:40:05] Indexed: Penny Maybe | Books to Scrape - Sandbox (184 words, 9 links)
[2026-03-21 19:40:05] Indexed: America's Cradle of Quarterbacks: Western Pennsylv (411 words, 9 links)
[2026-03-21 19:40:06] Indexed: Lumberjanes Vol. 3: A Terrible Plan (Lumberjanes # (188 words, 9 links)
[2026-03-21 19:40:06] Indexed: Born for This: How to Find the Work You Were Meant (586 words, 9 links)
[2026-03-21 19:40:07] Indexed: What Happened on Beale Street (Secrets of the Sout (397 words, 9 links)
[2026-03-21 19:40:07] Indexed: Suzie Snowflake: One beautiful flake (a self-estee (431 words, 9 links)
[2026-03-21 19:40:08] Indexed: On a Midnight Clear | Books to Scrape - Sandbox (311 words, 9 links)
[2026-03-21 19:40:09] Indexed: Twenty Yawns | Books to Scrape - Sandbox (272 words, 9 links)
[2026-03-21 19:40:10] Indexed: The Loney | Books to Scrape - Sandbox (315 words, 9 links)
[2026-03-21 19:40:11] Indexed: Someone Like You (The Harrisons #2) | Books to Scr (344 words, 9 links)
[2026-03-21 19:40:11] Indexed: Soul Reader | Books to Scrape - Sandbox (175 words, 9 links)
[2026-03-21 19:40:12] Indexed: Silence in the Dark (Logan Point #4) | Books to Sc (352 words, 9 links)
[2026-03-21 19:40:12] Indexed: Emma | Books to Scrape - Sandbox (323 words, 9 links)
[2026-03-21 19:40:13] Indexed: Deliciously Ella Every Day: Quick and Easy Recipes (465 words, 9 links)
[2026-03-21 19:40:13] Indexed: Like Never Before (Walker Family #2) | Books to Sc (383 words, 9 links)
[2026-03-21 19:40:14] Indexed: Vampire Knight, Vol. 1 (Vampire Knight #1) | Books (317 words, 9 links)
[2026-03-21 19:40:14] Indexed: Books | 
     Books to Scrape - Sandbox (315 words, 74 links)
[2026-03-21 19:40:15] Indexed: Neither Here nor There: Travels in Europe | Books  (354 words, 9 links)
[2026-03-21 19:40:15] Indexed: Naked | Books to Scrape - Sandbox (297 words, 9 links)
[2026-03-21 19:40:16] Indexed: Thirst | Books to Scrape - Sandbox (385 words, 9 links)
[2026-03-21 19:40:17] Indexed: 8 Keys to Mental Health Through Exercise | Books t (350 words, 9 links)
[2026-03-21 19:40:18] Indexed: Fifty Shades Freed (Fifty Shades #3) | Books to Sc (344 words, 9 links)
[2026-03-21 19:40:18] Indexed: The Art and Science of Low Carbohydrate Living | B (347 words, 9 links)
[2026-03-21 19:40:19] Indexed: The Bulletproof Diet: Lose up to a Pound a Day, Re (463 words, 9 links)
[2026-03-21 19:40:19] Indexed: Suddenly in Love (Lake Haven #1) | Books to Scrape (372 words, 9 links)
[2026-03-21 19:40:20] Indexed: I Had a Nice Time And Other Lies...: How to find l (449 words, 9 links)
[2026-03-21 19:40:21] Indexed: Seven Brief Lessons on Physics | Books to Scrape - (354 words, 9 links)
[2026-03-21 19:40:21] Indexed: Setting the World on Fire: The Brief, Astonishing  (449 words, 9 links)
[2026-03-21 19:40:22] Indexed: Catastrophic Happiness: Finding Joy in Childhood's (354 words, 9 links)
[2026-03-21 19:40:22] Indexed: Amid the Chaos | Books to Scrape - Sandbox (373 words, 9 links)
[2026-03-21 19:40:23] Indexed: Proofs of God: Classical Arguments from Tertullian (285 words, 9 links)
[2026-03-21 19:40:23] Indexed: Arena | Books to Scrape - Sandbox (366 words, 9 links)
[2026-03-21 19:40:24] Indexed: Blue Like Jazz: Nonreligious Thoughts on Christian (355 words, 9 links)
[2026-03-21 19:40:24] Indexed: Why the Right Went Wrong: Conservatism--From Goldw (542 words, 9 links)
[2026-03-21 19:40:25] Indexed: The Age of Genius: The Seventeenth Century and the (406 words, 9 links)
[2026-03-21 19:40:25] Indexed: This Is Where It Ends | Books to Scrape - Sandbox (283 words, 9 links)
[2026-03-21 19:40:26] Indexed: (Un)Qualified: How God Uses Broken People to Do Bi (637 words, 9 links)
[2026-03-21 19:40:26] Indexed: Crazy Love: Overwhelmed by a Relentless God | Book (388 words, 9 links)
[2026-03-21 19:40:27] Indexed: Benjamin Franklin: An American Life | Books to Scr (633 words, 9 links)
[2026-03-21 19:40:27] Indexed: The Rise of Theodore Roosevelt (Theodore Roosevelt (203 words, 9 links)
[2026-03-21 19:40:29] Indexed: The Faith of Christopher Hitchens: The Restless So (530 words, 9 links)
[2026-03-21 19:40:29] Indexed: Louisa: The Extraordinary Life of Mrs. Adams | Boo (464 words, 9 links)
[2026-03-21 19:40:30] Indexed: Rework | Books to Scrape - Sandbox (417 words, 9 links)
[2026-03-21 19:40:31] Indexed: No Dream Is Too High: Life Lessons From a Man Who  (500 words, 9 links)
[2026-03-21 19:40:31] Indexed: Let It Out: A Journey Through Journaling | Books t (497 words, 9 links)
[2026-03-21 19:40:33] Indexed: Brain on Fire: My Month of Madness | Books to Scra (347 words, 9 links)
[2026-03-21 19:40:33] Indexed: Nonfiction | 
     Books to Scrape - Sandbox (320 words, 74 links)
[2026-03-21 19:40:34] Indexed: The Year of Magical Thinking | Books to Scrape - S (426 words, 9 links)
[2026-03-21 19:40:34] Indexed: The Literature Book (Big Ideas Simply Explained) | (414 words, 9 links)
[2026-03-21 19:40:35] Indexed: Looking for Lovely: Collecting the Moments that Ma (410 words, 9 links)
[2026-03-21 19:40:36] Indexed: Buying In: The Secret Dialogue Between What We Buy (954 words, 9 links)
[2026-03-21 19:40:36] Indexed: Daring Greatly: How the Courage to Be Vulnerable T (458 words, 9 links)
[2026-03-21 19:40:37] Indexed: Becoming Wise: An Inquiry into the Mystery and Art (648 words, 9 links)
[2026-03-21 19:40:37] Indexed: Swell: A Year of Waves | Books to Scrape - Sandbox (323 words, 9 links)
[2026-03-21 19:40:38] Indexed: Hamilton: The Revolution | Books to Scrape - Sandb (449 words, 9 links)
[2026-03-21 19:40:38] Indexed: Far & Away: Places on the Brink of Change: Seven C (430 words, 9 links)
[2026-03-21 19:40:39] Indexed: Agnostic: A Spirited Manifesto | Books to Scrape - (408 words, 9 links)
[2026-03-21 19:40:39] Indexed: 13 Hours: The Inside Account of What Really Happen (420 words, 9 links)
[2026-03-21 19:40:40] Indexed: Abstract City | Books to Scrape - Sandbox (574 words, 9 links)
[2026-03-21 19:40:40] Indexed: Whole Lotta Creativity Going On: 60 Fun and Unusua (394 words, 9 links)
[2026-03-21 19:40:41] Indexed: The Bad-Ass Librarians of Timbuktu: And Their Race (474 words, 9 links)
[2026-03-21 19:40:41] Indexed: Big Magic: Creative Living Beyond Fear | Books to  (370 words, 9 links)
[2026-03-21 19:40:42] Indexed: Nonfiction | 
     Books to Scrape - Sandbox (326 words, 73 links)
[2026-03-21 19:40:43] Indexed: What's It Like in Space?: Stories from Astronauts  (334 words, 9 links)
[2026-03-21 19:40:43] Indexed: Eaternity: More than 150 Deliciously Easy Vegan Re (493 words, 9 links)
[2026-03-21 19:40:44] Indexed: Civilization and Its Discontents | Books to Scrape (453 words, 9 links)
[2026-03-21 19:40:44] Indexed: Thinking, Fast and Slow | Books to Scrape - Sandbo (420 words, 9 links)
[2026-03-21 19:40:45] Indexed: An Unquiet Mind: A Memoir of Moods and Madness | B (349 words, 9 links)
[2026-03-21 19:40:45] Indexed: It Didn't Start with You: How Inherited Family Tra (531 words, 9 links)
[2026-03-21 19:40:46] Indexed: The Golden Condom: And Other Essays on Love Lost a (410 words, 9 links)
[2026-03-21 19:40:46] Indexed: Dark Notes | Books to Scrape - Sandbox (287 words, 9 links)
[2026-03-21 19:40:47] Indexed: Equal Is Unfair: America's Misguided Fight Against (465 words, 9 links)
[2026-03-21 19:40:47] Indexed: 10-Day Green Smoothie Cleanse: Lose Up to 15 Pound (561 words, 9 links)
[2026-03-21 19:40:48] Indexed: Having the Barbarian's Baby (Ice Planet Barbarians (306 words, 9 links)
[2026-03-21 19:40:49] Indexed: Three Wishes (River of Time: California #1) | Book (357 words, 9 links)
[2026-03-21 19:40:49] Indexed: The Last Girl (The Dominion Trilogy #1) | Books to (397 words, 9 links)
[2026-03-21 19:40:50] Indexed: Do Androids Dream of Electric Sheep? (Blade Runner (324 words, 9 links)
[2026-03-21 19:40:50] Indexed: Dune (Dune #1) | Books to Scrape - Sandbox (331 words, 9 links)
[2026-03-21 19:40:51] Indexed: Life, the Universe and Everything (Hitchhiker's Gu (381 words, 9 links)
[2026-03-21 19:40:51] Indexed: Delivering the Truth (Quaker Midwife Mystery #1) | (362 words, 9 links)
[2026-03-21 19:40:52] Indexed: Playing with Fire | Books to Scrape - Sandbox (294 words, 9 links)
[2026-03-21 19:40:52] Indexed: The Bachelor Girl's Guide to Murder (Herringford a (354 words, 9 links)
[2026-03-21 19:40:53] Indexed: While You Were Mine | Books to Scrape - Sandbox (352 words, 9 links)
[2026-03-21 19:40:53] Indexed: Lost Among the Living | Books to Scrape - Sandbox (356 words, 9 links)
[2026-03-21 19:40:54] Indexed: Starlark | Books to Scrape - Sandbox (407 words, 9 links)
[2026-03-21 19:40:54] Indexed: Historical Fiction | 
     Books to Scrape - Sandb (316 words, 73 links)
[2026-03-21 19:40:55] Indexed: The Secret Healer | Books to Scrape - Sandbox (359 words, 9 links)
[2026-03-21 19:40:55] Indexed: A Spy's Devotion (The Regency Spies of London #1)  (365 words, 9 links)
[2026-03-21 19:40:56] Indexed: Between Shades of Gray | Books to Scrape - Sandbox (382 words, 9 links)
[2026-03-21 19:40:56] Indexed: The Widow | Books to Scrape - Sandbox (383 words, 9 links)
[2026-03-21 19:40:57] Indexed: Boar Island (Anna Pigeon #19) | Books to Scrape -  (270 words, 9 links)
[2026-03-21 19:40:57] Indexed: Surely You're Joking, Mr. Feynman!: Adventures of  (296 words, 9 links)
[2026-03-21 19:40:58] Indexed: The Selfish Gene | Books to Scrape - Sandbox (431 words, 9 links)
[2026-03-21 19:40:58] Indexed: The Elegant Universe: Superstrings, Hidden Dimensi (319 words, 9 links)
[2026-03-21 19:41:00] Indexed: The Disappearing Spoon: And Other True Tales of Ma (402 words, 9 links)
[2026-03-21 19:41:01] Indexed: Peak: Secrets from the New Science of Expertise |  (169 words, 9 links)
[2026-03-21 19:41:01] Indexed: The Thing About Jellyfish | Books to Scrape - Sand (300 words, 9 links)
[2026-03-21 19:41:02] Indexed: Maybe Something Beautiful: How Art Transformed a N (269 words, 9 links)
[2026-03-21 19:41:03] Indexed: The Day the Crayons Came Home (Crayons) | Books to (502 words, 9 links)
[2026-03-21 19:41:04] Indexed: The Lonely Ones | Books to Scrape - Sandbox (431 words, 9 links)
[2026-03-21 19:41:04] Indexed: Playing from the Heart | Books to Scrape - Sandbox (326 words, 9 links)
[2026-03-21 19:41:05] Indexed: The Wild Robot | Books to Scrape - Sandbox (289 words, 9 links)
[2026-03-21 19:41:05] Indexed: The Midnight Watch: A Novel of the Titanic and the (480 words, 9 links)
[2026-03-21 19:41:06] Indexed: A Series of Catastrophes and Miracles: A True Stor (350 words, 9 links)
[2026-03-21 19:41:06] Indexed: A Brush of Wings (Angels Walking #3) | Books to Sc (421 words, 9 links)
[2026-03-21 19:41:07] Indexed: A People's History of the United States | Books to (193 words, 9 links)
[2026-03-21 19:41:07] Indexed: Rook | Books to Scrape - Sandbox (362 words, 9 links)
[2026-03-21 19:41:08] Indexed: Angels Walking (Angels Walking #1) | Books to Scra (358 words, 9 links)
[2026-03-21 19:41:08] Indexed: Harry Potter and the Chamber of Secrets (Harry Pot (365 words, 9 links)
[2026-03-21 19:41:09] Indexed: The Raven Boys (The Raven Cycle #1) | Books to Scr (386 words, 9 links)
[2026-03-21 19:41:10] Indexed: A Storm of Swords (A Song of Ice and Fire #3) | Bo (401 words, 9 links)
[2026-03-21 19:41:10] Indexed: A Feast for Crows (A Song of Ice and Fire #4) | Bo (353 words, 9 links)
[2026-03-21 19:41:11] Indexed: Tell the Wind and Fire | Books to Scrape - Sandbox (356 words, 9 links)
[2026-03-21 19:41:11] Indexed: Harry Potter and the Order of the Phoenix (Harry P (298 words, 9 links)
[2026-03-21 19:41:12] Indexed: Soldier (Talon #3) | Books to Scrape - Sandbox (335 words, 9 links)
[2026-03-21 19:41:12] Indexed: Paper and Fire (The Great Library #2) | Books to S (413 words, 9 links)
[2026-03-21 19:41:13] Indexed: The False Prince (The Ascendance Trilogy #1) | Boo (386 words, 9 links)
[2026-03-21 19:41:13] Indexed: The Beast (Black Dagger Brotherhood #14) | Books t (419 words, 9 links)
[2026-03-21 19:41:14] Indexed: Heir to the Sky | Books to Scrape - Sandbox (378 words, 9 links)
[2026-03-21 19:41:15] Indexed: A Gathering of Shadows (Shades of Magic #2) | Book (387 words, 9 links)
[2026-03-21 19:41:16] Indexed: Ash | Books to Scrape - Sandbox (369 words, 9 links)
[2026-03-21 19:41:17] Indexed: Fantasy | 
     Books to Scrape - Sandbox (320 words, 73 links)
[2026-03-21 19:41:17] Indexed: The Rose & the Dagger (The Wrath and the Dawn #2)  (420 words, 9 links)
[2026-03-21 19:41:18] Indexed: Eragon (The Inheritance Cycle #1) | Books to Scrap (341 words, 9 links)
[2026-03-21 19:41:18] Indexed: Darkfever (Fever #1) | Books to Scrape - Sandbox (297 words, 9 links)
[2026-03-21 19:41:19] Indexed: Every Heart a Doorway (Every Heart A Doorway #1) | (323 words, 9 links)
[2026-03-21 19:41:20] Indexed: The Demonists (Demonist #1) | Books to Scrape - Sa (354 words, 9 links)
[2026-03-21 19:41:20] Indexed: Fantasy | 
     Books to Scrape - Sandbox (189 words, 61 links)
[2026-03-21 19:41:22] Indexed: Harry Potter and the Half-Blood Prince (Harry Pott (355 words, 9 links)
[2026-03-21 19:41:22] Indexed: Midnight Riot (Peter Grant/ Rivers of London - boo (330 words, 9 links)
[2026-03-21 19:41:23] Indexed: When We Collided | Books to Scrape - Sandbox (291 words, 9 links)
[2026-03-21 19:41:23] Indexed: We Are All Completely Beside Ourselves | Books to  (311 words, 9 links)
[2026-03-21 19:41:24] Indexed: Forever Rockers (The Rocker #12) | Books to Scrape (331 words, 9 links)
[2026-03-21 19:41:24] Indexed: Orchestra of Exiles: The Story of Bronislaw Huberm (525 words, 9 links)
[2026-03-21 19:41:25] Indexed: Old Records Never Die: One Man's Quest for His Vin (492 words, 9 links)
[2026-03-21 19:41:25] Indexed: Life | Books to Scrape - Sandbox (180 words, 9 links)
[2026-03-21 19:41:26] Indexed: No One Here Gets Out Alive | Books to Scrape - San (297 words, 9 links)
[2026-03-21 19:41:26] Indexed: Of Mice and Men | Books to Scrape - Sandbox (323 words, 9 links)
[2026-03-21 19:41:27] Indexed: Alice in Wonderland (Alice's Adventures in Wonderl (141 words, 9 links)
[2026-03-21 19:41:27] Indexed: The Little Prince | Books to Scrape - Sandbox (256 words, 9 links)
[2026-03-21 19:41:28] Indexed: Sense and Sensibility | Books to Scrape - Sandbox (340 words, 9 links)
[2026-03-21 19:41:28] Indexed: The Story of Hong Gildong | Books to Scrape - Sand (352 words, 9 links)
[2026-03-21 19:41:29] Indexed: At The Existentialist Café: Freedom, Being, and ap (475 words, 9 links)
[2026-03-21 19:41:29] Indexed: Critique of Pure Reason | Books to Scrape - Sandbo (337 words, 9 links)
[2026-03-21 19:41:30] Indexed: Beyond Good and Evil | Books to Scrape - Sandbox (418 words, 9 links)
[2026-03-21 19:41:30] Indexed: Run, Spot, Run: The Ethics of Keeping Pets | Books (476 words, 9 links)
[2026-03-21 19:41:31] Indexed: The Nicomachean Ethics | Books to Scrape - Sandbox (357 words, 9 links)
[2026-03-21 19:41:31] Indexed: Meditations | Books to Scrape - Sandbox (319 words, 9 links)
[2026-03-21 19:41:32] Indexed: This Is Your Brain on Music: The Science of a Huma (401 words, 9 links)
[2026-03-21 19:41:32] Indexed: Lumberjanes, Vol. 1: Beware the Kitten Holy (Lumbe (290 words, 9 links)
[2026-03-21 19:41:33] Indexed: Pop Gun War, Volume 1: Gift | Books to Scrape - Sa (499 words, 9 links)
[2026-03-21 19:41:33] Indexed: Patience | Books to Scrape - Sandbox (263 words, 9 links)
[2026-03-21 19:41:34] Indexed: orange: The Complete Collection 1 (orange: The Com (326 words, 9 links)
[2026-03-21 19:41:34] Indexed: Outcast, Vol. 1: A Darkness Surrounds Him (Outcast (195 words, 9 links)
[2026-03-21 19:41:35] Indexed: Lumberjanes, Vol. 2: Friendship to the Max (Lumber (322 words, 9 links)
[2026-03-21 19:41:35] Indexed: Made to Stick: Why Some Ideas Survive and Others D (464 words, 9 links)
[2026-03-21 19:41:36] Indexed: The 10% Entrepreneur: Live Your Startup Dream With (541 words, 9 links)
[2026-03-21 19:41:36] Indexed: The Third Wave: An Entrepreneur’s Vision of the Fu (621 words, 9 links)
[2026-03-21 19:41:37] Indexed: The Art of Startup Fundraising | Books to Scrape - (1254 words, 9 links)
[2026-03-21 19:41:37] Indexed: Shoe Dog: A Memoir by the Creator of NIKE | Books  (479 words, 9 links)
[2026-03-21 19:41:38] Indexed: Quench Your Own Thirst: Business Lessons Learned O (458 words, 9 links)
[2026-03-21 19:41:38] Indexed: Most Wanted | Books to Scrape - Sandbox (322 words, 9 links)
[2026-03-21 19:41:39] Indexed: Murder at the 42nd Street Library (Raymond Ambler  (333 words, 9 links)
[2026-03-21 19:41:39] Indexed: Hide Away (Eve Duncan #20) | Books to Scrape - San (314 words, 9 links)
[2026-03-21 19:41:40] Indexed: The Torch Is Passed: A Harding Family Story | Book (853 words, 9 links)
[2026-03-21 19:41:40] Indexed: The Mindfulness and Acceptance Workbook for Anxiet (654 words, 9 links)
[2026-03-21 19:41:41] Indexed: The Art Forger | Books to Scrape - Sandbox (359 words, 9 links)
[2026-03-21 19:41:42] Indexed: Birdsong: A Story in Pictures | Books to Scrape -  (335 words, 9 links)
[2026-03-21 19:41:42] Indexed: The Bear and the Piano | Books to Scrape - Sandbox (309 words, 9 links)
[2026-03-21 19:41:43] Indexed: The Secret of Dreadwillow Carse | Books to Scrape  (415 words, 9 links)
[2026-03-21 19:41:43] Indexed: Walt Disney's Alice in Wonderland | Books to Scrap (342 words, 9 links)
[2026-03-21 19:41:44] Indexed: The White Cat and the Monk: A Retelling of the Poe (316 words, 9 links)
[2026-03-21 19:41:45] Indexed: Little Red | Books to Scrape - Sandbox (275 words, 9 links)
[2026-03-21 19:41:46] Indexed: Follow You Home | Books to Scrape - Sandbox (314 words, 9 links)
[2026-03-21 19:41:46] Indexed: Holidays on Ice | Books to Scrape - Sandbox (165 words, 9 links)
[2026-03-21 19:41:47] Indexed: Lamb: The Gospel According to Biff, Christ's Child (349 words, 9 links)
[2026-03-21 19:41:47] Indexed: When You Are Engulfed in Flames | Books to Scrape  (431 words, 9 links)
[2026-03-21 19:41:49] Indexed: Security | Books to Scrape - Sandbox (585 words, 9 links)
[2026-03-21 19:41:49] Indexed: The Inefficiency Assassin: Time Management Tactics (352 words, 9 links)
[2026-03-21 19:41:50] Indexed: Beowulf | Books to Scrape - Sandbox (319 words, 9 links)
[2026-03-21 19:41:50] Indexed: And Then There Were None | Books to Scrape - Sandb (286 words, 9 links)
[2026-03-21 19:41:51] Indexed: Layered: Baking, Building, and Styling Spectacular (329 words, 9 links)
[2026-03-21 19:41:52] Indexed: The Cookies & Cups Cookbook: 125+ sweet & savory r (423 words, 9 links)
[2026-03-21 19:41:53] Indexed: Mama Tried: Traditional Italian Cooking for the Sc (303 words, 9 links)
[2026-03-21 19:41:53] Indexed: My Paris Kitchen: Recipes and Stories | Books to S (438 words, 9 links)
[2026-03-21 19:41:54] Indexed: The Nerdy Nummies Cookbook: Sweet Treats for the G (466 words, 9 links)
[2026-03-21 19:41:54] Indexed: The Love and Lemons Cookbook: An Apple-to-Zucchini (381 words, 9 links)
[2026-03-21 19:41:55] Indexed: 32 Yolks | Books to Scrape - Sandbox (323 words, 9 links)
[2026-03-21 19:41:56] Indexed: Redeeming Love | Books to Scrape - Sandbox (368 words, 9 links)
[2026-03-21 19:41:57] Indexed: Close to You | Books to Scrape - Sandbox (522 words, 9 links)
[2026-03-21 19:41:57] Indexed: Naturally Lean: 125 Nourishing Gluten-Free, Plant- (345 words, 9 links)
[2026-03-21 19:41:58] Indexed: Shadows of the Past (Logan Point #1) | Books to Sc (330 words, 9 links)
[2026-03-21 19:41:58] Indexed: The Moosewood Cookbook: Recipes from Moosewood Res (280 words, 9 links)
[2026-03-21 19:41:59] Indexed: Foolproof Preserving: A Guide to Small Batch Jams, (347 words, 9 links)
[2026-03-21 19:41:59] Indexed: In a Dark, Dark Wood | Books to Scrape - Sandbox (293 words, 9 links)
[2026-03-21 19:42:00] Indexed: Books | 
     Books to Scrape - Sandbox (308 words, 73 links)
[2026-03-21 19:42:01] Indexed: Books | 
     Books to Scrape - Sandbox (319 words, 74 links)
[2026-03-21 19:42:01] Indexed: Black Dust | Books to Scrape - Sandbox (348 words, 9 links)
[2026-03-21 19:42:02] Indexed: A Year in Provence (Provence #1) | Books to Scrape (310 words, 9 links)
[2026-03-21 19:42:02] Indexed: The Road to Little Dribbling: Adventures of an Ame (346 words, 9 links)
[2026-03-21 19:42:03] Indexed: A Summer In Europe | Books to Scrape - Sandbox (453 words, 9 links)
[2026-03-21 19:42:03] Indexed: Vagabonding: An Uncommon Guide to the Art of Long- (478 words, 9 links)
[2026-03-21 19:42:04] Indexed: The Great Railway Bazaar | Books to Scrape - Sandb (307 words, 9 links)
[2026-03-21 19:42:04] Indexed: Under the Tuscan Sun | Books to Scrape - Sandbox (304 words, 9 links)
[2026-03-21 19:42:05] Indexed: Toddlers Are A**holes: It's Not Your Fault | Books (448 words, 9 links)
[2026-03-21 19:42:05] Indexed: Hyperbole and a Half: Unfortunate Situations, Flaw (338 words, 9 links)
[2026-03-21 19:42:07] Indexed: Dress Your Family in Corduroy and Denim | Books to (363 words, 9 links)
[2026-03-21 19:42:07] Indexed: Old School (Diary of a Wimpy Kid #10) | Books to S (223 words, 9 links)
[2026-03-21 19:42:08] Indexed: I Know What I'm Doing -- and Other Lies I Tell Mys (446 words, 9 links)
[2026-03-21 19:42:09] Indexed: The Edge of Reason (Bridget Jones #2) | Books to S (366 words, 9 links)
[2026-03-21 19:42:11] Indexed: We Love You, Charlie Freeman | Books to Scrape - S (377 words, 9 links)
[2026-03-21 19:42:11] Indexed: Bridget Jones's Diary (Bridget Jones #1) | Books t (383 words, 9 links)
[2026-03-21 19:42:13] Indexed: Something Blue (Darcy & Rachel #2) | Books to Scra (315 words, 9 links)
[2026-03-21 19:42:13] Indexed: I've Got Your Number | Books to Scrape - Sandbox (421 words, 9 links)
[2026-03-21 19:42:14] Indexed: Private Paris (Private #10) | Books to Scrape - Sa (329 words, 9 links)
[2026-03-21 19:42:14] Indexed: The Lucifer Effect: Understanding How Good People  (448 words, 9 links)
[2026-03-21 19:42:15] Indexed: Eat Fat, Get Thin | Books to Scrape - Sandbox (148 words, 9 links)
[2026-03-21 19:42:15] Indexed: Fifty Shades Darker (Fifty Shades #2) | Books to S (338 words, 9 links)
[2026-03-21 19:42:16] Indexed: The Wedding Dress | Books to Scrape - Sandbox (427 words, 9 links)
[2026-03-21 19:42:16] Indexed: First and First (Five Boroughs #3) | Books to Scra (360 words, 9 links)
[2026-03-21 19:42:17] Indexed: Her Backup Boyfriend (The Sorensen Family #1) | Bo (359 words, 9 links)
[2026-03-21 19:42:17] Indexed: A Gentleman's Position (Society of Gentlemen #3) | (414 words, 9 links)
[2026-03-21 19:42:18] Indexed: The Perfect Play (Play by Play #1) | Books to Scra (395 words, 9 links)
[2026-03-21 19:42:18] Indexed: Dark Lover (Black Dagger Brotherhood #1) | Books t (338 words, 9 links)
[2026-03-21 19:42:19] Indexed: A Girl's Guide to Moving On (New Beginnings #2) |  (740 words, 9 links)
[2026-03-21 19:42:19] Indexed: Sit, Stay, Love | Books to Scrape - Sandbox (372 words, 9 links)
[2026-03-21 19:42:20] Indexed: Changing the Game (Play by Play #2) | Books to Scr (377 words, 9 links)
[2026-03-21 19:42:20] Indexed: The Grand Design | Books to Scrape - Sandbox (615 words, 9 links)
[2026-03-21 19:42:21] Indexed: The Origin of Species | Books to Scrape - Sandbox (365 words, 9 links)
[2026-03-21 19:42:21] Indexed: The Lean Startup: How Today's Entrepreneurs Use Co (438 words, 9 links)
[2026-03-21 19:42:22] Indexed: The E-Myth Revisited: Why Most Small Businesses Do (397 words, 9 links)
[2026-03-21 19:42:23] Indexed: Rich Dad, Poor Dad | Books to Scrape - Sandbox (286 words, 9 links)
[2026-03-21 19:42:24] Indexed: The Death of Humanity: and the Case for Life | Boo (293 words, 9 links)
[2026-03-21 19:42:24] Indexed: The Stranger | Books to Scrape - Sandbox (185 words, 9 links)
[2026-03-21 19:42:25] Indexed: Join | Books to Scrape - Sandbox (416 words, 9 links)
[2026-03-21 19:42:25] Indexed: Soft Apocalypse | Books to Scrape - Sandbox (387 words, 9 links)
[2026-03-21 19:42:26] Indexed: The Bridge to Consciousness: I'm Writing the Bridg (160 words, 9 links)
[2026-03-21 19:42:26] Indexed: William Shakespeare's Star Wars: Verily, A New Hop (332 words, 9 links)
[2026-03-21 19:42:27] Indexed: Sleeping Giants (Themis Files #1) | Books to Scrap (420 words, 9 links)
[2026-03-21 19:42:27] Indexed: The Project | Books to Scrape - Sandbox (318 words, 9 links)
[2026-03-21 19:42:28] Indexed: House of Leaves | Books to Scrape - Sandbox (420 words, 9 links)
[2026-03-21 19:42:29] Indexed: It | Books to Scrape - Sandbox (328 words, 9 links)
[2026-03-21 19:42:29] Indexed: Unbound: How Eight Technologies Made Us Human, Tra (466 words, 9 links)
[2026-03-21 19:42:30] Indexed: The Girl with All the Gifts | Books to Scrape - Sa (310 words, 9 links)
[2026-03-21 19:42:30] Indexed: The Stand | Books to Scrape - Sandbox (483 words, 9 links)
[2026-03-21 19:42:31] Indexed: 'Salem's Lot | Books to Scrape - Sandbox (178 words, 9 links)
[2026-03-21 19:42:33] Indexed: Wild Swans | Books to Scrape - Sandbox (330 words, 9 links)
[2026-03-21 19:42:34] Indexed: Frostbite (Vampire Academy #2) | Books to Scrape - (398 words, 9 links)
[2026-03-21 19:42:35] Indexed: Scarlett Epstein Hates It Here | Books to Scrape - (330 words, 9 links)
[2026-03-21 19:42:35] Indexed: Until Friday Night (The Field Party #1) | Books to (422 words, 9 links)
[2026-03-21 19:42:36] Indexed: Nightingale, Sing | Books to Scrape - Sandbox (263 words, 9 links)
[2026-03-21 19:42:36] Indexed: Library of Souls (Miss Peregrine’s Peculiar Childr (357 words, 9 links)
[2026-03-21 19:42:36] Completed: queue empty
[2026-03-21 19:42:36] Crawl finished. Stats: {'urls_visited': 470, 'urls_indexed': 470, 'words_indexed': 87400, 'errors': 0, 'start_time': '2026-03-21 19:37:48', 'end_time': '2026-03-21 19:42:36'}
