[2026-03-21 19:55:09] Crawler started with ID: 1774112109_6780
.com
[2026-03-21 19:55:10] Indexed: All products | Books to Scrape - Sandbox (310 words, 73 links)
[2026-03-21 19:55:11] Indexed: Womens Fiction | 
     Books to Scrape - Sandbox (274 words, 69 links)
[2026-03-21 19:55:12] Indexed: Suspense | 
     Books to Scrape - Sandbox (110 words, 53 links)
[2026-03-21 19:55:13] Indexed: Politics | 
     Books to Scrape - Sandbox (131 words, 55 links)
[2026-03-21 19:55:14] Indexed: Olio | Books to Scrape - Sandbox (381 words, 9 links)
[2026-03-21 19:55:14] Indexed: Novels | 
     Books to Scrape - Sandbox (110 words, 53 links)
[2026-03-21 19:55:15] Indexed: The Dirty Little Secrets of Getting Your Dream Job (438 words, 9 links)
[2026-03-21 19:55:15] Crawler pausing...
[2026-03-21 19:55:16] Indexed: Adult Fiction | 
     Books to Scrape - Sandbox (112 words, 53 links)
[2026-03-21 19:55:21] Crawler resuming...
[2026-03-21 19:55:22] Indexed: Young Adult | 
     Books to Scrape - Sandbox (313 words, 73 links)
[2026-03-21 19:55:23] Indexed: Thriller | 
     Books to Scrape - Sandbox (213 words, 63 links)
[2026-03-21 19:55:24] Indexed: Tipping the Velvet | Books to Scrape - Sandbox (251 words, 4 links)
[2026-03-21 19:55:25] Indexed: Science Fiction | 
     Books to Scrape - Sandbox (265 words, 68 links)
[2026-03-21 19:55:25] Indexed: All products | Books to Scrape - Sandbox (310 words, 73 links)
[2026-03-21 19:55:26] Indexed: The Black Maria | Books to Scrape - Sandbox (589 words, 9 links)
[2026-03-21 19:55:27] Indexed: Erotica | 
     Books to Scrape - Sandbox (108 words, 53 links)
[2026-03-21 19:55:27] Indexed: Travel | 
     Books to Scrape - Sandbox (218 words, 63 links)
[2026-03-21 19:55:28] Indexed: Spirituality | 
     Books to Scrape - Sandbox (162 words, 58 links)
[2026-03-21 19:55:29] Indexed: Shakespeare's Sonnets | Books to Scrape - Sandbox (279 words, 9 links)
[2026-03-21 19:55:30] Indexed: Academic | 
     Books to Scrape - Sandbox (110 words, 53 links)
[2026-03-21 19:55:30] Indexed: Historical | 
     Books to Scrape - Sandbox (121 words, 54 links)
[2026-03-21 19:55:31] Indexed: The Coming Woman: A Novel Based on the Life of the (719 words, 9 links)
[2026-03-21 19:55:32] Indexed: Music | 
     Books to Scrape - Sandbox (236 words, 65 links)
[2026-03-21 19:55:33] Indexed: Poetry | 
     Books to Scrape - Sandbox (294 words, 71 links)
[2026-03-21 19:55:33] Indexed: Crime | 
     Books to Scrape - Sandbox (110 words, 53 links)
[2026-03-21 19:55:34] Indexed: Health | 
     Books to Scrape - Sandbox (144 words, 56 links)
[2026-03-21 19:55:35] Indexed: Philosophy | 
     Books to Scrape - Sandbox (212 words, 63 links)
[2026-03-21 19:55:35] Crawler pausing...
[2026-03-21 19:55:39] Crawler resuming...
[2026-03-21 19:55:39] Indexed: Cultural | 
     Books to Scrape - Sandbox (109 words, 53 links)
[2026-03-21 19:55:40] Indexed: Paranormal | 
     Books to Scrape - Sandbox (109 words, 53 links)
[2026-03-21 19:55:41] Indexed: Fiction | 
     Books to Scrape - Sandbox (311 words, 73 links)
[2026-03-21 19:55:42] Indexed: Add a comment | 
     Books to Scrape - Sandbox (312 words, 73 links)
[2026-03-21 19:55:42] Indexed: Humor | 
     Books to Scrape - Sandbox (203 words, 62 links)
[2026-03-21 19:55:43] Indexed: New Adult | 
     Books to Scrape - Sandbox (162 words, 58 links)
[2026-03-21 19:55:44] Indexed: Psychology | 
     Books to Scrape - Sandbox (174 words, 59 links)
[2026-03-21 19:55:45] Indexed: Starving Hearts (Triangular Trade Trilogy, #1) | B (333 words, 9 links)
