[2026-03-21 19:43:01] Starting crawl from https://books.toscrape.com
[2026-03-21 19:43:01] Crawler started with ID: 1774111381_19140
[2026-03-21 19:43:02] Indexed: All products | Books to Scrape - Sandbox (310 words, 73 links)
[2026-03-21 19:43:03] Indexed: Biography | 
     Books to Scrape - Sandbox (154 words, 57 links)
[2026-03-21 19:43:04] Indexed: Classics | 
     Books to Scrape - Sandbox (290 words, 71 links)
[2026-03-21 19:43:05] Indexed: Womens Fiction | 
     Books to Scrape - Sandbox (274 words, 69 links)
[2026-03-21 19:43:06] Indexed: Science | 
     Books to Scrape - Sandbox (252 words, 66 links)
[2026-03-21 19:43:06] Indexed: Humor | 
     Books to Scrape - Sandbox (203 words, 62 links)
[2026-03-21 19:43:07] Indexed: Health | 
     Books to Scrape - Sandbox (144 words, 56 links)
[2026-03-21 19:43:08] Indexed: Politics | 
     Books to Scrape - Sandbox (131 words, 55 links)
[2026-03-21 19:43:09] Indexed: Historical | 
     Books to Scrape - Sandbox (121 words, 54 links)
[2026-03-21 19:43:09] Indexed: Soumission | Books to Scrape - Sandbox (259 words, 5 links)
[2026-03-21 19:43:10] Indexed: Music | 
     Books to Scrape - Sandbox (236 words, 65 links)
[2026-03-21 19:43:11] Indexed: Contemporary | 
     Books to Scrape - Sandbox (131 words, 55 links)
[2026-03-21 19:43:11] Crawler stopping...
[2026-03-21 19:43:12] Indexed: Novels | 
     Books to Scrape - Sandbox (110 words, 53 links)
[2026-03-21 19:43:12] Crawler stopped by user
[2026-03-21 19:43:12] Crawl finished. Stats: {'urls_visited': 13, 'urls_indexed': 13, 'words_indexed': 1648, 'errors': 0, 'start_time': '2026-03-21 19:43:01', 'end_time': '2026-03-21 19:43:12'}
