[2026-03-21 19:52:04] Starting crawl from https://books.toscrape.com
[2026-03-21 19:52:04] Crawler started with ID: 1774111924_7436
[2026-03-21 19:52:05] Indexed: All products | Books to Scrape - Sandbox (310 words, 73 links)
[2026-03-21 19:52:06] Indexed: Thriller | 
     Books to Scrape - Sandbox (213 words, 63 links)
[2026-03-21 19:52:07] Indexed: The Black Maria | Books to Scrape - Sandbox (589 words, 9 links)
[2026-03-21 19:52:08] Indexed: All products | Books to Scrape - Sandbox (310 words, 73 links)
[2026-03-21 19:52:08] Indexed: Health | 
     Books to Scrape - Sandbox (144 words, 56 links)
[2026-03-21 19:52:09] Indexed: Classics | 
     Books to Scrape - Sandbox (290 words, 71 links)
[2026-03-21 19:52:10] Indexed: Starving Hearts (Triangular Trade Trilogy, #1) | B (333 words, 9 links)
[2026-03-21 19:52:11] Indexed: Sports and Games | 
     Books to Scrape - Sandbox (156 words, 57 links)
[2026-03-21 19:52:12] Indexed: History | 
     Books to Scrape - Sandbox (293 words, 70 links)
[2026-03-21 19:52:12] Indexed: Contemporary | 
     Books to Scrape - Sandbox (131 words, 55 links)
[2026-03-21 19:52:13] Indexed: Add a comment | 
     Books to Scrape - Sandbox (312 words, 73 links)
[2026-03-21 19:52:14] Indexed: Historical | 
     Books to Scrape - Sandbox (121 words, 54 links)
[2026-03-21 19:52:15] Indexed: A Light in the Attic | Books to Scrape - Sandbox (240 words, 3 links)
[2026-03-21 19:52:15] Indexed: Romance | 
     Books to Scrape - Sandbox (319 words, 73 links)
[2026-03-21 19:52:16] Indexed: Olio | Books to Scrape - Sandbox (381 words, 9 links)
[2026-03-21 19:52:17] Indexed: Fiction | 
     Books to Scrape - Sandbox (311 words, 73 links)
[2026-03-21 19:52:18] Indexed: Childrens | 
     Books to Scrape - Sandbox (310 words, 73 links)
[2026-03-21 19:52:18] Indexed: The Requiem Red | Books to Scrape - Sandbox (294 words, 8 links)
[2026-03-21 19:52:19] Indexed: Academic | 
     Books to Scrape - Sandbox (110 words, 53 links)
[2026-03-21 19:52:20] Indexed: The Boys in the Boat: Nine Americans and Their Epi (498 words, 9 links)
[2026-03-21 19:52:21] Indexed: Horror | 
     Books to Scrape - Sandbox (264 words, 69 links)
[2026-03-21 19:52:21] Crawler pausing...
[2026-03-21 19:52:22] Indexed: All products | Books to Scrape - Sandbox (317 words, 74 links)
[2026-03-21 19:52:26] Crawler resuming...
[2026-03-21 19:52:27] Indexed: Mystery | 
     Books to Scrape - Sandbox (315 words, 73 links)
[2026-03-21 19:52:27] Indexed: Scott Pilgrim's Precious Little Life (Scott Pilgri (291 words, 9 links)
[2026-03-21 19:52:28] Indexed: Libertarianism for Beginners | Books to Scrape - S (331 words, 9 links)
[2026-03-21 19:52:29] Indexed: Sequential Art | 
     Books to Scrape - Sandbox (306 words, 73 links)
[2026-03-21 19:52:30] Indexed: Soumission | Books to Scrape - Sandbox (259 words, 5 links)
[2026-03-21 19:52:30] Indexed: Parenting | 
     Books to Scrape - Sandbox (110 words, 53 links)
[2026-03-21 19:52:31] Indexed: Womens Fiction | 
     Books to Scrape - Sandbox (274 words, 69 links)
[2026-03-21 19:52:32] Indexed: The Dirty Little Secrets of Getting Your Dream Job (438 words, 9 links)
[2026-03-21 19:52:33] Indexed: Set Me Free | Books to Scrape - Sandbox (267 words, 9 links)
[2026-03-21 19:52:33] Indexed: Biography | 
     Books to Scrape - Sandbox (154 words, 57 links)
[2026-03-21 19:52:33] Crawler pausing...
[2026-03-21 19:52:35] Crawler resuming...
[2026-03-21 19:52:36] Indexed: Music | 
     Books to Scrape - Sandbox (236 words, 65 links)
[2026-03-21 19:52:37] Indexed: Psychology | 
     Books to Scrape - Sandbox (174 words, 59 links)
[2026-03-21 19:52:37] Indexed: Spirituality | 
     Books to Scrape - Sandbox (162 words, 58 links)
[2026-03-21 19:52:38] Indexed: Politics | 
     Books to Scrape - Sandbox (131 words, 55 links)
[2026-03-21 19:52:39] Indexed: Suspense | 
     Books to Scrape - Sandbox (110 words, 53 links)
[2026-03-21 19:52:39] Indexed: The Coming Woman: A Novel Based on the Life of the (719 words, 9 links)
[2026-03-21 19:52:40] Indexed: Shakespeare's Sonnets | Books to Scrape - Sandbox (279 words, 9 links)
[2026-03-21 19:52:40] Crawler stopping...
[2026-03-21 19:52:41] Indexed: Our Band Could Be Your Life: Scenes from the Ameri (330 words, 9 links)
[2026-03-21 19:52:41] Crawler stopped by user
[2026-03-21 19:52:41] Crawl finished. Stats: {'urls_visited': 40, 'urls_indexed': 40, 'words_indexed': 6232, 'errors': 0, 'start_time': '2026-03-21 19:52:04', 'end_time': '2026-03-21 19:52:41'}
